[12:44:36] 模块: week1-2 | 批次数: 4 | 输出: /home/thesumst/.cursor/worktrees/ai__SSH__wsl_/zodi/notebooklm-raw/week1-2/runs/20260616-124436
[12:44:36] 同步认证…
[12:44:36] 认证 OK
[12:44:36] 选定 Notebook: 505bdb1c-0034-4e14-89df-0b14bf3fc723
[12:44:40] --- batch 1/4: [L0] L0-positioning ---
[12:44:40] 清空会话上下文 (notebooklm clear)
[12:44:41] 提问 (298 字, nlm_timeout=120s)…
[12:45:30] 完成 L0-positioning (49.0s)
[12:45:30] 等待 8.0s…
[12:45:38] --- batch 2/4: [L1+L2] L1L2-week1-overview ---
[12:45:38] 清空会话上下文 (notebooklm clear)
[12:45:38] 提问 (251 字, nlm_timeout=120s)…
[12:46:33] 完成 L1L2-week1-overview (55.0s)
[12:46:33] 等待 8.0s…
[12:46:41] --- batch 3/4: [L1+L2] L1L2-week2-perceptron-mlp ---
[12:46:41] 清空会话上下文 (notebooklm clear)
[12:46:41] 提问 (409 字, nlm_timeout=120s)…
[12:47:42] 完成 L1L2-week2-perceptron-mlp (61.0s)
[12:47:42] 等待 8.0s…
[12:47:50] --- batch 4/4: [L3+L4] L3L4-deep-dive ---
[12:47:50] 清空会话上下文 (notebooklm clear)
[12:47:50] 提问 (376 字, nlm_timeout=120s)…
[12:48:52] 完成 L3L4-deep-dive (62.1s)
[12:48:52] 采集结束: status=completed | ok=4 skipped=0 failed=0/4 | 重试 0 次 | 耗时 255.75s
