[13:17:09] 模块: week12 | 批次数: 14 | 输出: /home/thesumst/.cursor/worktrees/ai__SSH__wsl_/zodi/notebooklm-raw/week12/runs/20260616-131709
[13:17:09] 同步认证…
[13:17:10] 认证 OK
[13:17:10] 选定 Notebook: 505bdb1c-0034-4e14-89df-0b14bf3fc723
[13:17:12] --- batch 1/14: [L0] L0-positioning ---
[13:17:12] 清空会话上下文 (notebooklm clear)
[13:17:12] 提问 (115 字, nlm_timeout=120s)…
[13:17:55] 完成 L0-positioning (42.0s)
[13:17:55] 等待 8.0s…
[13:18:03] --- batch 2/14: [L1] w12-attention-intuition ---
[13:18:03] 清空会话上下文 (notebooklm clear)
[13:18:03] 提问 (110 字, nlm_timeout=120s)…
[13:18:47] 完成 w12-attention-intuition (44.5s)
[13:18:47] 等待 8.0s…
[13:18:55] --- batch 3/14: [L2] w12-self-attention ---
[13:18:55] 清空会话上下文 (notebooklm clear)
[13:18:55] 提问 (105 字, nlm_timeout=120s)…
[13:19:51] 完成 w12-self-attention (56.0s)
[13:19:51] 等待 8.0s…
[13:19:59] --- batch 4/14: [L2] w12-transformer-encoder ---
[13:19:59] 清空会话上下文 (notebooklm clear)
[13:19:59] 提问 (118 字, nlm_timeout=120s)…
[13:20:54] 完成 w12-transformer-encoder (55.0s)
[13:20:54] 等待 8.0s…
[13:21:02] --- batch 5/14: [L2] w12-transformer-decoder ---
[13:21:02] 清空会话上下文 (notebooklm clear)
[13:21:03] 提问 (103 字, nlm_timeout=120s)…
[13:21:45] 完成 w12-transformer-decoder (42.7s)
[13:21:45] 等待 8.0s…
[13:21:53] --- batch 6/14: [L2] w12-pretrain-paradigms ---
[13:21:53] 清空会话上下文 (notebooklm clear)
[13:21:53] 提问 (93 字, nlm_timeout=120s)…
[13:22:37] 完成 w12-pretrain-paradigms (43.4s)
[13:22:37] 等待 8.0s…
[13:22:45] --- batch 7/14: [L1+L2] w12-gpt-wins ---
[13:22:45] 清空会话上下文 (notebooklm clear)
[13:22:45] 提问 (92 字, nlm_timeout=120s)…
[13:23:22] 完成 w12-gpt-wins (37.4s)
[13:23:22] 等待 8.0s…
[13:23:30] --- batch 8/14: [L2] w12-gen-unified ---
[13:23:30] 清空会话上下文 (notebooklm clear)
[13:23:31] 提问 (81 字, nlm_timeout=120s)…
[13:24:16] 完成 w12-gen-unified (45.4s)
[13:24:16] 等待 8.0s…
[13:24:24] --- batch 9/14: [L4] w12-bridge-symbolic ---
[13:24:24] 清空会话上下文 (notebooklm clear)
[13:24:24] 提问 (65 字, nlm_timeout=120s)…
[13:25:05] 完成 w12-bridge-symbolic (40.8s)
[13:25:05] 等待 8.0s…
[13:25:13] --- batch 10/14: [L4] w12-bridge-w56 ---
[13:25:13] 清空会话上下文 (notebooklm clear)
[13:25:13] 提问 (74 字, nlm_timeout=120s)…
[13:25:59] 完成 w12-bridge-w56 (45.6s)
[13:25:59] 等待 8.0s…
[13:26:07] --- batch 11/14: [L4] w12-bridge-w13 ---
[13:26:07] 清空会话上下文 (notebooklm clear)
[13:26:07] 提问 (63 字, nlm_timeout=120s)…
[13:26:50] 完成 w12-bridge-w13 (43.6s)
[13:26:50] 等待 8.0s…
[13:26:58] --- batch 12/14: [L4] w12-pj2 ---
[13:26:58] 清空会话上下文 (notebooklm clear)
[13:26:58] 提问 (92 字, nlm_timeout=120s)…
[13:27:42] 完成 w12-pj2 (43.7s)
[13:27:42] 等待 8.0s…
[13:27:50] --- batch 13/14: [L3] w12-mistakes ---
[13:27:50] 清空会话上下文 (notebooklm clear)
[13:27:50] 提问 (94 字, nlm_timeout=120s)…
[13:28:37] 完成 w12-mistakes (46.4s)
[13:28:37] 等待 8.0s…
[13:28:45] --- batch 14/14: [L4] w12-study-order ---
[13:28:45] 清空会话上下文 (notebooklm clear)
[13:28:45] 提问 (47 字, nlm_timeout=120s)…
[13:29:39] 完成 w12-study-order (54.0s)
[13:29:39] 采集结束: status=completed | ok=14 skipped=0 failed=0/14 | 重试 0 次 | 耗时 749.46s
