[17:09:05] 模块: ppt06 | 批次数: 5 | 输出: /home/thesumst/development/ai/notebooklm-raw/ppt06/runs/20260619-170905
[17:09:05] 同步认证…
[17:09:06] 认证 OK
[17:09:06] 选定 Notebook: 505bdb1c-0034-4e14-89df-0b14bf3fc723
[17:09:08] --- batch 1/5: [L2] ppt06-partA-approximation ---
[17:09:08] 清空会话上下文 (notebooklm clear)
[17:09:08] 提问 (178 字, nlm_timeout=120s)…
[17:09:53] 完成 ppt06-partA-approximation (44.6s)
[17:09:53] 等待 6.0s…
[17:09:59] --- batch 2/5: [L2] ppt06-partB-indiscernibility ---
[17:09:59] 清空会话上下文 (notebooklm clear)
[17:09:59] 提问 (86 字, nlm_timeout=120s)…
[17:10:43] 完成 ppt06-partB-indiscernibility (43.7s)
[17:10:43] 等待 6.0s…
[17:10:49] --- batch 3/5: [L2+L3] ppt06-partC-reduct ---
[17:10:49] 清空会话上下文 (notebooklm clear)
[17:10:49] 提问 (109 字, nlm_timeout=120s)…
[17:11:40] 完成 ppt06-partC-reduct (50.8s)
[17:11:40] 等待 6.0s…
[17:11:46] --- batch 4/5: [L2] ppt06-partD-application ---
[17:11:46] 清空会话上下文 (notebooklm clear)
[17:11:46] 提问 (89 字, nlm_timeout=120s)…
[17:12:31] 完成 ppt06-partD-application (45.4s)
[17:12:31] 等待 6.0s…
[17:12:37] --- batch 5/5: [L3] ppt06-mistakes ---
[17:12:37] 清空会话上下文 (notebooklm clear)
[17:12:37] 提问 (54 字, nlm_timeout=120s)…
[17:13:24] 完成 ppt06-mistakes (46.2s)
[17:13:24] 采集结束: status=completed | ok=5 skipped=0 failed=0/5 | 重试 0 次 | 耗时 258.92s
