[16:10:00] 模块: ppt | 批次数: 10 | 输出: /home/thesumst/development/ai/notebooklm-raw/ppt/runs/20260619-161000
[16:10:00] 同步认证…
[16:10:01] 认证 OK
[16:10:01] 选定 Notebook: 505bdb1c-0034-4e14-89df-0b14bf3fc723
[16:10:05] --- batch 1/10: [L0] ppt01-structure ---
[16:10:05] 清空会话上下文 (notebooklm clear)
[16:10:05] 提问 (394 字, nlm_timeout=120s)…
[16:10:54] 完成 ppt01-structure (49.2s)
[16:10:54] 等待 8.0s…
[16:11:02] --- batch 2/10: [L0] ppt02-structure ---
[16:11:02] 清空会话上下文 (notebooklm clear)
[16:11:02] 提问 (279 字, nlm_timeout=120s)…
[16:11:49] 完成 ppt02-structure (47.4s)
[16:11:49] 等待 8.0s…
[16:11:57] --- batch 3/10: [L0] ppt03-structure ---
[16:11:57] 清空会话上下文 (notebooklm clear)
[16:11:57] 提问 (301 字, nlm_timeout=120s)…
[16:12:52] 完成 ppt03-structure (54.6s)
[16:12:52] 等待 8.0s…
[16:13:00] --- batch 4/10: [L0] ppt04-structure ---
[16:13:00] 清空会话上下文 (notebooklm clear)
[16:13:00] 提问 (258 字, nlm_timeout=120s)…
[16:13:59] 完成 ppt04-structure (59.3s)
[16:13:59] 等待 8.0s…
[16:14:07] --- batch 5/10: [L0] ppt05-structure ---
[16:14:07] 清空会话上下文 (notebooklm clear)
[16:14:08] 提问 (264 字, nlm_timeout=120s)…
[16:14:52] 完成 ppt05-structure (44.4s)
[16:14:52] 等待 8.0s…
[16:15:00] --- batch 6/10: [L0] ppt06-structure ---
[16:15:00] 清空会话上下文 (notebooklm clear)
[16:15:00] 提问 (210 字, nlm_timeout=120s)…
[16:15:46] 完成 ppt06-structure (45.6s)
[16:15:46] 等待 8.0s…
[16:15:54] --- batch 7/10: [L0] ppt07-structure ---
[16:15:54] 清空会话上下文 (notebooklm clear)
[16:15:54] 提问 (272 字, nlm_timeout=120s)…
[16:16:40] 完成 ppt07-structure (46.2s)
[16:16:40] 等待 8.0s…
[16:16:48] --- batch 8/10: [L0] ppt08-structure ---
[16:16:48] 清空会话上下文 (notebooklm clear)
[16:16:48] 提问 (291 字, nlm_timeout=120s)…
[16:17:48] 完成 ppt08-structure (59.7s)
[16:17:48] 等待 8.0s…
[16:17:56] --- batch 9/10: [L0] ppt09-structure ---
[16:17:56] 清空会话上下文 (notebooklm clear)
[16:17:56] 提问 (301 字, nlm_timeout=120s)…
[16:18:57] 完成 ppt09-structure (61.3s)
[16:18:57] 等待 8.0s…
[16:19:05] --- batch 10/10: [L0] ppt10-structure ---
[16:19:05] 清空会话上下文 (notebooklm clear)
[16:19:06] 提问 (219 字, nlm_timeout=120s)…
[16:19:53] 完成 ppt10-structure (47.1s)
[16:19:53] 采集结束: status=completed | ok=10 skipped=0 failed=0/10 | 重试 0 次 | 耗时 593.01s
