[17:13:24] 模块: ppt08 | 批次数: 7 | 输出: /home/thesumst/development/ai/notebooklm-raw/ppt08/runs/20260619-171324
[17:13:24] 同步认证…
[17:13:25] 认证 OK
[17:13:25] 选定 Notebook: 505bdb1c-0034-4e14-89df-0b14bf3fc723
[17:13:27] --- batch 1/7: [L1] ppt08-part1-intro ---
[17:13:27] 清空会话上下文 (notebooklm clear)
[17:13:28] 提问 (101 字, nlm_timeout=120s)…
[17:14:26] 完成 ppt08-part1-intro (58.2s)
[17:14:26] 等待 6.0s…
[17:14:32] --- batch 2/7: [L2] ppt08-part2-activation-gd ---
[17:14:32] 清空会话上下文 (notebooklm clear)
[17:14:32] 提问 (125 字, nlm_timeout=120s)…
[17:15:31] 完成 ppt08-part2-activation-gd (59.1s)
[17:15:31] 等待 6.0s…
[17:15:37] --- batch 3/7: [L2+L3] ppt08-part3-bp ---
[17:15:37] 清空会话上下文 (notebooklm clear)
[17:15:37] 提问 (232 字, nlm_timeout=120s)…
[17:16:34] 完成 ppt08-part3-bp (56.5s)
[17:16:34] 等待 6.0s…
[17:16:40] --- batch 4/7: [L3] ppt08-part4-xor ---
[17:16:40] 清空会话上下文 (notebooklm clear)
[17:16:40] 提问 (87 字, nlm_timeout=120s)…
[17:17:27] 完成 ppt08-part4-xor (46.9s)
[17:17:27] 等待 6.0s…
[17:17:33] --- batch 5/7: [L2] ppt08-part5-competitive ---
[17:17:33] 清空会话上下文 (notebooklm clear)
[17:17:33] 提问 (102 字, nlm_timeout=120s)…
[17:17:41] 尝试 1 失败 [unknown]: Connection failed calling GET_NOTEBOOK: 
[17:17:41] 重试 1/3，等待 15s…
[17:17:56] 提问 (102 字, nlm_timeout=120s)…
[17:18:03] 尝试 2 失败 [unknown]: Connection failed calling GET_NOTEBOOK: 
[17:18:03] 重试 2/3，等待 30s…
[17:18:33] 提问 (102 字, nlm_timeout=120s)…
[17:19:12] 完成 ppt08-part5-competitive (98.8s, 重试 2 次)
[17:19:12] 等待 6.0s…
[17:19:18] --- batch 6/7: [L1] ppt08-part6-summary ---
[17:19:18] 清空会话上下文 (notebooklm clear)
[17:19:18] 提问 (58 字, nlm_timeout=120s)…
[17:19:57] 完成 ppt08-part6-summary (39.2s)
[17:19:57] 等待 6.0s…
[17:20:03] --- batch 7/7: [L3] ppt08-mistakes ---
[17:20:03] 清空会话上下文 (notebooklm clear)
[17:20:03] 提问 (86 字, nlm_timeout=120s)…
[17:20:48] 完成 ppt08-mistakes (44.5s)
[17:20:48] 采集结束: status=completed | ok=7 skipped=0 failed=0/7 | 重试 2 次 | 耗时 443.86s
