[13:29:39] 模块: week13-14 | 批次数: 19 | 输出: /home/thesumst/.cursor/worktrees/ai__SSH__wsl_/zodi/notebooklm-raw/week13-14/runs/20260616-132939
[13:29:39] 同步认证…
[13:29:39] 认证 OK
[13:29:39] 选定 Notebook: 505bdb1c-0034-4e14-89df-0b14bf3fc723
[13:29:43] --- batch 1/19: [L0] L0-positioning ---
[13:29:43] 清空会话上下文 (notebooklm clear)
[13:29:43] 提问 (118 字, nlm_timeout=120s)…
[13:30:18] 完成 L0-positioning (35.0s)
[13:30:18] 等待 8.0s…
[13:30:26] --- batch 2/19: [L4] w13-exam-info ---
[13:30:26] 清空会话上下文 (notebooklm clear)
[13:30:26] 提问 (81 字, nlm_timeout=120s)…
[13:31:00] 完成 w13-exam-info (34.1s)
[13:31:00] 等待 8.0s…
[13:31:08] --- batch 3/19: [L2] w13-bayes-framework ---
[13:31:08] 清空会话上下文 (notebooklm clear)
[13:31:08] 提问 (92 字, nlm_timeout=120s)…
[13:32:00] 完成 w13-bayes-framework (52.5s)
[13:32:00] 等待 8.0s…
[13:32:08] --- batch 4/19: [L2] w13-gmm-conjugate ---
[13:32:08] 清空会话上下文 (notebooklm clear)
[13:32:09] 提问 (69 字, nlm_timeout=120s)…
[13:32:53] 完成 w13-gmm-conjugate (44.0s)
[13:32:53] 等待 8.0s…
[13:33:01] --- batch 5/19: [L2] w13-certainty-factor ---
[13:33:01] 清空会话上下文 (notebooklm clear)
[13:33:01] 提问 (106 字, nlm_timeout=120s)…
[13:33:39] 完成 w13-certainty-factor (38.1s)
[13:33:39] 等待 8.0s…
[13:33:47] --- batch 6/19: [L3] w13-cf-numeric ---
[13:33:47] 清空会话上下文 (notebooklm clear)
[13:33:47] 提问 (86 字, nlm_timeout=120s)…
[13:34:51] 完成 w13-cf-numeric (63.5s)
[13:34:51] 等待 8.0s…
[13:34:59] --- batch 7/19: [L2] w13-markov-pagerank ---
[13:34:59] 清空会话上下文 (notebooklm clear)
[13:34:59] 提问 (71 字, nlm_timeout=120s)…
[13:35:38] 完成 w13-markov-pagerank (39.4s)
[13:35:38] 等待 8.0s…
[13:35:46] --- batch 8/19: [L1+L2] w13-fuzzy-logic ---
[13:35:46] 清空会话上下文 (notebooklm clear)
[13:35:46] 提问 (75 字, nlm_timeout=120s)…
[13:37:12] 完成 w13-fuzzy-logic (85.7s)
[13:37:12] 等待 8.0s…
[13:37:20] --- batch 9/19: [L4] w13-symbolic-vs-dl ---
[13:37:20] 清空会话上下文 (notebooklm clear)
[13:37:20] 提问 (78 字, nlm_timeout=120s)…
[13:38:04] 完成 w13-symbolic-vs-dl (44.2s)
[13:38:04] 等待 8.0s…
[13:38:12] --- batch 10/19: [L2] w14-propositional ---
[13:38:12] 清空会话上下文 (notebooklm clear)
[13:38:12] 提问 (79 字, nlm_timeout=120s)…
[13:38:58] 完成 w14-propositional (45.5s)
[13:38:58] 等待 8.0s…
[13:39:06] --- batch 11/19: [L2] w14-fol ---
[13:39:06] 清空会话上下文 (notebooklm clear)
[13:39:06] 提问 (75 字, nlm_timeout=120s)…
[13:39:57] 完成 w14-fol (50.9s)
[13:39:57] 等待 8.0s…
[13:40:05] --- batch 12/19: [L2] w14-entailment ---
[13:40:05] 清空会话上下文 (notebooklm clear)
[13:40:05] 提问 (68 字, nlm_timeout=120s)…
[13:40:51] 完成 w14-entailment (45.5s)
[13:40:51] 等待 8.0s…
[13:40:59] --- batch 13/19: [L2] w14-resolution ---
[13:40:59] 清空会话上下文 (notebooklm clear)
[13:40:59] 提问 (96 字, nlm_timeout=120s)…
[13:42:04] 完成 w14-resolution (65.7s)
[13:42:04] 等待 8.0s…
[13:42:12] --- batch 14/19: [L3] w14-exam-pipeline ---
[13:42:12] 清空会话上下文 (notebooklm clear)
[13:42:13] 提问 (89 字, nlm_timeout=120s)…
[13:42:56] 完成 w14-exam-pipeline (43.9s)
[13:42:56] 等待 8.0s…
[13:43:04] --- batch 15/19: [L2] w14-prolog ---
[13:43:04] 清空会话上下文 (notebooklm clear)
[13:43:05] 提问 (95 字, nlm_timeout=120s)…
[13:44:59] 完成 w14-prolog (114.3s)
[13:44:59] 等待 8.0s…
[13:45:07] --- batch 16/19: [L4] w1314-bridge-w12 ---
[13:45:07] 清空会话上下文 (notebooklm clear)
[13:45:07] 提问 (58 字, nlm_timeout=120s)…
[13:45:53] 完成 w1314-bridge-w12 (45.7s)
[13:45:53] 等待 8.0s…
[13:46:01] --- batch 17/19: [L4] w1314-bridge-w15 ---
[13:46:01] 清空会话上下文 (notebooklm clear)
[13:46:01] 提问 (77 字, nlm_timeout=120s)…
[13:47:51] 完成 w1314-bridge-w15 (109.8s)
[13:47:51] 等待 8.0s…
[13:47:59] --- batch 18/19: [L3] w1314-mistakes ---
[13:47:59] 清空会话上下文 (notebooklm clear)
[13:47:59] 提问 (76 字, nlm_timeout=120s)…
[13:48:49] 完成 w1314-mistakes (50.2s)
[13:48:49] 等待 8.0s…
[13:48:57] --- batch 19/19: [L4] w1314-study-order ---
[13:48:57] 清空会话上下文 (notebooklm clear)
[13:48:57] 提问 (58 字, nlm_timeout=120s)…
[13:49:37] 完成 w1314-study-order (39.5s)
[13:49:37] 采集结束: status=completed | ok=19 skipped=0 failed=0/19 | 重试 0 次 | 耗时 1197.69s
