[17:20:48] 模块: ppt09 | 批次数: 8 | 输出: /home/thesumst/development/ai/notebooklm-raw/ppt09/runs/20260619-172048
[17:20:48] 同步认证…
[17:20:49] 认证 OK
[17:20:49] 选定 Notebook: 505bdb1c-0034-4e14-89df-0b14bf3fc723
[17:20:52] --- batch 1/8: [L1+L2] ppt09-partI-representation ---
[17:20:52] 清空会话上下文 (notebooklm clear)
[17:20:52] 提问 (123 字, nlm_timeout=120s)…
[17:21:33] 完成 ppt09-partI-representation (41.4s)
[17:21:33] 等待 6.0s…
[17:21:39] --- batch 2/8: [L2] ppt09-partII-cnn ---
[17:21:39] 清空会话上下文 (notebooklm clear)
[17:21:39] 提问 (150 字, nlm_timeout=120s)…
[17:22:27] 完成 ppt09-partII-cnn (47.6s)
[17:22:27] 等待 6.0s…
[17:22:33] --- batch 3/8: [L2] ppt09-partIII-sequence ---
[17:22:33] 清空会话上下文 (notebooklm clear)
[17:22:33] 提问 (148 字, nlm_timeout=120s)…
[17:23:18] 完成 ppt09-partIII-sequence (44.5s)
[17:23:18] 等待 6.0s…
[17:23:24] --- batch 4/8: [L2] ppt09-partIV-rnn ---
[17:23:24] 清空会话上下文 (notebooklm clear)
[17:23:24] 提问 (91 字, nlm_timeout=120s)…
[17:24:13] 完成 ppt09-partIV-rnn (49.3s)
[17:24:13] 等待 6.0s…
[17:24:19] --- batch 5/8: [L1] ppt09-partV-gan ---
[17:24:19] 清空会话上下文 (notebooklm clear)
[17:24:19] 提问 (81 字, nlm_timeout=120s)…
[17:25:11] 完成 ppt09-partV-gan (51.9s)
[17:25:11] 等待 6.0s…
[17:25:17] --- batch 6/8: [L2] ppt09-partVI-optimization ---
[17:25:17] 清空会话上下文 (notebooklm clear)
[17:25:17] 提问 (146 字, nlm_timeout=120s)…
[17:26:04] 完成 ppt09-partVI-optimization (46.9s)
[17:26:04] 等待 6.0s…
[17:26:10] --- batch 7/8: [L2] ppt09-supplement-transformer ---
[17:26:10] 清空会话上下文 (notebooklm clear)
[17:26:10] 提问 (141 字, nlm_timeout=120s)…
[17:26:49] 完成 ppt09-supplement-transformer (38.4s)
[17:26:49] 等待 6.0s…
[17:26:55] --- batch 8/8: [L3] ppt09-mistakes ---
[17:26:55] 清空会话上下文 (notebooklm clear)
[17:26:55] 提问 (96 字, nlm_timeout=120s)…
[17:27:42] 完成 ppt09-mistakes (47.5s)
[17:27:42] 采集结束: status=completed | ok=8 skipped=0 failed=0/8 | 重试 0 次 | 耗时 414.46s
