=== 2026-06-19T16:55:44+08:00 collect-deep start ===
[new] ppt01-deep
[16:55:44] 模块: ppt01 | 批次数: 3 | 输出: /home/thesumst/development/ai/notebooklm-raw/ppt01/runs/20260619-165544
[16:55:44] 同步认证…
[16:55:45] 认证 OK
[16:55:45] 选定 Notebook: 505bdb1c-0034-4e14-89df-0b14bf3fc723
[16:55:48] --- batch 1/3: [L1+L2] ppt01-partA-logic ---
[16:55:48] 清空会话上下文 (notebooklm clear)
[16:55:48] 提问 (239 字, nlm_timeout=120s)…
=== 2026-06-19T16:58:24+08:00 collect-deep start ===
=== 2026-06-19T16:58:24+08:00 collect-deep start ===
[skip] ppt01-deep already completed at /home/thesumst/development/ai/notebooklm-raw/ppt01/runs/20260619-164631
[skip] ppt01-deep already completed at /home/thesumst/development/ai/notebooklm-raw/ppt01/runs/20260619-164631
[new] ppt02-deep
[new] ppt02-deep
[16:58:25] 模块: ppt02 | 批次数: 6 | 输出: /home/thesumst/development/ai/notebooklm-raw/ppt02/runs/20260619-165825
[16:58:25] 模块: ppt02 | 批次数: 6 | 输出: /home/thesumst/development/ai/notebooklm-raw/ppt02/runs/20260619-165825
[16:58:25] 同步认证…
[16:58:25] 同步认证…
[16:58:27] 认证 OK
[16:58:27] 认证 OK
[16:58:27] 选定 Notebook: 505bdb1c-0034-4e14-89df-0b14bf3fc723
[16:58:27] 选定 Notebook: 505bdb1c-0034-4e14-89df-0b14bf3fc723
[16:58:30] --- batch 1/6: [L1+L2] ppt02-partA-kr-basics ---
[16:58:30] --- batch 1/6: [L1+L2] ppt02-partA-kr-basics ---
[16:58:30] 清空会话上下文 (notebooklm clear)
[16:58:30] 清空会话上下文 (notebooklm clear)
[16:58:30] 提问 (200 字, nlm_timeout=120s)…
[16:58:30] 提问 (200 字, nlm_timeout=120s)…
[16:59:31] 完成 ppt02-partA-kr-basics (61.0s)
[16:59:31] 完成 ppt02-partA-kr-basics (61.0s)
[16:59:31] 等待 6.0s…
[16:59:31] 等待 6.0s…
[16:59:37] --- batch 2/6: [L1+L2] ppt02-partB-semantic ---
[16:59:37] --- batch 2/6: [L1+L2] ppt02-partB-semantic ---
[16:59:37] 清空会话上下文 (notebooklm clear)
[16:59:37] 清空会话上下文 (notebooklm clear)
[16:59:37] 提问 (182 字, nlm_timeout=120s)…
[16:59:37] 提问 (182 字, nlm_timeout=120s)…
[17:00:24] 完成 ppt02-partB-semantic (46.2s)
[17:00:24] 完成 ppt02-partB-semantic (46.2s)
[17:00:24] 等待 6.0s…
[17:00:24] 等待 6.0s…
[17:00:30] --- batch 3/6: [L2] ppt02-partC-frames ---
[17:00:30] --- batch 3/6: [L2] ppt02-partC-frames ---
[17:00:30] 清空会话上下文 (notebooklm clear)
[17:00:30] 清空会话上下文 (notebooklm clear)
[17:00:30] 提问 (148 字, nlm_timeout=120s)…
[17:00:30] 提问 (148 字, nlm_timeout=120s)…
[17:01:16] 完成 ppt02-partC-frames (46.2s)
[17:01:16] 完成 ppt02-partC-frames (46.2s)
[17:01:16] 等待 6.0s…
[17:01:16] 等待 6.0s…
[17:01:22] --- batch 4/6: [L2+L3] ppt02-partD-conceptual-graph ---
[17:01:22] --- batch 4/6: [L2+L3] ppt02-partD-conceptual-graph ---
[17:01:22] 清空会话上下文 (notebooklm clear)
[17:01:22] 清空会话上下文 (notebooklm clear)
[17:01:22] 提问 (196 字, nlm_timeout=120s)…
[17:01:22] 提问 (196 字, nlm_timeout=120s)…
[17:02:09] 完成 ppt02-partD-conceptual-graph (46.6s)
[17:02:09] 完成 ppt02-partD-conceptual-graph (46.6s)
[17:02:09] 等待 6.0s…
[17:02:09] 等待 6.0s…
[17:02:15] --- batch 5/6: [L1] ppt02-partE-overview ---
[17:02:15] 清空会话上下文 (notebooklm clear)
[17:02:15] --- batch 5/6: [L1] ppt02-partE-overview ---
[17:02:15] 清空会话上下文 (notebooklm clear)
[17:02:15] 提问 (92 字, nlm_timeout=120s)…
[17:02:15] 提问 (92 字, nlm_timeout=120s)…
[17:02:57] 完成 ppt02-partE-overview (42.5s)
[17:02:57] 完成 ppt02-partE-overview (42.5s)
[17:02:57] 等待 6.0s…
[17:02:57] 等待 6.0s…
[17:03:03] --- batch 6/6: [L3] ppt02-mistakes ---
[17:03:03] --- batch 6/6: [L3] ppt02-mistakes ---
[17:03:03] 清空会话上下文 (notebooklm clear)
[17:03:03] 清空会话上下文 (notebooklm clear)
[17:03:03] 提问 (87 字, nlm_timeout=120s)…
[17:03:03] 提问 (87 字, nlm_timeout=120s)…
[17:03:59] 完成 ppt02-mistakes (55.5s)
[17:03:59] 完成 ppt02-mistakes (55.5s)
[17:03:59] 采集结束: status=completed | ok=6 skipped=0 failed=0/6 | 重试 0 次 | 耗时 334.38s
[17:03:59] 采集结束: status=completed | ok=6 skipped=0 failed=0/6 | 重试 0 次 | 耗时 334.38s
[new] ppt04-deep
[new] ppt04-deep
[17:03:59] 模块: ppt04 | 批次数: 6 | 输出: /home/thesumst/development/ai/notebooklm-raw/ppt04/runs/20260619-170359
[17:03:59] 模块: ppt04 | 批次数: 6 | 输出: /home/thesumst/development/ai/notebooklm-raw/ppt04/runs/20260619-170359
[17:03:59] 同步认证…
[17:03:59] 同步认证…
[17:04:00] 认证 OK
[17:04:00] 认证 OK
[17:04:00] 选定 Notebook: 505bdb1c-0034-4e14-89df-0b14bf3fc723
[17:04:00] 选定 Notebook: 505bdb1c-0034-4e14-89df-0b14bf3fc723
[17:04:03] --- batch 1/6: [L1+L2] ppt04-partA-representation ---
[17:04:03] --- batch 1/6: [L1+L2] ppt04-partA-representation ---
[17:04:03] 清空会话上下文 (notebooklm clear)
[17:04:03] 清空会话上下文 (notebooklm clear)
[17:04:03] 提问 (115 字, nlm_timeout=120s)…
[17:04:03] 提问 (115 字, nlm_timeout=120s)…
[17:04:52] 完成 ppt04-partA-representation (49.4s)
[17:04:52] 完成 ppt04-partA-representation (49.4s)
[17:04:52] 等待 6.0s…
[17:04:52] 等待 6.0s…
[17:04:58] --- batch 2/6: [L2] ppt04-partB-entropy ---
[17:04:58] --- batch 2/6: [L2] ppt04-partB-entropy ---
[17:04:58] 清空会话上下文 (notebooklm clear)
[17:04:58] 清空会话上下文 (notebooklm clear)
[17:04:59] 提问 (154 字, nlm_timeout=120s)…
[17:04:59] 提问 (154 字, nlm_timeout=120s)…
[17:05:44] 完成 ppt04-partB-entropy (45.8s)
[17:05:44] 完成 ppt04-partB-entropy (45.8s)
[17:05:44] 等待 6.0s…
[17:05:44] 等待 6.0s…
[17:05:50] --- batch 3/6: [L2+L3] ppt04-partC-gain ---
[17:05:50] --- batch 3/6: [L2+L3] ppt04-partC-gain ---
[17:05:50] 清空会话上下文 (notebooklm clear)
[17:05:50] 清空会话上下文 (notebooklm clear)
[17:05:51] 提问 (179 字, nlm_timeout=120s)…
[17:05:51] 提问 (179 字, nlm_timeout=120s)…
[17:06:33] 完成 ppt04-partC-gain (42.7s)
[17:06:33] 完成 ppt04-partC-gain (42.7s)
[17:06:33] 等待 6.0s…
[17:06:33] 等待 6.0s…
[17:06:39] --- batch 4/6: [L2] ppt04-partD-induction ---
[17:06:39] --- batch 4/6: [L2] ppt04-partD-induction ---
[17:06:39] 清空会话上下文 (notebooklm clear)
[17:06:39] 清空会话上下文 (notebooklm clear)
[17:06:39] 提问 (98 字, nlm_timeout=120s)…
[17:06:39] 提问 (98 字, nlm_timeout=120s)…
[17:07:21] 完成 ppt04-partD-induction (41.8s)
[17:07:21] 完成 ppt04-partD-induction (41.8s)
[17:07:21] 等待 6.0s…
[17:07:21] 等待 6.0s…
[17:07:27] --- batch 5/6: [L1] ppt04-partE-application ---
[17:07:27] --- batch 5/6: [L1] ppt04-partE-application ---
[17:07:27] 清空会话上下文 (notebooklm clear)
[17:07:27] 清空会话上下文 (notebooklm clear)
[17:07:27] 提问 (64 字, nlm_timeout=120s)…
[17:07:27] 提问 (64 字, nlm_timeout=120s)…
[17:08:06] 完成 ppt04-partE-application (38.4s)
[17:08:06] 完成 ppt04-partE-application (38.4s)
[17:08:06] 等待 6.0s…
[17:08:06] 等待 6.0s…
[17:08:12] --- batch 6/6: [L3] ppt04-mistakes ---
[17:08:12] --- batch 6/6: [L3] ppt04-mistakes ---
[17:08:12] 清空会话上下文 (notebooklm clear)
[17:08:12] 清空会话上下文 (notebooklm clear)
[17:08:12] 提问 (72 字, nlm_timeout=120s)…
[17:08:12] 提问 (72 字, nlm_timeout=120s)…
[17:09:05] 完成 ppt04-mistakes (52.7s)
[17:09:05] 完成 ppt04-mistakes (52.7s)
[17:09:05] 采集结束: status=completed | ok=6 skipped=0 failed=0/6 | 重试 0 次 | 耗时 305.61s
[17:09:05] 采集结束: status=completed | ok=6 skipped=0 failed=0/6 | 重试 0 次 | 耗时 305.61s
[new] ppt06-deep
[new] ppt06-deep
[17:09:05] 模块: ppt06 | 批次数: 5 | 输出: /home/thesumst/development/ai/notebooklm-raw/ppt06/runs/20260619-170905
[17:09:05] 模块: ppt06 | 批次数: 5 | 输出: /home/thesumst/development/ai/notebooklm-raw/ppt06/runs/20260619-170905
[17:09:05] 同步认证…
[17:09:05] 同步认证…
[17:09:06] 认证 OK
[17:09:06] 认证 OK
[17:09:06] 选定 Notebook: 505bdb1c-0034-4e14-89df-0b14bf3fc723
[17:09:06] 选定 Notebook: 505bdb1c-0034-4e14-89df-0b14bf3fc723
[17:09:08] --- batch 1/5: [L2] ppt06-partA-approximation ---
[17:09:08] --- batch 1/5: [L2] ppt06-partA-approximation ---
[17:09:08] 清空会话上下文 (notebooklm clear)
[17:09:08] 清空会话上下文 (notebooklm clear)
[17:09:08] 提问 (178 字, nlm_timeout=120s)…
[17:09:08] 提问 (178 字, nlm_timeout=120s)…
[17:09:53] 完成 ppt06-partA-approximation (44.6s)
[17:09:53] 完成 ppt06-partA-approximation (44.6s)
[17:09:53] 等待 6.0s…
[17:09:53] 等待 6.0s…
[17:09:59] --- batch 2/5: [L2] ppt06-partB-indiscernibility ---
[17:09:59] --- batch 2/5: [L2] ppt06-partB-indiscernibility ---
[17:09:59] 清空会话上下文 (notebooklm clear)
[17:09:59] 清空会话上下文 (notebooklm clear)
[17:09:59] 提问 (86 字, nlm_timeout=120s)…
[17:09:59] 提问 (86 字, nlm_timeout=120s)…
[17:10:43] 完成 ppt06-partB-indiscernibility (43.7s)
[17:10:43] 完成 ppt06-partB-indiscernibility (43.7s)
[17:10:43] 等待 6.0s…
[17:10:43] 等待 6.0s…
[17:10:49] --- batch 3/5: [L2+L3] ppt06-partC-reduct ---
[17:10:49] --- batch 3/5: [L2+L3] ppt06-partC-reduct ---
[17:10:49] 清空会话上下文 (notebooklm clear)
[17:10:49] 清空会话上下文 (notebooklm clear)
[17:10:49] 提问 (109 字, nlm_timeout=120s)…
[17:10:49] 提问 (109 字, nlm_timeout=120s)…
[17:11:40] 完成 ppt06-partC-reduct (50.8s)
[17:11:40] 完成 ppt06-partC-reduct (50.8s)
[17:11:40] 等待 6.0s…
[17:11:40] 等待 6.0s…
[17:11:46] --- batch 4/5: [L2] ppt06-partD-application ---
[17:11:46] --- batch 4/5: [L2] ppt06-partD-application ---
[17:11:46] 清空会话上下文 (notebooklm clear)
[17:11:46] 清空会话上下文 (notebooklm clear)
[17:11:46] 提问 (89 字, nlm_timeout=120s)…
[17:11:46] 提问 (89 字, nlm_timeout=120s)…
[17:12:31] 完成 ppt06-partD-application (45.4s)
[17:12:31] 完成 ppt06-partD-application (45.4s)
[17:12:31] 等待 6.0s…
[17:12:31] 等待 6.0s…
[17:12:37] --- batch 5/5: [L3] ppt06-mistakes ---
[17:12:37] --- batch 5/5: [L3] ppt06-mistakes ---
[17:12:37] 清空会话上下文 (notebooklm clear)
[17:12:37] 清空会话上下文 (notebooklm clear)
[17:12:37] 提问 (54 字, nlm_timeout=120s)…
[17:12:37] 提问 (54 字, nlm_timeout=120s)…
[17:13:24] 完成 ppt06-mistakes (46.2s)
[17:13:24] 完成 ppt06-mistakes (46.2s)
[17:13:24] 采集结束: status=completed | ok=5 skipped=0 failed=0/5 | 重试 0 次 | 耗时 258.92s
[17:13:24] 采集结束: status=completed | ok=5 skipped=0 failed=0/5 | 重试 0 次 | 耗时 258.92s
[new] ppt08-deep
[new] ppt08-deep
[17:13:24] 模块: ppt08 | 批次数: 7 | 输出: /home/thesumst/development/ai/notebooklm-raw/ppt08/runs/20260619-171324
[17:13:24] 模块: ppt08 | 批次数: 7 | 输出: /home/thesumst/development/ai/notebooklm-raw/ppt08/runs/20260619-171324
[17:13:24] 同步认证…
[17:13:24] 同步认证…
[17:13:25] 认证 OK
[17:13:25] 认证 OK
[17:13:25] 选定 Notebook: 505bdb1c-0034-4e14-89df-0b14bf3fc723
[17:13:25] 选定 Notebook: 505bdb1c-0034-4e14-89df-0b14bf3fc723
[17:13:27] --- batch 1/7: [L1] ppt08-part1-intro ---
[17:13:27] --- batch 1/7: [L1] ppt08-part1-intro ---
[17:13:27] 清空会话上下文 (notebooklm clear)
[17:13:27] 清空会话上下文 (notebooklm clear)
[17:13:28] 提问 (101 字, nlm_timeout=120s)…
[17:13:28] 提问 (101 字, nlm_timeout=120s)…
[17:14:26] 完成 ppt08-part1-intro (58.2s)
[17:14:26] 完成 ppt08-part1-intro (58.2s)
[17:14:26] 等待 6.0s…
[17:14:26] 等待 6.0s…
[17:14:32] --- batch 2/7: [L2] ppt08-part2-activation-gd ---
[17:14:32] --- batch 2/7: [L2] ppt08-part2-activation-gd ---
[17:14:32] 清空会话上下文 (notebooklm clear)
[17:14:32] 清空会话上下文 (notebooklm clear)
[17:14:32] 提问 (125 字, nlm_timeout=120s)…
[17:14:32] 提问 (125 字, nlm_timeout=120s)…
[17:15:31] 完成 ppt08-part2-activation-gd (59.1s)
[17:15:31] 完成 ppt08-part2-activation-gd (59.1s)
[17:15:31] 等待 6.0s…
[17:15:31] 等待 6.0s…
[17:15:37] --- batch 3/7: [L2+L3] ppt08-part3-bp ---
[17:15:37] 清空会话上下文 (notebooklm clear)
[17:15:37] --- batch 3/7: [L2+L3] ppt08-part3-bp ---
[17:15:37] 清空会话上下文 (notebooklm clear)
[17:15:37] 提问 (232 字, nlm_timeout=120s)…
[17:15:37] 提问 (232 字, nlm_timeout=120s)…
[17:16:34] 完成 ppt08-part3-bp (56.5s)
[17:16:34] 完成 ppt08-part3-bp (56.5s)
[17:16:34] 等待 6.0s…
[17:16:34] 等待 6.0s…
[17:16:40] --- batch 4/7: [L3] ppt08-part4-xor ---
[17:16:40] --- batch 4/7: [L3] ppt08-part4-xor ---
[17:16:40] 清空会话上下文 (notebooklm clear)
[17:16:40] 清空会话上下文 (notebooklm clear)
[17:16:40] 提问 (87 字, nlm_timeout=120s)…
[17:16:40] 提问 (87 字, nlm_timeout=120s)…
[17:17:27] 完成 ppt08-part4-xor (46.9s)
[17:17:27] 完成 ppt08-part4-xor (46.9s)
[17:17:27] 等待 6.0s…
[17:17:27] 等待 6.0s…
[17:17:33] --- batch 5/7: [L2] ppt08-part5-competitive ---
[17:17:33] --- batch 5/7: [L2] ppt08-part5-competitive ---
[17:17:33] 清空会话上下文 (notebooklm clear)
[17:17:33] 清空会话上下文 (notebooklm clear)
[17:17:33] 提问 (102 字, nlm_timeout=120s)…
[17:17:33] 提问 (102 字, nlm_timeout=120s)…
17:17:41 ERROR [notebooklm._core] RPC GET_NOTEBOOK failed after 5.052s: 
17:17:41 ERROR [notebooklm._core] RPC GET_NOTEBOOK failed after 5.052s: 
[17:17:41] 尝试 1 失败 [unknown]: Connection failed calling GET_NOTEBOOK: 
[17:17:41] 尝试 1 失败 [unknown]: Connection failed calling GET_NOTEBOOK: 
[17:17:41] 重试 1/3，等待 15s…
[17:17:41] 重试 1/3，等待 15s…
[17:17:56] 提问 (102 字, nlm_timeout=120s)…
[17:17:56] 提问 (102 字, nlm_timeout=120s)…
17:18:03 ERROR [notebooklm._core] RPC GET_NOTEBOOK failed after 5.042s: 
17:18:03 ERROR [notebooklm._core] RPC GET_NOTEBOOK failed after 5.042s: 
[17:18:03] 尝试 2 失败 [unknown]: Connection failed calling GET_NOTEBOOK: 
[17:18:03] 尝试 2 失败 [unknown]: Connection failed calling GET_NOTEBOOK: 
[17:18:03] 重试 2/3，等待 30s…
[17:18:03] 重试 2/3，等待 30s…
[17:18:33] 提问 (102 字, nlm_timeout=120s)…
[17:18:33] 提问 (102 字, nlm_timeout=120s)…
[17:19:12] 完成 ppt08-part5-competitive (98.8s, 重试 2 次)
[17:19:12] 完成 ppt08-part5-competitive (98.8s, 重试 2 次)
[17:19:12] 等待 6.0s…
[17:19:12] 等待 6.0s…
[17:19:18] --- batch 6/7: [L1] ppt08-part6-summary ---
[17:19:18] --- batch 6/7: [L1] ppt08-part6-summary ---
[17:19:18] 清空会话上下文 (notebooklm clear)
[17:19:18] 清空会话上下文 (notebooklm clear)
[17:19:18] 提问 (58 字, nlm_timeout=120s)…
[17:19:18] 提问 (58 字, nlm_timeout=120s)…
[17:19:57] 完成 ppt08-part6-summary (39.2s)
[17:19:57] 完成 ppt08-part6-summary (39.2s)
[17:19:57] 等待 6.0s…
[17:19:57] 等待 6.0s…
[17:20:03] --- batch 7/7: [L3] ppt08-mistakes ---
[17:20:03] --- batch 7/7: [L3] ppt08-mistakes ---
[17:20:03] 清空会话上下文 (notebooklm clear)
[17:20:03] 清空会话上下文 (notebooklm clear)
[17:20:03] 提问 (86 字, nlm_timeout=120s)…
[17:20:03] 提问 (86 字, nlm_timeout=120s)…
[17:20:48] 完成 ppt08-mistakes (44.5s)
[17:20:48] 完成 ppt08-mistakes (44.5s)
[17:20:48] 采集结束: status=completed | ok=7 skipped=0 failed=0/7 | 重试 2 次 | 耗时 443.86s
[17:20:48] 采集结束: status=completed | ok=7 skipped=0 failed=0/7 | 重试 2 次 | 耗时 443.86s
[new] ppt09-deep
[new] ppt09-deep
[17:20:48] 模块: ppt09 | 批次数: 8 | 输出: /home/thesumst/development/ai/notebooklm-raw/ppt09/runs/20260619-172048
[17:20:48] 模块: ppt09 | 批次数: 8 | 输出: /home/thesumst/development/ai/notebooklm-raw/ppt09/runs/20260619-172048
[17:20:48] 同步认证…
[17:20:48] 同步认证…
[17:20:49] 认证 OK
[17:20:49] 选定 Notebook: 505bdb1c-0034-4e14-89df-0b14bf3fc723
[17:20:49] 认证 OK
[17:20:49] 选定 Notebook: 505bdb1c-0034-4e14-89df-0b14bf3fc723
[17:20:52] --- batch 1/8: [L1+L2] ppt09-partI-representation ---
[17:20:52] --- batch 1/8: [L1+L2] ppt09-partI-representation ---
[17:20:52] 清空会话上下文 (notebooklm clear)
[17:20:52] 清空会话上下文 (notebooklm clear)
[17:20:52] 提问 (123 字, nlm_timeout=120s)…
[17:20:52] 提问 (123 字, nlm_timeout=120s)…
[17:21:33] 完成 ppt09-partI-representation (41.4s)
[17:21:33] 完成 ppt09-partI-representation (41.4s)
[17:21:33] 等待 6.0s…
[17:21:33] 等待 6.0s…
[17:21:39] --- batch 2/8: [L2] ppt09-partII-cnn ---
[17:21:39] --- batch 2/8: [L2] ppt09-partII-cnn ---
[17:21:39] 清空会话上下文 (notebooklm clear)
[17:21:39] 清空会话上下文 (notebooklm clear)
[17:21:39] 提问 (150 字, nlm_timeout=120s)…
[17:21:39] 提问 (150 字, nlm_timeout=120s)…
[17:22:27] 完成 ppt09-partII-cnn (47.6s)
[17:22:27] 完成 ppt09-partII-cnn (47.6s)
[17:22:27] 等待 6.0s…
[17:22:27] 等待 6.0s…
[17:22:33] --- batch 3/8: [L2] ppt09-partIII-sequence ---
[17:22:33] --- batch 3/8: [L2] ppt09-partIII-sequence ---
[17:22:33] 清空会话上下文 (notebooklm clear)
[17:22:33] 清空会话上下文 (notebooklm clear)
[17:22:33] 提问 (148 字, nlm_timeout=120s)…
[17:22:33] 提问 (148 字, nlm_timeout=120s)…
[17:23:18] 完成 ppt09-partIII-sequence (44.5s)
[17:23:18] 完成 ppt09-partIII-sequence (44.5s)
[17:23:18] 等待 6.0s…
[17:23:18] 等待 6.0s…
[17:23:24] --- batch 4/8: [L2] ppt09-partIV-rnn ---
[17:23:24] --- batch 4/8: [L2] ppt09-partIV-rnn ---
[17:23:24] 清空会话上下文 (notebooklm clear)
[17:23:24] 清空会话上下文 (notebooklm clear)
[17:23:24] 提问 (91 字, nlm_timeout=120s)…
[17:23:24] 提问 (91 字, nlm_timeout=120s)…
[17:24:13] 完成 ppt09-partIV-rnn (49.3s)
[17:24:13] 完成 ppt09-partIV-rnn (49.3s)
[17:24:13] 等待 6.0s…
[17:24:13] 等待 6.0s…
[17:24:19] --- batch 5/8: [L1] ppt09-partV-gan ---
[17:24:19] --- batch 5/8: [L1] ppt09-partV-gan ---
[17:24:19] 清空会话上下文 (notebooklm clear)
[17:24:19] 清空会话上下文 (notebooklm clear)
[17:24:19] 提问 (81 字, nlm_timeout=120s)…
[17:24:19] 提问 (81 字, nlm_timeout=120s)…
[17:25:11] 完成 ppt09-partV-gan (51.9s)
[17:25:11] 完成 ppt09-partV-gan (51.9s)
[17:25:11] 等待 6.0s…
[17:25:11] 等待 6.0s…
[17:25:17] --- batch 6/8: [L2] ppt09-partVI-optimization ---
[17:25:17] 清空会话上下文 (notebooklm clear)
[17:25:17] --- batch 6/8: [L2] ppt09-partVI-optimization ---
[17:25:17] 清空会话上下文 (notebooklm clear)
[17:25:17] 提问 (146 字, nlm_timeout=120s)…
[17:25:17] 提问 (146 字, nlm_timeout=120s)…
[17:26:04] 完成 ppt09-partVI-optimization (46.9s)
[17:26:04] 完成 ppt09-partVI-optimization (46.9s)
[17:26:04] 等待 6.0s…
[17:26:04] 等待 6.0s…
[17:26:10] --- batch 7/8: [L2] ppt09-supplement-transformer ---
[17:26:10] --- batch 7/8: [L2] ppt09-supplement-transformer ---
[17:26:10] 清空会话上下文 (notebooklm clear)
[17:26:10] 清空会话上下文 (notebooklm clear)
[17:26:10] 提问 (141 字, nlm_timeout=120s)…
[17:26:10] 提问 (141 字, nlm_timeout=120s)…
[17:26:49] 完成 ppt09-supplement-transformer (38.4s)
[17:26:49] 完成 ppt09-supplement-transformer (38.4s)
[17:26:49] 等待 6.0s…
[17:26:49] 等待 6.0s…
[17:26:55] --- batch 8/8: [L3] ppt09-mistakes ---
[17:26:55] --- batch 8/8: [L3] ppt09-mistakes ---
[17:26:55] 清空会话上下文 (notebooklm clear)
[17:26:55] 清空会话上下文 (notebooklm clear)
[17:26:55] 提问 (96 字, nlm_timeout=120s)…
[17:26:55] 提问 (96 字, nlm_timeout=120s)…
[17:27:42] 完成 ppt09-mistakes (47.5s)
[17:27:42] 完成 ppt09-mistakes (47.5s)
[17:27:42] 采集结束: status=completed | ok=8 skipped=0 failed=0/8 | 重试 0 次 | 耗时 414.46s
[17:27:42] 采集结束: status=completed | ok=8 skipped=0 failed=0/8 | 重试 0 次 | 耗时 414.46s
[new] ppt10-deep
[new] ppt10-deep
[17:27:42] 模块: ppt10 | 批次数: 6 | 输出: /home/thesumst/development/ai/notebooklm-raw/ppt10/runs/20260619-172742
[17:27:42] 模块: ppt10 | 批次数: 6 | 输出: /home/thesumst/development/ai/notebooklm-raw/ppt10/runs/20260619-172742
[17:27:42] 同步认证…
[17:27:42] 同步认证…
[17:27:44] 认证 OK
[17:27:44] 认证 OK
[17:27:44] 选定 Notebook: 505bdb1c-0034-4e14-89df-0b14bf3fc723
[17:27:44] 选定 Notebook: 505bdb1c-0034-4e14-89df-0b14bf3fc723
[17:27:46] --- batch 1/6: [L1+L2] ppt10-part1-encoding ---
[17:27:46] --- batch 1/6: [L1+L2] ppt10-part1-encoding ---
[17:27:46] 清空会话上下文 (notebooklm clear)
[17:27:46] 清空会话上下文 (notebooklm clear)
[17:27:46] 提问 (116 字, nlm_timeout=120s)…
[17:27:46] 提问 (116 字, nlm_timeout=120s)…
[17:28:27] 完成 ppt10-part1-encoding (40.9s)
[17:28:27] 完成 ppt10-part1-encoding (40.9s)
[17:28:27] 等待 6.0s…
[17:28:27] 等待 6.0s…
[17:28:33] --- batch 2/6: [L2] ppt10-part2-fitness ---
[17:28:33] --- batch 2/6: [L2] ppt10-part2-fitness ---
[17:28:33] 清空会话上下文 (notebooklm clear)
[17:28:33] 清空会话上下文 (notebooklm clear)
[17:28:33] 提问 (77 字, nlm_timeout=120s)…
[17:28:33] 提问 (77 字, nlm_timeout=120s)…
[17:29:29] 完成 ppt10-part2-fitness (56.2s)
[17:29:29] 完成 ppt10-part2-fitness (56.2s)
[17:29:29] 等待 6.0s…
[17:29:29] 等待 6.0s…
[17:29:35] --- batch 3/6: [L2+L3] ppt10-part3-operators ---
[17:29:35] --- batch 3/6: [L2+L3] ppt10-part3-operators ---
[17:29:35] 清空会话上下文 (notebooklm clear)
[17:29:35] 清空会话上下文 (notebooklm clear)
[17:29:36] 提问 (146 字, nlm_timeout=120s)…
[17:29:36] 提问 (146 字, nlm_timeout=120s)…
[17:30:20] 完成 ppt10-part3-operators (44.9s)
[17:30:20] 完成 ppt10-part3-operators (44.9s)
[17:30:20] 等待 6.0s…
[17:30:20] 等待 6.0s…
[17:30:26] --- batch 4/6: [L2] ppt10-part4-applications ---
[17:30:26] --- batch 4/6: [L2] ppt10-part4-applications ---
[17:30:26] 清空会话上下文 (notebooklm clear)
[17:30:26] 清空会话上下文 (notebooklm clear)
[17:30:27] 提问 (65 字, nlm_timeout=120s)…
[17:30:27] 提问 (65 字, nlm_timeout=120s)…
[17:31:11] 完成 ppt10-part4-applications (44.5s)
[17:31:11] 完成 ppt10-part4-applications (44.5s)
[17:31:11] 等待 6.0s…
[17:31:11] 等待 6.0s…
[17:31:17] --- batch 5/6: [L2+L3] ppt10-part5-schema ---
[17:31:17] --- batch 5/6: [L2+L3] ppt10-part5-schema ---
[17:31:17] 清空会话上下文 (notebooklm clear)
[17:31:17] 清空会话上下文 (notebooklm clear)
[17:31:17] 提问 (192 字, nlm_timeout=120s)…
[17:31:17] 提问 (192 字, nlm_timeout=120s)…
[17:32:07] 完成 ppt10-part5-schema (49.9s)
[17:32:07] 完成 ppt10-part5-schema (49.9s)
[17:32:07] 等待 6.0s…
[17:32:07] 等待 6.0s…
[17:32:13] --- batch 6/6: [L3] ppt10-mistakes ---
[17:32:13] 清空会话上下文 (notebooklm clear)
[17:32:13] --- batch 6/6: [L3] ppt10-mistakes ---
[17:32:13] 清空会话上下文 (notebooklm clear)
[17:32:13] 提问 (67 字, nlm_timeout=120s)…
[17:32:13] 提问 (67 字, nlm_timeout=120s)…
[17:33:04] 完成 ppt10-mistakes (50.5s)
[17:33:04] 完成 ppt10-mistakes (50.5s)
[17:33:04] 采集结束: status=completed | ok=6 skipped=0 failed=0/6 | 重试 0 次 | 耗时 321.47s
[17:33:04] 采集结束: status=completed | ok=6 skipped=0 failed=0/6 | 重试 0 次 | 耗时 321.47s
=== 2026-06-19T17:33:04+08:00 collect-deep done ===
=== 2026-06-19T17:33:04+08:00 collect-deep done ===
