[13:02:29] 模块: week10 | 批次数: 16 | 输出: /home/thesumst/.cursor/worktrees/ai__SSH__wsl_/zodi/notebooklm-raw/week10/runs/20260616-130229
[13:02:29] 同步认证…
[13:02:29] 认证 OK
[13:02:29] 选定 Notebook: 505bdb1c-0034-4e14-89df-0b14bf3fc723
[13:02:32] --- batch 1/16: [L0] L0-positioning ---
[13:02:32] 清空会话上下文 (notebooklm clear)
[13:02:32] 提问 (121 字, nlm_timeout=120s)…
[13:03:10] 完成 L0-positioning (38.3s)
[13:03:10] 等待 8.0s…
[13:03:18] --- batch 2/16: [L1+L2] w10-optimizer-evolution ---
[13:03:18] 清空会话上下文 (notebooklm clear)
[13:03:19] 提问 (124 字, nlm_timeout=120s)…
[13:04:07] 完成 w10-optimizer-evolution (48.8s)
[13:04:07] 等待 8.0s…
[13:04:15] --- batch 3/16: [L2] w10-sgd-momentum ---
[13:04:15] 清空会话上下文 (notebooklm clear)
[13:04:15] 提问 (80 字, nlm_timeout=120s)…
[13:05:08] 完成 w10-sgd-momentum (52.5s)
[13:05:08] 等待 8.0s…
[13:05:16] --- batch 4/16: [L2] w10-adaptive ---
[13:05:16] 清空会话上下文 (notebooklm clear)
[13:05:16] 提问 (93 字, nlm_timeout=120s)…
[13:06:02] 完成 w10-adaptive (45.7s)
[13:06:02] 等待 8.0s…
[13:06:10] --- batch 5/16: [L2] w10-adamw ---
[13:06:10] 清空会话上下文 (notebooklm clear)
[13:06:10] 提问 (81 字, nlm_timeout=120s)…
[13:06:45] 完成 w10-adamw (35.4s)
[13:06:45] 等待 8.0s…
[13:06:53] --- batch 6/16: [L2] w10-preprocessing ---
[13:06:53] 清空会话上下文 (notebooklm clear)
[13:06:53] 提问 (93 字, nlm_timeout=120s)…
[13:07:43] 完成 w10-preprocessing (49.2s)
[13:07:43] 等待 8.0s…
[13:07:51] --- batch 7/16: [L2] w10-hessian-geometry ---
[13:07:51] 清空会话上下文 (notebooklm clear)
[13:07:51] 提问 (86 字, nlm_timeout=120s)…
[13:08:40] 完成 w10-hessian-geometry (48.9s)
[13:08:40] 等待 8.0s…
[13:08:48] --- batch 8/16: [L2] w10-init-xavier-he ---
[13:08:48] 清空会话上下文 (notebooklm clear)
[13:08:48] 提问 (77 字, nlm_timeout=120s)…
[13:09:36] 完成 w10-init-xavier-he (47.7s)
[13:09:36] 等待 8.0s…
[13:09:44] --- batch 9/16: [L2] w10-batch-norm ---
[13:09:44] 清空会话上下文 (notebooklm clear)
[13:09:44] 提问 (87 字, nlm_timeout=120s)…
[13:10:27] 完成 w10-batch-norm (43.6s)
[13:10:27] 等待 8.0s…
[13:10:35] --- batch 10/16: [L2] w10-layer-norm ---
[13:10:35] 清空会话上下文 (notebooklm clear)
[13:10:35] 提问 (100 字, nlm_timeout=120s)…
[13:11:26] 完成 w10-layer-norm (50.1s)
[13:11:26] 等待 8.0s…
[13:11:34] --- batch 11/16: [L2] w10-regularization ---
[13:11:34] 清空会话上下文 (notebooklm clear)
[13:11:34] 提问 (74 字, nlm_timeout=120s)…
[13:12:21] 完成 w10-regularization (47.6s)
[13:12:21] 等待 8.0s…
[13:12:29] --- batch 12/16: [L2] w10-hyperparams ---
[13:12:29] 清空会话上下文 (notebooklm clear)
[13:12:29] 提问 (78 字, nlm_timeout=120s)…
[13:13:08] 完成 w10-hyperparams (38.1s)
[13:13:08] 等待 8.0s…
[13:13:16] --- batch 13/16: [L4] w10-bridge-w8 ---
[13:13:16] 清空会话上下文 (notebooklm clear)
[13:13:16] 提问 (54 字, nlm_timeout=120s)…
[13:14:05] 完成 w10-bridge-w8 (49.8s)
[13:14:05] 等待 8.0s…
[13:14:13] --- batch 14/16: [L4] w10-bridge-w12 ---
[13:14:13] 清空会话上下文 (notebooklm clear)
[13:14:14] 提问 (75 字, nlm_timeout=120s)…
[13:14:56] 完成 w10-bridge-w12 (42.5s)
[13:14:56] 等待 8.0s…
[13:15:04] --- batch 15/16: [L3] w10-mistakes ---
[13:15:04] 清空会话上下文 (notebooklm clear)
[13:15:04] 提问 (80 字, nlm_timeout=120s)…
[13:16:04] 完成 w10-mistakes (60.1s)
[13:16:04] 等待 8.0s…
[13:16:12] --- batch 16/16: [L4] w10-study-order ---
[13:16:12] 清空会话上下文 (notebooklm clear)
[13:16:12] 提问 (47 字, nlm_timeout=120s)…
[13:17:09] 完成 w10-study-order (56.9s)
[13:17:09] 采集结束: status=completed | ok=16 skipped=0 failed=0/16 | 重试 0 次 | 耗时 880.33s
