[17:02:47] 模块: week5-6 | 批次数: 22 | 输出: /home/thesumst/development/ai/notebooklm-raw/week5-6/runs/20260610-170247
[17:02:47] 同步认证…
[17:02:47] 认证 OK
[17:02:47] 选定 Notebook: 505bdb1c
[17:02:51] --- batch 1/22: [L0] L0-positioning ---
[17:02:51] 清空会话上下文 (notebooklm clear)
[17:02:51] 提问 (162 字, nlm_timeout=120s)…
[17:02:54] 尝试 1 失败 [auth]: Authentication expired or invalid. Redirected to: https://accounts.google.com/v3/signin/identifier?continue=https%3A%2F%2Fnotebooklm.google.com%2Flogin%3Fcontinue%3Dhttps%3A%2F%2Fnotebooklm.google.com%2F&dsh=S1647546201%3A1781082170871588&followup=https%3A%2F%2Fnotebooklm.google.com%2Flogin%3Fcontinue%3Dhttps%3A%2F%2Fnotebooklm.google.com%2F&osid=1&passive=1209600&flowName=WebLiteSignIn&flowEntry=ServiceLogin&ifkv=AcDsRvwAWFOpl0gE3efTSuRYkruRqQU4H78Kau7EC7gYDJ0vxxltRX6WwHOiX34QXjdf2Vd33BHv
Run 'notebooklm login' to re-authenticate.
[17:02:54] 失败 L0-positioning (3.2s) [auth]: Authentication expired or invalid. Redirected to: https://accounts.google.com/v3/signin/identifier?continue=https%3A%2F%2Fnotebooklm.google.com%2Flogin%3Fcontinue%3Dhttps%3A%2F%2Fnotebooklm.google.com%2F&dsh=S1647546201%3A1781082170871588&followup=https%3A%2F%2Fnotebooklm.google.com%2Flogin%3Fcontinue%3Dhttps%3A%2F%2Fnotebooklm.google.com%2F&osid=1&passive=1209600&flowName=WebLiteSignIn&flowEntry=ServiceLogin&ifkv=AcDsRvwAWFOpl0gE3efTSuRYkruRqQU4H78Kau7EC7gYDJ0vxxltRX6WwHOiX34QXjdf2Vd33BHv
Run 'notebooklm login' to re-authenticate.
[17:02:54] --- batch 2/22: [L1] w5-seq-challenges ---
[17:02:54] 清空会话上下文 (notebooklm clear)
[17:02:54] 提问 (123 字, nlm_timeout=120s)…
[17:02:58] 尝试 1 失败 [auth]: Authentication expired or invalid. Redirected to: https://accounts.google.com/v3/signin/identifier?continue=https%3A%2F%2Fnotebooklm.google.com%2Flogin%3Fcontinue%3Dhttps%3A%2F%2Fnotebooklm.google.com%2F&dsh=S118492538%3A1781082173908772&followup=https%3A%2F%2Fnotebooklm.google.com%2Flogin%3Fcontinue%3Dhttps%3A%2F%2Fnotebooklm.google.com%2F&osid=1&passive=1209600&flowName=WebLiteSignIn&flowEntry=ServiceLogin&ifkv=AcDsRvyJdSvXSWqqnKfHdx2uhnbSg5sjoJsWxpQuK1-5GB-i7Re9SMiae0cTLeWpe9kZZUf-IOtj
Run 'notebooklm login' to re-authenticate.
[17:02:58] 失败 w5-seq-challenges (3.3s) [auth]: Authentication expired or invalid. Redirected to: https://accounts.google.com/v3/signin/identifier?continue=https%3A%2F%2Fnotebooklm.google.com%2Flogin%3Fcontinue%3Dhttps%3A%2F%2Fnotebooklm.google.com%2F&dsh=S118492538%3A1781082173908772&followup=https%3A%2F%2Fnotebooklm.google.com%2Flogin%3Fcontinue%3Dhttps%3A%2F%2Fnotebooklm.google.com%2F&osid=1&passive=1209600&flowName=WebLiteSignIn&flowEntry=ServiceLogin&ifkv=AcDsRvyJdSvXSWqqnKfHdx2uhnbSg5sjoJsWxpQuK1-5GB-i7Re9SMiae0cTLeWpe9kZZUf-IOtj
Run 'notebooklm login' to re-authenticate.
[17:02:58] --- batch 3/22: [L1+L2] w5-markov-hmm-intro ---
[17:02:58] 清空会话上下文 (notebooklm clear)
[17:02:55] 提问 (125 字, nlm_timeout=120s)…
[17:02:58] 尝试 1 失败 [auth]: Authentication expired or invalid. Redirected to: https://accounts.google.com/v3/signin/identifier?continue=https%3A%2F%2Fnotebooklm.google.com%2Flogin%3Fcontinue%3Dhttps%3A%2F%2Fnotebooklm.google.com%2F&dsh=S1545027738%3A1781082177181722&followup=https%3A%2F%2Fnotebooklm.google.com%2Flogin%3Fcontinue%3Dhttps%3A%2F%2Fnotebooklm.google.com%2F&osid=1&passive=1209600&flowName=WebLiteSignIn&flowEntry=ServiceLogin&ifkv=AcDsRvyY31j493gtRvXzXTwx6tngCBVtmPbkU6kZDUelR8xhhsOQvCHTOLYZqItk-RQGFsf9XYh6xQ
Run 'notebooklm login' to re-authenticate.
[17:02:58] 失败 w5-markov-hmm-intro (3.3s) [auth]: Authentication expired or invalid. Redirected to: https://accounts.google.com/v3/signin/identifier?continue=https%3A%2F%2Fnotebooklm.google.com%2Flogin%3Fcontinue%3Dhttps%3A%2F%2Fnotebooklm.google.com%2F&dsh=S1545027738%3A1781082177181722&followup=https%3A%2F%2Fnotebooklm.google.com%2Flogin%3Fcontinue%3Dhttps%3A%2F%2Fnotebooklm.google.com%2F&osid=1&passive=1209600&flowName=WebLiteSignIn&flowEntry=ServiceLogin&ifkv=AcDsRvyY31j493gtRvXzXTwx6tngCBVtmPbkU6kZDUelR8xhhsOQvCHTOLYZqItk-RQGFsf9XYh6xQ
Run 'notebooklm login' to re-authenticate.
[17:02:58] --- batch 4/22: [L2] w5-hmm-five-tuple ---
[17:02:58] 清空会话上下文 (notebooklm clear)
[17:02:58] 提问 (119 字, nlm_timeout=120s)…
[17:03:02] 尝试 1 失败 [auth]: Authentication expired or invalid. Redirected to: https://accounts.google.com/v3/signin/identifier?continue=https%3A%2F%2Fnotebooklm.google.com%2Flogin%3Fcontinue%3Dhttps%3A%2F%2Fnotebooklm.google.com%2F&dsh=S405926960%3A1781082180265602&followup=https%3A%2F%2Fnotebooklm.google.com%2Flogin%3Fcontinue%3Dhttps%3A%2F%2Fnotebooklm.google.com%2F&osid=1&passive=1209600&flowName=WebLiteSignIn&flowEntry=ServiceLogin&ifkv=AcDsRvx_QEzCRocSDHn_Xw5SgkLkYEFqTGxTt_4TKf5WUR0ujirOZ3sEAFuKj_EOpBNIjuvPhvexaA
Run 'notebooklm login' to re-authenticate.
[17:03:02] 失败 w5-hmm-five-tuple (3.3s) [auth]: Authentication expired or invalid. Redirected to: https://accounts.google.com/v3/signin/identifier?continue=https%3A%2F%2Fnotebooklm.google.com%2Flogin%3Fcontinue%3Dhttps%3A%2F%2Fnotebooklm.google.com%2F&dsh=S405926960%3A1781082180265602&followup=https%3A%2F%2Fnotebooklm.google.com%2Flogin%3Fcontinue%3Dhttps%3A%2F%2Fnotebooklm.google.com%2F&osid=1&passive=1209600&flowName=WebLiteSignIn&flowEntry=ServiceLogin&ifkv=AcDsRvx_QEzCRocSDHn_Xw5SgkLkYEFqTGxTt_4TKf5WUR0ujirOZ3sEAFuKj_EOpBNIjuvPhvexaA
Run 'notebooklm login' to re-authenticate.
[17:03:02] --- batch 5/22: [L2] w5-hmm-three-problems ---
[17:03:02] 清空会话上下文 (notebooklm clear)
[17:03:02] 提问 (179 字, nlm_timeout=120s)…
[17:03:05] 尝试 1 失败 [auth]: Authentication expired or invalid. Redirected to: https://accounts.google.com/v3/signin/identifier?continue=https%3A%2F%2Fnotebooklm.google.com%2Flogin%3Fcontinue%3Dhttps%3A%2F%2Fnotebooklm.google.com%2F&dsh=S-416241682%3A1781082183382943&followup=https%3A%2F%2Fnotebooklm.google.com%2Flogin%3Fcontinue%3Dhttps%3A%2F%2Fnotebooklm.google.com%2F&osid=1&passive=1209600&flowName=WebLiteSignIn&flowEntry=ServiceLogin&ifkv=AcDsRvwRAsOrneC6VHQIxCU14GxumQwew6jgF9PBcKHLKFDGs9VGkfgDpx-Fu0J8yCh5EsXdpRHcGA
Run 'notebooklm login' to re-authenticate.
[17:03:05] 失败 w5-hmm-three-problems (3.2s) [auth]: Authentication expired or invalid. Redirected to: https://accounts.google.com/v3/signin/identifier?continue=https%3A%2F%2Fnotebooklm.google.com%2Flogin%3Fcontinue%3Dhttps%3A%2F%2Fnotebooklm.google.com%2F&dsh=S-416241682%3A1781082183382943&followup=https%3A%2F%2Fnotebooklm.google.com%2Flogin%3Fcontinue%3Dhttps%3A%2F%2Fnotebooklm.google.com%2F&osid=1&passive=1209600&flowName=WebLiteSignIn&flowEntry=ServiceLogin&ifkv=AcDsRvwRAsOrneC6VHQIxCU14GxumQwew6jgF9PBcKHLKFDGs9VGkfgDpx-Fu0J8yCh5EsXdpRHcGA
Run 'notebooklm login' to re-authenticate.
[17:03:05] --- batch 6/22: [L2] w5-forward-algo ---
[17:03:05] 清空会话上下文 (notebooklm clear)
[17:03:05] 提问 (142 字, nlm_timeout=120s)…
[17:03:08] 尝试 1 失败 [auth]: Authentication expired or invalid. Redirected to: https://accounts.google.com/v3/signin/identifier?continue=https%3A%2F%2Fnotebooklm.google.com%2Flogin%3Fcontinue%3Dhttps%3A%2F%2Fnotebooklm.google.com%2F&dsh=S405926960%3A1781082186518650&followup=https%3A%2F%2Fnotebooklm.google.com%2Flogin%3Fcontinue%3Dhttps%3A%2F%2Fnotebooklm.google.com%2F&osid=1&passive=1209600&flowName=WebLiteSignIn&flowEntry=ServiceLogin&ifkv=AcDsRvz2hw0C5Oi6JoAO2dgjWdCGYlkZ8PdIyR_KVQYENb1AvCzEUgLoEn4TsMMiwHopBL_K9fK-xA
Run 'notebooklm login' to re-authenticate.
[17:03:08] 失败 w5-forward-algo (3.3s) [auth]: Authentication expired or invalid. Redirected to: https://accounts.google.com/v3/signin/identifier?continue=https%3A%2F%2Fnotebooklm.google.com%2Flogin%3Fcontinue%3Dhttps%3A%2F%2Fnotebooklm.google.com%2F&dsh=S405926960%3A1781082186518650&followup=https%3A%2F%2Fnotebooklm.google.com%2Flogin%3Fcontinue%3Dhttps%3A%2F%2Fnotebooklm.google.com%2F&osid=1&passive=1209600&flowName=WebLiteSignIn&flowEntry=ServiceLogin&ifkv=AcDsRvz2hw0C5Oi6JoAO2dgjWdCGYlkZ8PdIyR_KVQYENb1AvCzEUgLoEn4TsMMiwHopBL_K9fK-xA
Run 'notebooklm login' to re-authenticate.
[17:03:08] --- batch 7/22: [L2] w5-backward-algo ---
[17:03:08] 清空会话上下文 (notebooklm clear)
[17:03:09] 提问 (116 字, nlm_timeout=120s)…
[17:03:12] 尝试 1 失败 [auth]: Authentication expired or invalid. Redirected to: https://accounts.google.com/v3/signin/identifier?continue=https%3A%2F%2Fnotebooklm.google.com%2Flogin%3Fcontinue%3Dhttps%3A%2F%2Fnotebooklm.google.com%2F&dsh=S-1743338501%3A1781082189659598&followup=https%3A%2F%2Fnotebooklm.google.com%2Flogin%3Fcontinue%3Dhttps%3A%2F%2Fnotebooklm.google.com%2F&osid=1&passive=1209600&flowName=WebLiteSignIn&flowEntry=ServiceLogin&ifkv=AcDsRvwcPbnxmgNrX97v8TmI-Hmry7jV9QMn62JfjIRVgRG2auC75bfC2hKowk1NrqJVlMtVdYZQuw
Run 'notebooklm login' to re-authenticate.
[17:03:12] 失败 w5-backward-algo (3.2s) [auth]: Authentication expired or invalid. Redirected to: https://accounts.google.com/v3/signin/identifier?continue=https%3A%2F%2Fnotebooklm.google.com%2Flogin%3Fcontinue%3Dhttps%3A%2F%2Fnotebooklm.google.com%2F&dsh=S-1743338501%3A1781082189659598&followup=https%3A%2F%2Fnotebooklm.google.com%2Flogin%3Fcontinue%3Dhttps%3A%2F%2Fnotebooklm.google.com%2F&osid=1&passive=1209600&flowName=WebLiteSignIn&flowEntry=ServiceLogin&ifkv=AcDsRvwcPbnxmgNrX97v8TmI-Hmry7jV9QMn62JfjIRVgRG2auC75bfC2hKowk1NrqJVlMtVdYZQuw
Run 'notebooklm login' to re-authenticate.
[17:03:12] --- batch 8/22: [L2] w5-viterbi ---
[17:03:12] 清空会话上下文 (notebooklm clear)
[17:03:12] 提问 (148 字, nlm_timeout=120s)…
[17:03:15] 尝试 1 失败 [auth]: Authentication expired or invalid. Redirected to: https://accounts.google.com/v3/signin/identifier?continue=https%3A%2F%2Fnotebooklm.google.com%2Flogin%3Fcontinue%3Dhttps%3A%2F%2Fnotebooklm.google.com%2F&dsh=S-1743338501%3A1781082192848228&followup=https%3A%2F%2Fnotebooklm.google.com%2Flogin%3Fcontinue%3Dhttps%3A%2F%2Fnotebooklm.google.com%2F&osid=1&passive=1209600&flowName=WebLiteSignIn&flowEntry=ServiceLogin&ifkv=AcDsRvxO8PEoSWd0YtKtfD8Qjtu20CJxJ6SrZgOd462eZXidXISdmx_mVTw1u33bUY4OSnx6rCYa
Run 'notebooklm login' to re-authenticate.
[17:03:15] 失败 w5-viterbi (3.4s) [auth]: Authentication expired or invalid. Redirected to: https://accounts.google.com/v3/signin/identifier?continue=https%3A%2F%2Fnotebooklm.google.com%2Flogin%3Fcontinue%3Dhttps%3A%2F%2Fnotebooklm.google.com%2F&dsh=S-1743338501%3A1781082192848228&followup=https%3A%2F%2Fnotebooklm.google.com%2Flogin%3Fcontinue%3Dhttps%3A%2F%2Fnotebooklm.google.com%2F&osid=1&passive=1209600&flowName=WebLiteSignIn&flowEntry=ServiceLogin&ifkv=AcDsRvxO8PEoSWd0YtKtfD8Qjtu20CJxJ6SrZgOd462eZXidXISdmx_mVTw1u33bUY4OSnx6rCYa
Run 'notebooklm login' to re-authenticate.
[17:03:15] --- batch 9/22: [L2] w5-baum-welch ---
[17:03:15] 清空会话上下文 (notebooklm clear)
[17:03:16] 提问 (156 字, nlm_timeout=120s)…
[17:03:26] 尝试 1 失败 [unknown]: 
[17:03:26] 重试 1/3，等待 15s…
[17:03:38] 提问 (156 字, nlm_timeout=120s)…
[17:03:42] 尝试 2 失败 [auth]: Authentication expired or invalid. Redirected to: https://accounts.google.com/v3/signin/identifier?continue=https%3A%2F%2Fnotebooklm.google.com%2Flogin%3Fcontinue%3Dhttps%3A%2F%2Fnotebooklm.google.com%2F&dsh=S1714169362%3A1781082219554021&followup=https%3A%2F%2Fnotebooklm.google.com%2Flogin%3Fcontinue%3Dhttps%3A%2F%2Fnotebooklm.google.com%2F&osid=1&passive=1209600&flowName=WebLiteSignIn&flowEntry=ServiceLogin&ifkv=AcDsRvzBNP7xM_yNeJGEQz2LMVu7AF6cbpswlE_z2-66mliOLJr3Pdgds_pI9Vo9RKIkGKYgeiyBaA
Run 'notebooklm login' to re-authenticate.
[17:03:42] 失败 w5-baum-welch (26.1s) [auth]: Authentication expired or invalid. Redirected to: https://accounts.google.com/v3/signin/identifier?continue=https%3A%2F%2Fnotebooklm.google.com%2Flogin%3Fcontinue%3Dhttps%3A%2F%2Fnotebooklm.google.com%2F&dsh=S1714169362%3A1781082219554021&followup=https%3A%2F%2Fnotebooklm.google.com%2Flogin%3Fcontinue%3Dhttps%3A%2F%2Fnotebooklm.google.com%2F&osid=1&passive=1209600&flowName=WebLiteSignIn&flowEntry=ServiceLogin&ifkv=AcDsRvzBNP7xM_yNeJGEQz2LMVu7AF6cbpswlE_z2-66mliOLJr3Pdgds_pI9Vo9RKIkGKYgeiyBaA
Run 'notebooklm login' to re-authenticate.
[17:03:42] --- batch 10/22: [L3] w5-forward-numeric ---
[17:03:42] 清空会话上下文 (notebooklm clear)
[17:03:42] 提问 (112 字, nlm_timeout=120s)…
[17:03:47] 尝试 1 失败 [unknown]: 
[17:03:47] 重试 1/3，等待 15s…
[17:03:59] 提问 (112 字, nlm_timeout=120s)…
[17:04:03] 尝试 2 失败 [auth]: Authentication expired or invalid. Redirected to: https://accounts.google.com/v3/signin/identifier?continue=https%3A%2F%2Fnotebooklm.google.com%2Flogin%3Fcontinue%3Dhttps%3A%2F%2Fnotebooklm.google.com%2F&dsh=S1260496488%3A1781082241227263&followup=https%3A%2F%2Fnotebooklm.google.com%2Flogin%3Fcontinue%3Dhttps%3A%2F%2Fnotebooklm.google.com%2F&osid=1&passive=1209600&flowName=WebLiteSignIn&flowEntry=ServiceLogin&ifkv=AcDsRvwZV7zeM6HM1NqEdOCfu1pjZdV8GWYjYLihoCzxmp5rYPeUuXEBuK8-8nqZ7c34ziRmTZ2qTg
Run 'notebooklm login' to re-authenticate.
[17:04:03] 失败 w5-forward-numeric (20.7s) [auth]: Authentication expired or invalid. Redirected to: https://accounts.google.com/v3/signin/identifier?continue=https%3A%2F%2Fnotebooklm.google.com%2Flogin%3Fcontinue%3Dhttps%3A%2F%2Fnotebooklm.google.com%2F&dsh=S1260496488%3A1781082241227263&followup=https%3A%2F%2Fnotebooklm.google.com%2Flogin%3Fcontinue%3Dhttps%3A%2F%2Fnotebooklm.google.com%2F&osid=1&passive=1209600&flowName=WebLiteSignIn&flowEntry=ServiceLogin&ifkv=AcDsRvwZV7zeM6HM1NqEdOCfu1pjZdV8GWYjYLihoCzxmp5rYPeUuXEBuK8-8nqZ7c34ziRmTZ2qTg
Run 'notebooklm login' to re-authenticate.
[17:04:03] --- batch 11/22: [L1+L2] w6-hmm-generative ---
[17:04:03] 清空会话上下文 (notebooklm clear)
[17:04:03] 提问 (119 字, nlm_timeout=120s)…
[17:04:06] 尝试 1 失败 [auth]: Authentication expired or invalid. Redirected to: https://accounts.google.com/v3/signin/identifier?continue=https%3A%2F%2Fnotebooklm.google.com%2Flogin%3Fcontinue%3Dhttps%3A%2F%2Fnotebooklm.google.com%2F&dsh=S-13392802%3A1781082244316716&followup=https%3A%2F%2Fnotebooklm.google.com%2Flogin%3Fcontinue%3Dhttps%3A%2F%2Fnotebooklm.google.com%2F&osid=1&passive=1209600&flowName=WebLiteSignIn&flowEntry=ServiceLogin&ifkv=AcDsRvxLicPS2-loi32M9McP7gJd0t1vwIKEq84h8TnXb8Eed3xKVf2MjzN2ctA4kWXqQ7l7N7xtxQ
Run 'notebooklm login' to re-authenticate.
[17:04:06] 失败 w6-hmm-generative (3.3s) [auth]: Authentication expired or invalid. Redirected to: https://accounts.google.com/v3/signin/identifier?continue=https%3A%2F%2Fnotebooklm.google.com%2Flogin%3Fcontinue%3Dhttps%3A%2F%2Fnotebooklm.google.com%2F&dsh=S-13392802%3A1781082244316716&followup=https%3A%2F%2Fnotebooklm.google.com%2Flogin%3Fcontinue%3Dhttps%3A%2F%2Fnotebooklm.google.com%2F&osid=1&passive=1209600&flowName=WebLiteSignIn&flowEntry=ServiceLogin&ifkv=AcDsRvxLicPS2-loi32M9McP7gJd0t1vwIKEq84h8TnXb8Eed3xKVf2MjzN2ctA4kWXqQ7l7N7xtxQ
Run 'notebooklm login' to re-authenticate.
[17:04:06] --- batch 12/22: [L2] w6-crf-intro ---
[17:04:06] 清空会话上下文 (notebooklm clear)
[17:04:06] 提问 (118 字, nlm_timeout=120s)…
[17:04:09] 尝试 1 失败 [auth]: Authentication expired or invalid. Redirected to: https://accounts.google.com/v3/signin/identifier?continue=https%3A%2F%2Fnotebooklm.google.com%2Flogin%3Fcontinue%3Dhttps%3A%2F%2Fnotebooklm.google.com%2F&dsh=S-13392802%3A1781082247516623&followup=https%3A%2F%2Fnotebooklm.google.com%2Flogin%3Fcontinue%3Dhttps%3A%2F%2Fnotebooklm.google.com%2F&osid=1&passive=1209600&flowName=WebLiteSignIn&flowEntry=ServiceLogin&ifkv=AcDsRvxsDUYVT1asCFVGqGplM7KYJHJKIiFLgz4-hwcunNbdduPYFQqKSijbhPMDSgLYR7hrpct6rw
Run 'notebooklm login' to re-authenticate.
[17:04:09] 失败 w6-crf-intro (3.3s) [auth]: Authentication expired or invalid. Redirected to: https://accounts.google.com/v3/signin/identifier?continue=https%3A%2F%2Fnotebooklm.google.com%2Flogin%3Fcontinue%3Dhttps%3A%2F%2Fnotebooklm.google.com%2F&dsh=S-13392802%3A1781082247516623&followup=https%3A%2F%2Fnotebooklm.google.com%2Flogin%3Fcontinue%3Dhttps%3A%2F%2Fnotebooklm.google.com%2F&osid=1&passive=1209600&flowName=WebLiteSignIn&flowEntry=ServiceLogin&ifkv=AcDsRvxsDUYVT1asCFVGqGplM7KYJHJKIiFLgz4-hwcunNbdduPYFQqKSijbhPMDSgLYR7hrpct6rw
Run 'notebooklm login' to re-authenticate.
[17:04:09] --- batch 13/22: [L2] w6-crf-features ---
[17:04:09] 清空会话上下文 (notebooklm clear)
[17:04:10] 提问 (133 字, nlm_timeout=120s)…
[17:04:18] 尝试 1 失败 [auth]: Authentication expired or invalid. Redirected to: https://accounts.google.com/v3/signin/identifier?continue=https%3A%2F%2Fnotebooklm.google.com%2Flogin%3Fcontinue%3Dhttps%3A%2F%2Fnotebooklm.google.com%2F&dsh=S1225570863%3A1781082255099593&followup=https%3A%2F%2Fnotebooklm.google.com%2Flogin%3Fcontinue%3Dhttps%3A%2F%2Fnotebooklm.google.com%2F&osid=1&passive=1209600&flowName=WebLiteSignIn&flowEntry=ServiceLogin&ifkv=AcDsRvyNjt6k4Dg5dxV5tJ--nZ-j-IbnP55Y2_3ge5XUhzQpSDLVWiKUEuHWhHnRvd3MHvwk10MKsA
Run 'notebooklm login' to re-authenticate.
[17:04:18] 失败 w6-crf-features (8.3s) [auth]: Authentication expired or invalid. Redirected to: https://accounts.google.com/v3/signin/identifier?continue=https%3A%2F%2Fnotebooklm.google.com%2Flogin%3Fcontinue%3Dhttps%3A%2F%2Fnotebooklm.google.com%2F&dsh=S1225570863%3A1781082255099593&followup=https%3A%2F%2Fnotebooklm.google.com%2Flogin%3Fcontinue%3Dhttps%3A%2F%2Fnotebooklm.google.com%2F&osid=1&passive=1209600&flowName=WebLiteSignIn&flowEntry=ServiceLogin&ifkv=AcDsRvyNjt6k4Dg5dxV5tJ--nZ-j-IbnP55Y2_3ge5XUhzQpSDLVWiKUEuHWhHnRvd3MHvwk10MKsA
Run 'notebooklm login' to re-authenticate.
[17:04:18] --- batch 14/22: [L2+L3] w6-hmm-vs-crf ---
[17:04:18] 清空会话上下文 (notebooklm clear)
[17:04:18] 提问 (96 字, nlm_timeout=120s)…
[17:04:19] 尝试 1 失败 [unknown]: Server disconnected without sending a response.
[17:04:19] 重试 1/3，等待 15s…
[17:04:31] 提问 (96 字, nlm_timeout=120s)…
[17:04:32] 尝试 2 失败 [unknown]: Server disconnected without sending a response.
[17:04:32] 重试 2/3，等待 30s…
[17:04:59] 提问 (96 字, nlm_timeout=120s)…
[17:05:02] 尝试 3 失败 [auth]: Authentication expired or invalid. Redirected to: https://accounts.google.com/v3/signin/identifier?continue=https%3A%2F%2Fnotebooklm.google.com%2Flogin%3Fcontinue%3Dhttps%3A%2F%2Fnotebooklm.google.com%2F&dsh=S-13392802%3A1781082300688854&followup=https%3A%2F%2Fnotebooklm.google.com%2Flogin%3Fcontinue%3Dhttps%3A%2F%2Fnotebooklm.google.com%2F&osid=1&passive=1209600&flowName=WebLiteSignIn&flowEntry=ServiceLogin&ifkv=AcDsRvx95GsRW0Qh2KKrPvOcQ7FreYr1cewMEiIRWsLfawkmqONKk9EP4Y45uopsPeIAZ8THDK-LSA
Run 'notebooklm login' to re-authenticate.
[17:05:02] 失败 w6-hmm-vs-crf (44.2s) [auth]: Authentication expired or invalid. Redirected to: https://accounts.google.com/v3/signin/identifier?continue=https%3A%2F%2Fnotebooklm.google.com%2Flogin%3Fcontinue%3Dhttps%3A%2F%2Fnotebooklm.google.com%2F&dsh=S-13392802%3A1781082300688854&followup=https%3A%2F%2Fnotebooklm.google.com%2Flogin%3Fcontinue%3Dhttps%3A%2F%2Fnotebooklm.google.com%2F&osid=1&passive=1209600&flowName=WebLiteSignIn&flowEntry=ServiceLogin&ifkv=AcDsRvx95GsRW0Qh2KKrPvOcQ7FreYr1cewMEiIRWsLfawkmqONKk9EP4Y45uopsPeIAZ8THDK-LSA
Run 'notebooklm login' to re-authenticate.
[17:05:02] --- batch 15/22: [L1+L2] w6-word-embedding ---
[17:05:02] 清空会话上下文 (notebooklm clear)
[17:05:02] 提问 (139 字, nlm_timeout=120s)…
[17:05:06] 尝试 1 失败 [auth]: Authentication expired or invalid. Redirected to: https://accounts.google.com/v3/signin/identifier?continue=https%3A%2F%2Fnotebooklm.google.com%2Flogin%3Fcontinue%3Dhttps%3A%2F%2Fnotebooklm.google.com%2F&dsh=S405926960%3A1781082303824980&followup=https%3A%2F%2Fnotebooklm.google.com%2Flogin%3Fcontinue%3Dhttps%3A%2F%2Fnotebooklm.google.com%2F&osid=1&passive=1209600&flowName=WebLiteSignIn&flowEntry=ServiceLogin&ifkv=AcDsRvxk_d3OsWrw_sk967-HNNftWClZqqNAdCZoP--nG2sI3wMXVl9aM84nltgkXwd4AjYYgvXm
Run 'notebooklm login' to re-authenticate.
[17:05:06] 失败 w6-word-embedding (3.2s) [auth]: Authentication expired or invalid. Redirected to: https://accounts.google.com/v3/signin/identifier?continue=https%3A%2F%2Fnotebooklm.google.com%2Flogin%3Fcontinue%3Dhttps%3A%2F%2Fnotebooklm.google.com%2F&dsh=S405926960%3A1781082303824980&followup=https%3A%2F%2Fnotebooklm.google.com%2Flogin%3Fcontinue%3Dhttps%3A%2F%2Fnotebooklm.google.com%2F&osid=1&passive=1209600&flowName=WebLiteSignIn&flowEntry=ServiceLogin&ifkv=AcDsRvxk_d3OsWrw_sk967-HNNftWClZqqNAdCZoP--nG2sI3wMXVl9aM84nltgkXwd4AjYYgvXm
Run 'notebooklm login' to re-authenticate.
[17:05:06] --- batch 16/22: [L2] w6-window-network ---
[17:05:06] 清空会话上下文 (notebooklm clear)
[17:05:06] 提问 (119 字, nlm_timeout=120s)…
[17:05:09] 尝试 1 失败 [auth]: Authentication expired or invalid. Redirected to: https://accounts.google.com/v3/signin/identifier?continue=https%3A%2F%2Fnotebooklm.google.com%2Flogin%3Fcontinue%3Dhttps%3A%2F%2Fnotebooklm.google.com%2F&dsh=S-1912358389%3A1781082307059824&followup=https%3A%2F%2Fnotebooklm.google.com%2Flogin%3Fcontinue%3Dhttps%3A%2F%2Fnotebooklm.google.com%2F&osid=1&passive=1209600&flowName=WebLiteSignIn&flowEntry=ServiceLogin&ifkv=AcDsRvyw6Y5IC-H3UvoQ81Au2fKUfenEHa5it80EDgWRxmRuZ36kn9EbY_wi9MjXKKF1MMo8WbagDA
Run 'notebooklm login' to re-authenticate.
[17:05:09] 失败 w6-window-network (3.4s) [auth]: Authentication expired or invalid. Redirected to: https://accounts.google.com/v3/signin/identifier?continue=https%3A%2F%2Fnotebooklm.google.com%2Flogin%3Fcontinue%3Dhttps%3A%2F%2Fnotebooklm.google.com%2F&dsh=S-1912358389%3A1781082307059824&followup=https%3A%2F%2Fnotebooklm.google.com%2Flogin%3Fcontinue%3Dhttps%3A%2F%2Fnotebooklm.google.com%2F&osid=1&passive=1209600&flowName=WebLiteSignIn&flowEntry=ServiceLogin&ifkv=AcDsRvyw6Y5IC-H3UvoQ81Au2fKUfenEHa5it80EDgWRxmRuZ36kn9EbY_wi9MjXKKF1MMo8WbagDA
Run 'notebooklm login' to re-authenticate.
[17:05:09] --- batch 17/22: [L1+L2] w6-early-dl-limits ---
[17:05:09] 清空会话上下文 (notebooklm clear)
[17:05:09] 提问 (114 字, nlm_timeout=120s)…
[17:05:12] 尝试 1 失败 [auth]: Authentication expired or invalid. Redirected to: https://accounts.google.com/v3/signin/identifier?continue=https%3A%2F%2Fnotebooklm.google.com%2Flogin%3Fcontinue%3Dhttps%3A%2F%2Fnotebooklm.google.com%2F&dsh=S-1743338501%3A1781082310172469&followup=https%3A%2F%2Fnotebooklm.google.com%2Flogin%3Fcontinue%3Dhttps%3A%2F%2Fnotebooklm.google.com%2F&osid=1&passive=1209600&flowName=WebLiteSignIn&flowEntry=ServiceLogin&ifkv=AcDsRvw8xfac0_9JUS4cADx7lAv8RlivlfTXHz1ciecR6a8FEMI2cByg3e11Psgph-lEZav7dCGg8w
Run 'notebooklm login' to re-authenticate.
[17:05:12] 失败 w6-early-dl-limits (3.2s) [auth]: Authentication expired or invalid. Redirected to: https://accounts.google.com/v3/signin/identifier?continue=https%3A%2F%2Fnotebooklm.google.com%2Flogin%3Fcontinue%3Dhttps%3A%2F%2Fnotebooklm.google.com%2F&dsh=S-1743338501%3A1781082310172469&followup=https%3A%2F%2Fnotebooklm.google.com%2Flogin%3Fcontinue%3Dhttps%3A%2F%2Fnotebooklm.google.com%2F&osid=1&passive=1209600&flowName=WebLiteSignIn&flowEntry=ServiceLogin&ifkv=AcDsRvw8xfac0_9JUS4cADx7lAv8RlivlfTXHz1ciecR6a8FEMI2cByg3e11Psgph-lEZav7dCGg8w
Run 'notebooklm login' to re-authenticate.
[17:05:12] --- batch 18/22: [L1] w6-to-rnn ---
[17:05:12] 清空会话上下文 (notebooklm clear)
[17:05:13] 提问 (116 字, nlm_timeout=120s)…
[17:05:16] 尝试 1 失败 [auth]: Authentication expired or invalid. Redirected to: https://accounts.google.com/v3/signin/identifier?continue=https%3A%2F%2Fnotebooklm.google.com%2Flogin%3Fcontinue%3Dhttps%3A%2F%2Fnotebooklm.google.com%2F&dsh=S-1743338501%3A1781082313254602&followup=https%3A%2F%2Fnotebooklm.google.com%2Flogin%3Fcontinue%3Dhttps%3A%2F%2Fnotebooklm.google.com%2F&osid=1&passive=1209600&flowName=WebLiteSignIn&flowEntry=ServiceLogin&ifkv=AcDsRvxlCnh7Od2GTFa_u2NHk6g0hwBf0N0u-Gp5z4laTqpAMwFUvli5lmWOLPQZgOYzBnLRJcLpyw
Run 'notebooklm login' to re-authenticate.
[17:05:16] 失败 w6-to-rnn (3.3s) [auth]: Authentication expired or invalid. Redirected to: https://accounts.google.com/v3/signin/identifier?continue=https%3A%2F%2Fnotebooklm.google.com%2Flogin%3Fcontinue%3Dhttps%3A%2F%2Fnotebooklm.google.com%2F&dsh=S-1743338501%3A1781082313254602&followup=https%3A%2F%2Fnotebooklm.google.com%2Flogin%3Fcontinue%3Dhttps%3A%2F%2Fnotebooklm.google.com%2F&osid=1&passive=1209600&flowName=WebLiteSignIn&flowEntry=ServiceLogin&ifkv=AcDsRvxlCnh7Od2GTFa_u2NHk6g0hwBf0N0u-Gp5z4laTqpAMwFUvli5lmWOLPQZgOYzBnLRJcLpyw
Run 'notebooklm login' to re-authenticate.
[17:05:16] --- batch 19/22: [L4] w56-bridge-w34 ---
[17:05:16] 清空会话上下文 (notebooklm clear)
[17:05:16] 提问 (93 字, nlm_timeout=120s)…
[17:05:19] 尝试 1 失败 [auth]: Authentication expired or invalid. Redirected to: https://accounts.google.com/v3/signin/identifier?continue=https%3A%2F%2Fnotebooklm.google.com%2Flogin%3Fcontinue%3Dhttps%3A%2F%2Fnotebooklm.google.com%2F&dsh=S-1743338501%3A1781082316356323&followup=https%3A%2F%2Fnotebooklm.google.com%2Flogin%3Fcontinue%3Dhttps%3A%2F%2Fnotebooklm.google.com%2F&osid=1&passive=1209600&flowName=WebLiteSignIn&flowEntry=ServiceLogin&ifkv=AcDsRvxd12D6E1ZM6e79WO2PaBgzpQTT5ODK71-HuN25cqMoegWcO-zCEtsuOGTGIHwuYIkvnF-yfg
Run 'notebooklm login' to re-authenticate.
[17:05:19] 失败 w56-bridge-w34 (3.1s) [auth]: Authentication expired or invalid. Redirected to: https://accounts.google.com/v3/signin/identifier?continue=https%3A%2F%2Fnotebooklm.google.com%2Flogin%3Fcontinue%3Dhttps%3A%2F%2Fnotebooklm.google.com%2F&dsh=S-1743338501%3A1781082316356323&followup=https%3A%2F%2Fnotebooklm.google.com%2Flogin%3Fcontinue%3Dhttps%3A%2F%2Fnotebooklm.google.com%2F&osid=1&passive=1209600&flowName=WebLiteSignIn&flowEntry=ServiceLogin&ifkv=AcDsRvxd12D6E1ZM6e79WO2PaBgzpQTT5ODK71-HuN25cqMoegWcO-zCEtsuOGTGIHwuYIkvnF-yfg
Run 'notebooklm login' to re-authenticate.
[17:05:19] --- batch 20/22: [L4] w56-project ---
[17:05:19] 清空会话上下文 (notebooklm clear)
[17:05:19] 提问 (156 字, nlm_timeout=120s)…
[17:05:22] 尝试 1 失败 [auth]: Authentication expired or invalid. Redirected to: https://accounts.google.com/v3/signin/identifier?continue=https%3A%2F%2Fnotebooklm.google.com%2Flogin%3Fcontinue%3Dhttps%3A%2F%2Fnotebooklm.google.com%2F&dsh=S-1912358389%3A1781082319284926&followup=https%3A%2F%2Fnotebooklm.google.com%2Flogin%3Fcontinue%3Dhttps%3A%2F%2Fnotebooklm.google.com%2F&osid=1&passive=1209600&flowName=WebLiteSignIn&flowEntry=ServiceLogin&ifkv=AcDsRvy2Z8CDvJO5I5jgeAU5aIyNjfNdbpHujMjmqN47JjGh1xk0imzL9TC0Dc7ocZQR-43if4Tp_g
Run 'notebooklm login' to re-authenticate.
[17:05:22] 失败 w56-project (3.2s) [auth]: Authentication expired or invalid. Redirected to: https://accounts.google.com/v3/signin/identifier?continue=https%3A%2F%2Fnotebooklm.google.com%2Flogin%3Fcontinue%3Dhttps%3A%2F%2Fnotebooklm.google.com%2F&dsh=S-1912358389%3A1781082319284926&followup=https%3A%2F%2Fnotebooklm.google.com%2Flogin%3Fcontinue%3Dhttps%3A%2F%2Fnotebooklm.google.com%2F&osid=1&passive=1209600&flowName=WebLiteSignIn&flowEntry=ServiceLogin&ifkv=AcDsRvy2Z8CDvJO5I5jgeAU5aIyNjfNdbpHujMjmqN47JjGh1xk0imzL9TC0Dc7ocZQR-43if4Tp_g
Run 'notebooklm login' to re-authenticate.
[17:05:22] --- batch 21/22: [L3] w56-mistakes ---
[17:05:22] 清空会话上下文 (notebooklm clear)
[17:05:23] 提问 (138 字, nlm_timeout=120s)…
[17:05:23] 尝试 1 失败 [auth]: Authentication expired or invalid. Redirected to: https://accounts.google.com/v3/signin/identifier?continue=https%3A%2F%2Fnotebooklm.google.com%2Flogin%3Fcontinue%3Dhttps%3A%2F%2Fnotebooklm.google.com%2F&dsh=S405926960%3A1781082322618065&followup=https%3A%2F%2Fnotebooklm.google.com%2Flogin%3Fcontinue%3Dhttps%3A%2F%2Fnotebooklm.google.com%2F&osid=1&passive=1209600&flowName=WebLiteSignIn&flowEntry=ServiceLogin&ifkv=AcDsRvxcreVKelX41e6jHU_S3exC608Za-aKbBot1hkFUEwNlXDYNBL-itqtAPs0dgdHIT6cL567-Q
Run 'notebooklm login' to re-authenticate.
[17:05:23] 失败 w56-mistakes (0.8s) [auth]: Authentication expired or invalid. Redirected to: https://accounts.google.com/v3/signin/identifier?continue=https%3A%2F%2Fnotebooklm.google.com%2Flogin%3Fcontinue%3Dhttps%3A%2F%2Fnotebooklm.google.com%2F&dsh=S405926960%3A1781082322618065&followup=https%3A%2F%2Fnotebooklm.google.com%2Flogin%3Fcontinue%3Dhttps%3A%2F%2Fnotebooklm.google.com%2F&osid=1&passive=1209600&flowName=WebLiteSignIn&flowEntry=ServiceLogin&ifkv=AcDsRvxcreVKelX41e6jHU_S3exC608Za-aKbBot1hkFUEwNlXDYNBL-itqtAPs0dgdHIT6cL567-Q
Run 'notebooklm login' to re-authenticate.
[17:05:23] --- batch 22/22: [L4] w56-study-order ---
[17:05:23] 清空会话上下文 (notebooklm clear)
[17:05:24] 提问 (84 字, nlm_timeout=120s)…
[17:05:27] 尝试 1 失败 [auth]: Authentication expired or invalid. Redirected to: https://accounts.google.com/v3/signin/identifier?continue=https%3A%2F%2Fnotebooklm.google.com%2Flogin%3Fcontinue%3Dhttps%3A%2F%2Fnotebooklm.google.com%2F&dsh=S118492538%3A1781082325742346&followup=https%3A%2F%2Fnotebooklm.google.com%2Flogin%3Fcontinue%3Dhttps%3A%2F%2Fnotebooklm.google.com%2F&osid=1&passive=1209600&flowName=WebLiteSignIn&flowEntry=ServiceLogin&ifkv=AcDsRvw8eK77prFrnQiZoETrkaMX7-SNzCsSlBOCVOrOHNT93P4pGRVYMGwO3BUPMLTEtBzr9msBVw
Run 'notebooklm login' to re-authenticate.
[17:05:27] 失败 w56-study-order (3.3s) [auth]: Authentication expired or invalid. Redirected to: https://accounts.google.com/v3/signin/identifier?continue=https%3A%2F%2Fnotebooklm.google.com%2Flogin%3Fcontinue%3Dhttps%3A%2F%2Fnotebooklm.google.com%2F&dsh=S118492538%3A1781082325742346&followup=https%3A%2F%2Fnotebooklm.google.com%2Flogin%3Fcontinue%3Dhttps%3A%2F%2Fnotebooklm.google.com%2F&osid=1&passive=1209600&flowName=WebLiteSignIn&flowEntry=ServiceLogin&ifkv=AcDsRvw8eK77prFrnQiZoETrkaMX7-SNzCsSlBOCVOrOHNT93P4pGRVYMGwO3BUPMLTEtBzr9msBVw
Run 'notebooklm login' to re-authenticate.
[17:05:27] 采集结束: status=failed | ok=0 skipped=0 failed=22/22 | 重试 0 次 | 耗时 159.99s | 待重跑: L0-positioning, w5-seq-challenges, w5-markov-hmm-intro, w5-hmm-five-tuple, w5-hmm-three-problems, w5-forward-algo, w5-backward-algo, w5-viterbi, w5-baum-welch, w5-forward-numeric, w6-hmm-generative, w6-crf-intro, w6-crf-features, w6-hmm-vs-crf, w6-word-embedding, w6-window-network, w6-early-dl-limits, w6-to-rnn, w56-bridge-w34, w56-project, w56-mistakes, w56-study-order
[17:27:38] 模块: week5-6 | 批次数: 22 | 输出: /home/thesumst/development/ai/notebooklm-raw/week5-6/runs/20260610-170247
[17:27:38] 同步认证…
[17:27:38] 认证 OK
[17:27:38] 选定 Notebook: 505bdb1c
[17:27:43] --- batch 1/22: [L0] L0-positioning ---
[17:27:43] 清空会话上下文 (notebooklm clear)
[17:27:43] 提问 (162 字, nlm_timeout=120s)…
[17:27:45] 尝试 1 失败 [unknown]: RPC rLM1Ne returned null result data (possible server error or parameter mismatch)
[17:27:45] 重试 1/3，等待 15s…
[17:28:00] 提问 (162 字, nlm_timeout=120s)…
[17:28:03] 尝试 2 失败 [unknown]: RPC rLM1Ne returned null result data (possible server error or parameter mismatch)
[17:28:03] 重试 2/3，等待 30s…
[17:28:30] 提问 (162 字, nlm_timeout=120s)…
[17:28:34] 尝试 3 失败 [unknown]: RPC rLM1Ne returned null result data (possible server error or parameter mismatch)
[17:28:34] 重试 3/3，等待 60s…
[17:29:29] 提问 (162 字, nlm_timeout=120s)…
[17:29:31] 尝试 4 失败 [unknown]: RPC rLM1Ne returned null result data (possible server error or parameter mismatch)
[17:29:31] 失败 L0-positioning (107.6s) [unknown]: RPC rLM1Ne returned null result data (possible server error or parameter mismatch)
[17:29:31] --- batch 2/22: [L1] w5-seq-challenges ---
[17:29:31] 清空会话上下文 (notebooklm clear)
[17:29:31] 提问 (123 字, nlm_timeout=120s)…
[17:29:33] 尝试 1 失败 [unknown]: RPC rLM1Ne returned null result data (possible server error or parameter mismatch)
[17:29:33] 重试 1/3，等待 15s…
[17:29:45] 提问 (123 字, nlm_timeout=120s)…
[17:29:47] 尝试 2 失败 [unknown]: RPC rLM1Ne returned null result data (possible server error or parameter mismatch)
[17:29:47] 重试 2/3，等待 30s…
[17:30:14] 提问 (123 字, nlm_timeout=120s)…
[17:30:19] 尝试 3 失败 [unknown]: 
[17:30:19] 重试 3/3，等待 60s…
[17:31:14] 提问 (123 字, nlm_timeout=120s)…
[17:31:16] 尝试 4 失败 [unknown]: RPC rLM1Ne returned null result data (possible server error or parameter mismatch)
[17:31:16] 失败 w5-seq-challenges (105.4s) [unknown]: RPC rLM1Ne returned null result data (possible server error or parameter mismatch)
[17:31:16] --- batch 3/22: [L1+L2] w5-markov-hmm-intro ---
[17:31:16] 清空会话上下文 (notebooklm clear)
[17:31:16] 提问 (125 字, nlm_timeout=120s)…
[17:31:19] 尝试 1 失败 [unknown]: RPC rLM1Ne returned null result data (possible server error or parameter mismatch)
[17:31:19] 重试 1/3，等待 15s…
[17:31:34] 提问 (125 字, nlm_timeout=120s)…
[17:31:36] 尝试 2 失败 [unknown]: RPC rLM1Ne returned null result data (possible server error or parameter mismatch)
[17:31:36] 重试 2/3，等待 30s…
[17:32:03] 提问 (125 字, nlm_timeout=120s)…
[17:32:04] 模块: week5-6 | 批次数: 22 | 输出: /home/thesumst/development/ai/notebooklm-raw/week5-6/runs/20260610-170247
[17:32:04] 同步认证…
[17:32:04] 认证 OK
[17:32:04] 选定 Notebook: 505bdb1c
[17:32:06] 尝试 3 失败 [unknown]: RPC rLM1Ne returned null result data (possible server error or parameter mismatch)
[17:32:06] 重试 3/3，等待 60s…
[17:32:05] --- batch 1/22: [L0] L0-positioning ---
[17:32:05] 清空会话上下文 (notebooklm clear)
[17:32:05] 提问 (162 字, nlm_timeout=120s)…
[17:32:08] 尝试 1 失败 [unknown]: RPC rLM1Ne returned null result data (possible server error or parameter mismatch)
[17:32:08] 重试 1/3，等待 15s…
[17:32:23] 提问 (162 字, nlm_timeout=120s)…
[17:32:25] 尝试 2 失败 [unknown]: RPC rLM1Ne returned null result data (possible server error or parameter mismatch)
[17:32:25] 重试 2/3，等待 30s…
[17:32:52] 提问 (162 字, nlm_timeout=120s)…
[17:32:55] 尝试 3 失败 [unknown]: RPC rLM1Ne returned null result data (possible server error or parameter mismatch)
[17:32:55] 重试 3/3，等待 60s…
[17:33:00] 提问 (125 字, nlm_timeout=120s)…
[17:33:01] 尝试 4 失败 [unknown]: Server disconnected without sending a response.
[17:33:01] 失败 w5-markov-hmm-intro (104.7s) [unknown]: Server disconnected without sending a response.
[17:33:01] --- batch 4/22: [L2] w5-hmm-five-tuple ---
[17:33:01] 清空会话上下文 (notebooklm clear)
[17:33:01] 提问 (119 字, nlm_timeout=120s)…
[17:33:02] 尝试 1 失败 [unknown]: Server disconnected without sending a response.
[17:33:02] 重试 1/3，等待 15s…
[17:33:14] 提问 (119 字, nlm_timeout=120s)…
[17:33:17] 尝试 2 失败 [unknown]: RPC rLM1Ne returned null result data (possible server error or parameter mismatch)
[17:33:17] 重试 2/3，等待 30s…
[17:33:44] 提问 (119 字, nlm_timeout=120s)…
[17:33:46] 尝试 3 失败 [unknown]: RPC rLM1Ne returned null result data (possible server error or parameter mismatch)
[17:33:46] 重试 3/3，等待 60s…
[17:33:49] 提问 (162 字, nlm_timeout=120s)…
[17:33:52] 尝试 4 失败 [unknown]: RPC rLM1Ne returned null result data (possible server error or parameter mismatch)
[17:33:52] 失败 L0-positioning (106.5s) [unknown]: RPC rLM1Ne returned null result data (possible server error or parameter mismatch)
[17:33:52] --- batch 2/22: [L1] w5-seq-challenges ---
[17:33:52] 清空会话上下文 (notebooklm clear)
[17:33:52] 提问 (123 字, nlm_timeout=120s)…
[17:33:54] 尝试 1 失败 [unknown]: RPC rLM1Ne returned null result data (possible server error or parameter mismatch)
[17:33:54] 重试 1/3，等待 15s…
[17:34:06] 提问 (123 字, nlm_timeout=120s)…
[17:34:14] 尝试 2 失败 [unknown]: RPC rLM1Ne returned null result data (possible server error or parameter mismatch)
[17:34:14] 重试 2/3，等待 30s…
[17:34:41] 提问 (119 字, nlm_timeout=120s)…
[17:34:41] 提问 (123 字, nlm_timeout=120s)…
[17:34:43] 尝试 4 失败 [unknown]: RPC rLM1Ne returned null result data (possible server error or parameter mismatch)
[17:34:43] 失败 w5-hmm-five-tuple (101.9s) [unknown]: RPC rLM1Ne returned null result data (possible server error or parameter mismatch)
[17:34:43] --- batch 5/22: [L2] w5-hmm-three-problems ---
[17:34:43] 清空会话上下文 (notebooklm clear)
[17:34:43] 提问 (179 字, nlm_timeout=120s)…
[17:34:43] 尝试 3 失败 [unknown]: RPC rLM1Ne returned null result data (possible server error or parameter mismatch)
[17:34:43] 重试 3/3，等待 60s…
[17:34:46] 尝试 1 失败 [unknown]: RPC rLM1Ne returned null result data (possible server error or parameter mismatch)
[17:34:46] 重试 1/3，等待 15s…
[17:35:01] 提问 (179 字, nlm_timeout=120s)…
[17:35:02] 尝试 2 失败 [unknown]: RPC rLM1Ne returned null result data (possible server error or parameter mismatch)
[17:35:02] 重试 2/3，等待 30s…
[17:35:17] 模块: week5-6 | 批次数: 22 | 输出: /home/thesumst/development/ai/notebooklm-raw/week5-6/runs/20260610-170247
[17:35:17] 同步认证…
[17:35:17] 认证 OK
[17:35:17] 选定 Notebook: 505bdb1c-0034-4e14-89df-0b14bf3fc723
[17:35:21] --- batch 1/22: [L0] L0-positioning ---
[17:35:21] 清空会话上下文 (notebooklm clear)
[17:35:21] 提问 (162 字, nlm_timeout=120s)…
[17:35:32] 提问 (179 字, nlm_timeout=120s)…
[17:35:31] 尝试 3 失败 [unknown]: RPC rLM1Ne returned null result data (possible server error or parameter mismatch)
[17:35:31] 重试 3/3，等待 60s…
[17:35:38] 提问 (123 字, nlm_timeout=120s)…
[17:35:40] 尝试 4 失败 [unknown]: RPC rLM1Ne returned null result data (possible server error or parameter mismatch)
[17:35:40] 失败 w5-seq-challenges (108.4s) [unknown]: RPC rLM1Ne returned null result data (possible server error or parameter mismatch)
[17:35:40] --- batch 3/22: [L1+L2] w5-markov-hmm-intro ---
[17:35:40] 清空会话上下文 (notebooklm clear)
[17:35:40] 提问 (125 字, nlm_timeout=120s)…
[17:35:43] 尝试 1 失败 [unknown]: RPC rLM1Ne returned null result data (possible server error or parameter mismatch)
[17:35:43] 重试 1/3，等待 15s…
[17:35:58] 提问 (125 字, nlm_timeout=120s)…
[17:36:00] 尝试 2 失败 [unknown]: RPC rLM1Ne returned null result data (possible server error or parameter mismatch)
[17:36:00] 重试 2/3，等待 30s…
[17:36:06] 完成 L0-positioning (44.9s)
[17:36:06] 等待 8.0s…
[17:36:14] --- batch 2/22: [L1] w5-seq-challenges ---
[17:36:14] 清空会话上下文 (notebooklm clear)
[17:36:14] 提问 (123 字, nlm_timeout=120s)…
[17:36:27] 提问 (125 字, nlm_timeout=120s)…
[17:36:28] 提问 (179 字, nlm_timeout=120s)…
[17:36:30] 尝试 3 失败 [unknown]: RPC rLM1Ne returned null result data (possible server error or parameter mismatch)
[17:36:30] 重试 3/3，等待 60s…
[17:36:31] 尝试 4 失败 [unknown]: RPC rLM1Ne returned null result data (possible server error or parameter mismatch)
[17:36:31] 失败 w5-hmm-three-problems (107.5s) [unknown]: RPC rLM1Ne returned null result data (possible server error or parameter mismatch)
[17:36:31] --- batch 6/22: [L2] w5-forward-algo ---
[17:36:31] 清空会话上下文 (notebooklm clear)
[17:36:31] 提问 (142 字, nlm_timeout=120s)…
[17:36:30] 尝试 1 失败 [unknown]: RPC rLM1Ne returned null result data (possible server error or parameter mismatch)
[17:36:30] 重试 1/3，等待 15s…
[17:36:45] 提问 (142 字, nlm_timeout=120s)…
[17:36:48] 尝试 2 失败 [unknown]: RPC rLM1Ne returned null result data (possible server error or parameter mismatch)
[17:36:48] 重试 2/3，等待 30s…
[17:37:02] 完成 w5-seq-challenges (48.5s)
[17:37:02] 等待 8.0s…
[17:37:10] --- batch 3/22: [L1+L2] w5-markov-hmm-intro ---
[17:37:10] 清空会话上下文 (notebooklm clear)
[17:37:10] 提问 (125 字, nlm_timeout=120s)…
[17:37:15] 提问 (142 字, nlm_timeout=120s)…
[17:37:18] 尝试 3 失败 [unknown]: RPC rLM1Ne returned null result data (possible server error or parameter mismatch)
[17:37:18] 重试 3/3，等待 60s…
[17:37:24] 提问 (125 字, nlm_timeout=120s)…
[17:37:27] 尝试 4 失败 [unknown]: RPC rLM1Ne returned null result data (possible server error or parameter mismatch)
[17:37:27] 失败 w5-markov-hmm-intro (106.6s) [unknown]: RPC rLM1Ne returned null result data (possible server error or parameter mismatch)
[17:37:27] --- batch 4/22: [L2] w5-hmm-five-tuple ---
[17:37:27] 清空会话上下文 (notebooklm clear)
[17:37:27] 提问 (119 字, nlm_timeout=120s)…
[17:37:30] 尝试 1 失败 [unknown]: RPC rLM1Ne returned null result data (possible server error or parameter mismatch)
[17:37:30] 重试 1/3，等待 15s…
[17:37:42] 提问 (119 字, nlm_timeout=120s)…
[17:37:49] 尝试 2 失败 [unknown]: RPC rLM1Ne returned null result data (possible server error or parameter mismatch)
[17:37:49] 重试 2/3，等待 30s…
[17:38:12] 提问 (142 字, nlm_timeout=120s)…
[17:38:16] 提问 (119 字, nlm_timeout=120s)…
[17:38:17] 尝试 4 失败 [unknown]: RPC rLM1Ne returned null result data (possible server error or parameter mismatch)
[17:38:17] 失败 w5-forward-algo (106.5s) [unknown]: RPC rLM1Ne returned null result data (possible server error or parameter mismatch)
[17:38:17] --- batch 7/22: [L2] w5-backward-algo ---
[17:38:17] 清空会话上下文 (notebooklm clear)
[17:38:17] 提问 (116 字, nlm_timeout=120s)…
[17:38:19] 尝试 3 失败 [unknown]: RPC rLM1Ne returned null result data (possible server error or parameter mismatch)
[17:38:19] 重试 3/3，等待 60s…
[17:38:20] 尝试 1 失败 [unknown]: RPC rLM1Ne returned null result data (possible server error or parameter mismatch)
[17:38:20] 重试 1/3，等待 15s…
[17:38:32] 提问 (116 字, nlm_timeout=120s)…
[17:38:35] 尝试 2 失败 [unknown]: RPC rLM1Ne returned null result data (possible server error or parameter mismatch)
[17:38:35] 重试 2/3，等待 30s…
[17:38:44] 完成 w5-markov-hmm-intro (93.7s)
[17:38:44] 等待 8.0s…
[17:38:52] --- batch 4/22: [L2] w5-hmm-five-tuple ---
[17:38:52] 清空会话上下文 (notebooklm clear)
[17:38:52] 提问 (119 字, nlm_timeout=120s)…
[17:39:02] 提问 (116 字, nlm_timeout=120s)…
[17:39:04] 尝试 3 失败 [unknown]: RPC rLM1Ne returned null result data (possible server error or parameter mismatch)
[17:39:04] 重试 3/3，等待 60s…
[17:39:13] 提问 (119 字, nlm_timeout=120s)…
[17:39:15] 尝试 4 失败 [unknown]: RPC rLM1Ne returned null result data (possible server error or parameter mismatch)
[17:39:15] 失败 w5-hmm-five-tuple (108.1s) [unknown]: RPC rLM1Ne returned null result data (possible server error or parameter mismatch)
[17:39:15] --- batch 5/22: [L2] w5-hmm-three-problems ---
[17:39:15] 清空会话上下文 (notebooklm clear)
[17:39:15] 提问 (179 字, nlm_timeout=120s)…
[17:39:18] 尝试 1 失败 [unknown]: RPC rLM1Ne returned null result data (possible server error or parameter mismatch)
[17:39:18] 重试 1/3，等待 15s…
[17:39:30] 提问 (179 字, nlm_timeout=120s)…
[17:39:33] 尝试 2 失败 [unknown]: RPC rLM1Ne returned null result data (possible server error or parameter mismatch)
[17:39:33] 重试 2/3，等待 30s…
[17:39:39] 完成 w5-hmm-five-tuple (47.0s)
[17:39:39] 等待 8.0s…
[17:39:47] --- batch 5/22: [L2] w5-hmm-three-problems ---
[17:39:47] 清空会话上下文 (notebooklm clear)
[17:39:48] 提问 (179 字, nlm_timeout=120s)…
[17:39:58] 提问 (116 字, nlm_timeout=120s)…
[17:40:00] 提问 (179 字, nlm_timeout=120s)…
[17:40:01] 尝试 4 失败 [unknown]: RPC rLM1Ne returned null result data (possible server error or parameter mismatch)
[17:40:01] 失败 w5-backward-algo (103.5s) [unknown]: RPC rLM1Ne returned null result data (possible server error or parameter mismatch)
[17:40:01] --- batch 8/22: [L2] w5-viterbi ---
[17:40:01] 清空会话上下文 (notebooklm clear)
[17:40:01] 提问 (148 字, nlm_timeout=120s)…
[17:40:02] 尝试 3 失败 [unknown]: RPC rLM1Ne returned null result data (possible server error or parameter mismatch)
[17:40:02] 重试 3/3，等待 60s…
[17:40:03] 尝试 1 失败 [unknown]: RPC rLM1Ne returned null result data (possible server error or parameter mismatch)
[17:40:03] 重试 1/3，等待 15s…
[17:40:18] 提问 (148 字, nlm_timeout=120s)…
[17:40:21] 尝试 2 失败 [unknown]: RPC rLM1Ne returned null result data (possible server error or parameter mismatch)
[17:40:21] 重试 2/3，等待 30s…
[17:40:29] 完成 w5-hmm-three-problems (41.2s)
[17:40:29] 等待 8.0s…
[17:40:37] --- batch 6/22: [L2] w5-forward-algo ---
[17:40:37] 清空会话上下文 (notebooklm clear)
[17:40:37] 提问 (142 字, nlm_timeout=120s)…
[17:40:48] 提问 (148 字, nlm_timeout=120s)…
[17:40:55] 尝试 3 失败 [unknown]: RPC rLM1Ne returned null result data (possible server error or parameter mismatch)
[17:40:55] 重试 3/3，等待 60s…
[17:40:59] 提问 (179 字, nlm_timeout=120s)…
[17:40:59] 尝试 4 失败 [unknown]: RPC rLM1Ne returned null result data (possible server error or parameter mismatch)
[17:40:59] 失败 w5-hmm-three-problems (103.4s) [unknown]: RPC rLM1Ne returned null result data (possible server error or parameter mismatch)
[17:40:59] --- batch 6/22: [L2] w5-forward-algo ---
[17:40:59] 清空会话上下文 (notebooklm clear)
[17:40:59] 提问 (142 字, nlm_timeout=120s)…
[17:41:01] 尝试 1 失败 [unknown]: RPC rLM1Ne returned null result data (possible server error or parameter mismatch)
[17:41:01] 重试 1/3，等待 15s…
[17:41:16] 提问 (142 字, nlm_timeout=120s)…
[17:41:19] 尝试 2 失败 [unknown]: RPC rLM1Ne returned null result data (possible server error or parameter mismatch)
[17:41:19] 重试 2/3，等待 30s…
[17:41:27] 完成 w5-forward-algo (50.1s)
[17:41:27] 等待 8.0s…
[17:41:35] --- batch 7/22: [L2] w5-backward-algo ---
[17:41:35] 清空会话上下文 (notebooklm clear)
[17:41:35] 提问 (116 字, nlm_timeout=120s)…
[17:41:46] 提问 (142 字, nlm_timeout=120s)…
[17:41:48] 尝试 3 失败 [unknown]: RPC rLM1Ne returned null result data (possible server error or parameter mismatch)
[17:41:48] 重试 3/3，等待 60s…
[17:41:49] 提问 (148 字, nlm_timeout=120s)…
[17:41:52] 尝试 4 失败 [unknown]: RPC rLM1Ne returned null result data (possible server error or parameter mismatch)
[17:41:52] 失败 w5-viterbi (110.6s) [unknown]: RPC rLM1Ne returned null result data (possible server error or parameter mismatch)
[17:41:52] --- batch 9/22: [L2] w5-baum-welch ---
[17:41:52] 清空会话上下文 (notebooklm clear)
[17:41:52] 提问 (156 字, nlm_timeout=120s)…
[17:41:54] 尝试 1 失败 [unknown]: RPC rLM1Ne returned null result data (possible server error or parameter mismatch)
[17:41:54] 重试 1/3，等待 15s…
[17:42:06] 提问 (156 字, nlm_timeout=120s)…
[17:42:09] 尝试 2 失败 [unknown]: Request failed calling GET_NOTEBOOK: Server disconnected without sending a response.
[17:42:09] 重试 2/3，等待 30s…
[17:42:36] 提问 (156 字, nlm_timeout=120s)…
[17:42:38] 尝试 3 失败 [unknown]: RPC rLM1Ne returned null result data (possible server error or parameter mismatch)
[17:42:38] 重试 3/3，等待 60s…
[17:42:42] 提问 (142 字, nlm_timeout=120s)…
[17:42:45] 尝试 4 失败 [unknown]: RPC rLM1Ne returned null result data (possible server error or parameter mismatch)
[17:42:45] 失败 w5-forward-algo (105.9s) [unknown]: RPC rLM1Ne returned null result data (possible server error or parameter mismatch)
[17:42:45] --- batch 7/22: [L2] w5-backward-algo ---
[17:42:45] 清空会话上下文 (notebooklm clear)
[17:42:45] 提问 (116 字, nlm_timeout=120s)…
[17:42:48] 尝试 1 失败 [unknown]: RPC rLM1Ne returned null result data (possible server error or parameter mismatch)
[17:42:48] 重试 1/3，等待 15s…
[17:43:00] 提问 (116 字, nlm_timeout=120s)…
[17:43:02] 尝试 2 失败 [unknown]: RPC rLM1Ne returned null result data (possible server error or parameter mismatch)
[17:43:02] 重试 2/3，等待 30s…
[17:43:23] 完成 w5-backward-algo (107.9s)
[17:43:23] 等待 8.0s…
[17:43:28] --- batch 8/22: [L2] w5-viterbi ---
[17:43:28] 清空会话上下文 (notebooklm clear)
[17:43:28] 提问 (148 字, nlm_timeout=120s)…
[17:43:29] 提问 (116 字, nlm_timeout=120s)…
[17:43:32] 尝试 3 失败 [unknown]: RPC rLM1Ne returned null result data (possible server error or parameter mismatch)
[17:43:32] 重试 3/3，等待 60s…
[17:43:33] 提问 (156 字, nlm_timeout=120s)…
[17:43:35] 尝试 4 失败 [unknown]: RPC rLM1Ne returned null result data (possible server error or parameter mismatch)
[17:43:35] 失败 w5-baum-welch (103.3s) [unknown]: RPC rLM1Ne returned null result data (possible server error or parameter mismatch)
[17:43:35] --- batch 10/22: [L3] w5-forward-numeric ---
[17:43:35] 清空会话上下文 (notebooklm clear)
[17:43:35] 提问 (112 字, nlm_timeout=120s)…
[17:43:38] 尝试 1 失败 [unknown]: RPC rLM1Ne returned null result data (possible server error or parameter mismatch)
[17:43:38] 重试 1/3，等待 15s…
[17:43:53] 提问 (112 字, nlm_timeout=120s)…
[17:43:55] 尝试 2 失败 [unknown]: RPC rLM1Ne returned null result data (possible server error or parameter mismatch)
[17:43:55] 重试 2/3，等待 30s…
[17:44:22] 提问 (112 字, nlm_timeout=120s)…
[17:44:25] 完成 w5-viterbi (56.3s)
[17:44:25] 等待 8.0s…
[17:44:25] 尝试 3 失败 [unknown]: RPC rLM1Ne returned null result data (possible server error or parameter mismatch)
[17:44:25] 重试 3/3，等待 60s…
[17:44:26] 提问 (116 字, nlm_timeout=120s)…
[17:44:29] 尝试 4 失败 [unknown]: RPC rLM1Ne returned null result data (possible server error or parameter mismatch)
[17:44:29] 失败 w5-backward-algo (103.4s) [unknown]: RPC rLM1Ne returned null result data (possible server error or parameter mismatch)
[17:44:29] --- batch 9/22: [L2] w5-baum-welch ---
[17:44:29] 清空会话上下文 (notebooklm clear)
[17:44:29] 提问 (156 字, nlm_timeout=120s)…
[17:44:30] --- batch 9/22: [L2] w5-baum-welch ---
[17:44:30] 清空会话上下文 (notebooklm clear)
[17:44:30] 提问 (156 字, nlm_timeout=120s)…
[17:44:31] 尝试 1 失败 [unknown]: RPC rLM1Ne returned null result data (possible server error or parameter mismatch)
[17:44:31] 重试 1/3，等待 15s…
[17:44:46] 提问 (156 字, nlm_timeout=120s)…
[17:44:49] 尝试 2 失败 [unknown]: RPC rLM1Ne returned null result data (possible server error or parameter mismatch)
[17:44:49] 重试 2/3，等待 30s…
[17:45:16] 提问 (156 字, nlm_timeout=120s)…
[17:45:16] 尝试 3 失败 [unknown]: Server disconnected without sending a response.
[17:45:16] 重试 3/3，等待 60s…
[17:45:19] 提问 (112 字, nlm_timeout=120s)…
[17:45:20] 尝试 4 失败 [unknown]: Server disconnected without sending a response.
[17:45:20] 失败 w5-forward-numeric (104.4s) [unknown]: Server disconnected without sending a response.
[17:45:20] --- batch 11/22: [L1+L2] w6-hmm-generative ---
[17:45:20] 清空会话上下文 (notebooklm clear)
[17:45:20] 提问 (119 字, nlm_timeout=120s)…
[17:45:21] 尝试 1 失败 [unknown]: Server disconnected without sending a response.
[17:45:21] 重试 1/3，等待 15s…
[17:45:25] 完成 w5-baum-welch (54.8s)
[17:45:25] 等待 8.0s…
[17:45:30] --- batch 10/22: [L3] w5-forward-numeric ---
[17:45:30] 清空会话上下文 (notebooklm clear)
[17:45:30] 提问 (112 字, nlm_timeout=120s)…
[17:45:31] 尝试 1 失败 [unknown]: Server disconnected without sending a response.
[17:45:31] 重试 1/3，等待 15s…
[17:45:33] 提问 (119 字, nlm_timeout=120s)…
[17:45:34] 尝试 2 失败 [unknown]: Server disconnected without sending a response.
[17:45:34] 重试 2/3，等待 30s…
[17:45:46] 提问 (112 字, nlm_timeout=120s)…
[17:46:01] 提问 (119 字, nlm_timeout=120s)…
[17:46:04] 尝试 3 失败 [unknown]: RPC rLM1Ne returned null result data (possible server error or parameter mismatch)
[17:46:04] 重试 3/3，等待 60s…
[17:46:11] 提问 (156 字, nlm_timeout=120s)…
[17:46:13] 尝试 4 失败 [unknown]: RPC rLM1Ne returned null result data (possible server error or parameter mismatch)
[17:46:13] 失败 w5-baum-welch (104.6s) [unknown]: RPC rLM1Ne returned null result data (possible server error or parameter mismatch)
[17:46:13] --- batch 10/22: [L3] w5-forward-numeric ---
[17:46:13] 清空会话上下文 (notebooklm clear)
[17:46:13] 提问 (112 字, nlm_timeout=120s)…
[17:46:17] 尝试 1 失败 [unknown]: RPC rLM1Ne returned null result data (possible server error or parameter mismatch)
[17:46:17] 重试 1/3，等待 15s…
[17:46:29] 提问 (112 字, nlm_timeout=120s)…
[17:46:31] 尝试 2 失败 [unknown]: RPC rLM1Ne returned null result data (possible server error or parameter mismatch)
[17:46:31] 重试 2/3，等待 30s…
[17:46:35] 完成 w5-forward-numeric (65.5s, 重试 1 次)
[17:46:35] 等待 8.0s…
[17:46:43] --- batch 11/22: [L1+L2] w6-hmm-generative ---
[17:46:43] 清空会话上下文 (notebooklm clear)
[17:46:44] 提问 (119 字, nlm_timeout=120s)…
[17:46:58] 提问 (119 字, nlm_timeout=120s)…
[17:46:58] 提问 (112 字, nlm_timeout=120s)…
[17:47:00] 尝试 4 失败 [unknown]: RPC rLM1Ne returned null result data (possible server error or parameter mismatch)
[17:47:00] 失败 w6-hmm-generative (100.4s) [unknown]: RPC rLM1Ne returned null result data (possible server error or parameter mismatch)
[17:47:00] --- batch 12/22: [L2] w6-crf-intro ---
[17:47:00] 清空会话上下文 (notebooklm clear)
[17:47:00] 提问 (118 字, nlm_timeout=120s)…
[17:47:01] 尝试 3 失败 [unknown]: RPC rLM1Ne returned null result data (possible server error or parameter mismatch)
[17:47:01] 重试 3/3，等待 60s…
[17:47:03] 尝试 1 失败 [unknown]: RPC rLM1Ne returned null result data (possible server error or parameter mismatch)
[17:47:03] 重试 1/3，等待 15s…
[17:47:18] 提问 (118 字, nlm_timeout=120s)…
[17:47:21] 尝试 2 失败 [unknown]: RPC rLM1Ne returned null result data (possible server error or parameter mismatch)
[17:47:21] 重试 2/3，等待 30s…
[17:47:34] 完成 w6-hmm-generative (50.8s)
[17:47:34] 等待 8.0s…
[17:47:42] --- batch 12/22: [L2] w6-crf-intro ---
[17:47:42] 清空会话上下文 (notebooklm clear)
[17:47:42] 提问 (118 字, nlm_timeout=120s)…
[17:47:48] 提问 (118 字, nlm_timeout=120s)…
[17:47:55] 尝试 3 失败 [unknown]: RPC rLM1Ne returned null result data (possible server error or parameter mismatch)
[17:47:55] 重试 3/3，等待 60s…
[17:47:55] 提问 (112 字, nlm_timeout=120s)…
[17:47:58] 尝试 4 失败 [unknown]: RPC rLM1Ne returned null result data (possible server error or parameter mismatch)
[17:47:58] 失败 w5-forward-numeric (104.1s) [unknown]: RPC rLM1Ne returned null result data (possible server error or parameter mismatch)
[17:47:58] --- batch 12/22: [L2] w6-crf-intro ---
[17:47:58] 清空会话上下文 (notebooklm clear)
[17:47:58] 提问 (118 字, nlm_timeout=120s)…
[17:48:05] 尝试 1 失败 [unknown]: RPC rLM1Ne returned null result data (possible server error or parameter mismatch)
[17:48:05] 重试 1/3，等待 15s…
[17:48:20] 提问 (118 字, nlm_timeout=120s)…
[17:48:22] 尝试 2 失败 [unknown]: RPC rLM1Ne returned null result data (possible server error or parameter mismatch)
[17:48:22] 重试 2/3，等待 30s…
[17:48:33] 完成 w6-crf-intro (50.5s)
[17:48:33] 等待 8.0s…
[17:48:41] --- batch 13/22: [L2] w6-crf-features ---
[17:48:41] 清空会话上下文 (notebooklm clear)
[17:48:41] 提问 (133 字, nlm_timeout=120s)…
[17:48:50] 提问 (118 字, nlm_timeout=120s)…
[17:48:52] 提问 (118 字, nlm_timeout=120s)…
[17:48:52] 尝试 3 失败 [unknown]: RPC rLM1Ne returned null result data (possible server error or parameter mismatch)
[17:48:52] 重试 3/3，等待 60s…
[17:48:51] 尝试 4 失败 [unknown]: RPC rLM1Ne returned null result data (possible server error or parameter mismatch)
[17:48:51] 失败 w6-crf-intro (111.1s) [unknown]: RPC rLM1Ne returned null result data (possible server error or parameter mismatch)
[17:48:51] --- batch 13/22: [L2] w6-crf-features ---
[17:48:51] 清空会话上下文 (notebooklm clear)
[17:48:52] 提问 (133 字, nlm_timeout=120s)…
[17:48:54] 尝试 1 失败 [unknown]: RPC rLM1Ne returned null result data (possible server error or parameter mismatch)
[17:48:54] 重试 1/3，等待 15s…
[17:49:09] 提问 (133 字, nlm_timeout=120s)…
[17:49:12] 尝试 2 失败 [unknown]: RPC rLM1Ne returned null result data (possible server error or parameter mismatch)
[17:49:12] 重试 2/3，等待 30s…
[17:49:39] 提问 (133 字, nlm_timeout=120s)…
[17:49:41] 尝试 3 失败 [unknown]: RPC rLM1Ne returned null result data (possible server error or parameter mismatch)
[17:49:41] 重试 3/3，等待 60s…
[17:49:46] 提问 (118 字, nlm_timeout=120s)…
[17:49:49] 尝试 4 失败 [unknown]: RPC rLM1Ne returned null result data (possible server error or parameter mismatch)
[17:49:49] 失败 w6-crf-intro (111.3s) [unknown]: RPC rLM1Ne returned null result data (possible server error or parameter mismatch)
[17:49:49] --- batch 13/22: [L2] w6-crf-features ---
[17:49:49] 清空会话上下文 (notebooklm clear)
[17:49:49] 提问 (133 字, nlm_timeout=120s)…
[17:49:52] 尝试 1 失败 [unknown]: RPC rLM1Ne returned null result data (possible server error or parameter mismatch)
[17:49:52] 重试 1/3，等待 15s…
[17:50:04] 提问 (133 字, nlm_timeout=120s)…
[17:50:06] 尝试 2 失败 [unknown]: RPC rLM1Ne returned null result data (possible server error or parameter mismatch)
[17:50:06] 重试 2/3，等待 30s…
[17:50:19] 完成 w6-crf-features (97.7s)
[17:50:19] 等待 8.0s…
[17:50:24] --- batch 14/22: [L2+L3] w6-hmm-vs-crf ---
[17:50:24] 清空会话上下文 (notebooklm clear)
[17:50:24] 提问 (96 字, nlm_timeout=120s)…
[17:50:33] 提问 (133 字, nlm_timeout=120s)…
[17:50:36] 提问 (133 字, nlm_timeout=120s)…
[17:50:36] 尝试 3 失败 [unknown]: RPC rLM1Ne returned null result data (possible server error or parameter mismatch)
[17:50:36] 重试 3/3，等待 60s…
[17:50:38] 尝试 4 失败 [unknown]: RPC rLM1Ne returned null result data (possible server error or parameter mismatch)
[17:50:38] 失败 w6-crf-features (106.5s) [unknown]: RPC rLM1Ne returned null result data (possible server error or parameter mismatch)
[17:50:38] --- batch 14/22: [L2+L3] w6-hmm-vs-crf ---
[17:50:38] 清空会话上下文 (notebooklm clear)
[17:50:38] 提问 (96 字, nlm_timeout=120s)…
[17:50:41] 尝试 1 失败 [unknown]: RPC rLM1Ne returned null result data (possible server error or parameter mismatch)
[17:50:41] 重试 1/3，等待 15s…
[17:50:53] 提问 (96 字, nlm_timeout=120s)…
[17:50:55] 尝试 2 失败 [unknown]: RPC rLM1Ne returned null result data (possible server error or parameter mismatch)
[17:50:55] 重试 2/3，等待 30s…
[17:51:12] 完成 w6-hmm-vs-crf (48.2s)
[17:51:12] 等待 8.0s…
[17:51:20] --- batch 15/22: [L1+L2] w6-word-embedding ---
[17:51:20] 清空会话上下文 (notebooklm clear)
[17:51:20] 提问 (139 字, nlm_timeout=120s)…
[17:51:22] 提问 (96 字, nlm_timeout=120s)…
[17:51:25] 尝试 3 失败 [unknown]: RPC rLM1Ne returned null result data (possible server error or parameter mismatch)
[17:51:25] 重试 3/3，等待 60s…
[17:51:30] 提问 (133 字, nlm_timeout=120s)…
[17:51:33] 尝试 4 失败 [unknown]: RPC rLM1Ne returned null result data (possible server error or parameter mismatch)
[17:51:33] 失败 w6-crf-features (103.6s) [unknown]: RPC rLM1Ne returned null result data (possible server error or parameter mismatch)
[17:51:33] --- batch 15/22: [L1+L2] w6-word-embedding ---
[17:51:33] 清空会话上下文 (notebooklm clear)
[17:51:33] 提问 (139 字, nlm_timeout=120s)…
[17:51:35] 尝试 1 失败 [unknown]: RPC rLM1Ne returned null result data (possible server error or parameter mismatch)
[17:51:35] 重试 1/3，等待 15s…
[17:51:50] 提问 (139 字, nlm_timeout=120s)…
[17:51:50] 尝试 2 失败 [unknown]: RPC rLM1Ne returned null result data (possible server error or parameter mismatch)
[17:51:50] 重试 2/3，等待 30s…
[17:52:09] 完成 w6-word-embedding (48.3s)
[17:52:09] 等待 8.0s…
[17:52:17] --- batch 16/22: [L2] w6-window-network ---
[17:52:17] 清空会话上下文 (notebooklm clear)
[17:52:17] 提问 (119 字, nlm_timeout=120s)…
[17:52:20] 提问 (139 字, nlm_timeout=120s)…
[17:52:19] 提问 (96 字, nlm_timeout=120s)…
[17:52:19] 尝试 3 失败 [unknown]: RPC rLM1Ne returned null result data (possible server error or parameter mismatch)
[17:52:19] 重试 3/3，等待 60s…
[17:52:22] 尝试 4 失败 [unknown]: RPC rLM1Ne returned null result data (possible server error or parameter mismatch)
[17:52:22] 失败 w6-hmm-vs-crf (103.4s) [unknown]: RPC rLM1Ne returned null result data (possible server error or parameter mismatch)
[17:52:22] --- batch 16/22: [L2] w6-window-network ---
[17:52:22] 清空会话上下文 (notebooklm clear)
[17:52:22] 提问 (119 字, nlm_timeout=120s)…
[17:52:24] 尝试 1 失败 [unknown]: RPC rLM1Ne returned null result data (possible server error or parameter mismatch)
[17:52:24] 重试 1/3，等待 15s…
[17:52:39] 提问 (119 字, nlm_timeout=120s)…
[17:52:42] 尝试 2 失败 [unknown]: RPC rLM1Ne returned null result data (possible server error or parameter mismatch)
[17:52:42] 重试 2/3，等待 30s…
[17:53:09] 提问 (119 字, nlm_timeout=120s)…
[17:53:09] 完成 w6-window-network (52.1s)
[17:53:09] 等待 8.0s…
[17:53:11] 尝试 3 失败 [unknown]: RPC rLM1Ne returned null result data (possible server error or parameter mismatch)
[17:53:11] 重试 3/3，等待 60s…
[17:53:16] 提问 (139 字, nlm_timeout=120s)…
[17:53:17] --- batch 17/22: [L1+L2] w6-early-dl-limits ---
[17:53:17] 清空会话上下文 (notebooklm clear)
[17:53:17] 提问 (114 字, nlm_timeout=120s)…
[17:53:19] 尝试 4 失败 [unknown]: RPC rLM1Ne returned null result data (possible server error or parameter mismatch)
[17:53:19] 失败 w6-word-embedding (106.0s) [unknown]: RPC rLM1Ne returned null result data (possible server error or parameter mismatch)
[17:53:19] --- batch 17/22: [L1+L2] w6-early-dl-limits ---
[17:53:19] 清空会话上下文 (notebooklm clear)
[17:53:19] 提问 (114 字, nlm_timeout=120s)…
[17:53:19] 尝试 1 失败 [unknown]: RPC rLM1Ne returned null result data (possible server error or parameter mismatch)
[17:53:19] 重试 1/3，等待 15s…
[17:53:34] 提问 (114 字, nlm_timeout=120s)…
[17:53:36] 尝试 2 失败 [unknown]: RPC rLM1Ne returned null result data (possible server error or parameter mismatch)
[17:53:36] 重试 2/3，等待 30s…
[17:54:03] 完成 w6-early-dl-limits (46.1s)
[17:54:03] 等待 8.0s…
[17:54:03] 提问 (114 字, nlm_timeout=120s)…
[17:54:05] 提问 (119 字, nlm_timeout=120s)…
[17:54:06] 尝试 3 失败 [unknown]: RPC rLM1Ne returned null result data (possible server error or parameter mismatch)
[17:54:06] 重试 3/3，等待 60s…
[17:54:08] 尝试 4 失败 [unknown]: RPC rLM1Ne returned null result data (possible server error or parameter mismatch)
[17:54:08] 失败 w6-window-network (106.3s) [unknown]: RPC rLM1Ne returned null result data (possible server error or parameter mismatch)
[17:54:08] --- batch 18/22: [L1] w6-to-rnn ---
[17:54:08] 清空会话上下文 (notebooklm clear)
[17:54:08] 提问 (116 字, nlm_timeout=120s)…
[17:54:11] 尝试 1 失败 [unknown]: RPC rLM1Ne returned null result data (possible server error or parameter mismatch)
[17:54:11] 重试 1/3，等待 15s…
[17:54:11] --- batch 18/22: [L1] w6-to-rnn ---
[17:54:11] 清空会话上下文 (notebooklm clear)
[17:54:11] 提问 (116 字, nlm_timeout=120s)…
[17:54:23] 提问 (116 字, nlm_timeout=120s)…
[17:54:25] 尝试 2 失败 [unknown]: RPC rLM1Ne returned null result data (possible server error or parameter mismatch)
[17:54:25] 重试 2/3，等待 30s…
[17:54:52] 提问 (116 字, nlm_timeout=120s)…
[17:54:55] 尝试 3 失败 [unknown]: RPC rLM1Ne returned null result data (possible server error or parameter mismatch)
[17:54:55] 重试 3/3，等待 60s…
[17:54:57] 完成 w6-to-rnn (45.8s)
[17:54:57] 等待 8.0s…
[17:55:00] 提问 (114 字, nlm_timeout=120s)…
[17:55:02] 尝试 4 失败 [unknown]: RPC rLM1Ne returned null result data (possible server error or parameter mismatch)
[17:55:02] 失败 w6-early-dl-limits (103.2s) [unknown]: RPC rLM1Ne returned null result data (possible server error or parameter mismatch)
[17:55:02] --- batch 19/22: [L4] w56-bridge-w34 ---
[17:55:02] 清空会话上下文 (notebooklm clear)
[17:55:02] 提问 (93 字, nlm_timeout=120s)…
[17:55:05] 尝试 1 失败 [unknown]: RPC rLM1Ne returned null result data (possible server error or parameter mismatch)
[17:55:05] 重试 1/3，等待 15s…
[17:55:05] --- batch 19/22: [L4] w56-bridge-w34 ---
[17:55:05] 清空会话上下文 (notebooklm clear)
[17:55:05] 提问 (93 字, nlm_timeout=120s)…
[17:55:17] 提问 (93 字, nlm_timeout=120s)…
[17:55:19] 尝试 2 失败 [unknown]: RPC rLM1Ne returned null result data (possible server error or parameter mismatch)
[17:55:19] 重试 2/3，等待 30s…
[17:55:46] 提问 (93 字, nlm_timeout=120s)…
[17:55:49] 尝试 3 失败 [unknown]: RPC rLM1Ne returned null result data (possible server error or parameter mismatch)
[17:55:49] 重试 3/3，等待 60s…
[17:55:49] 提问 (116 字, nlm_timeout=120s)…
[17:55:51] 尝试 4 失败 [unknown]: RPC rLM1Ne returned null result data (possible server error or parameter mismatch)
[17:55:51] 失败 w6-to-rnn (103.2s) [unknown]: RPC rLM1Ne returned null result data (possible server error or parameter mismatch)
[17:55:51] --- batch 19/22: [L4] w56-bridge-w34 ---
[17:55:51] 清空会话上下文 (notebooklm clear)
[17:55:52] 提问 (93 字, nlm_timeout=120s)…
[17:55:54] 尝试 1 失败 [unknown]: RPC rLM1Ne returned null result data (possible server error or parameter mismatch)
[17:55:54] 重试 1/3，等待 15s…
[17:55:56] 完成 w56-bridge-w34 (50.5s)
[17:55:56] 等待 8.0s…
[17:56:04] --- batch 20/22: [L4] w56-project ---
[17:56:04] 清空会话上下文 (notebooklm clear)
[17:56:04] 提问 (156 字, nlm_timeout=120s)…
[17:56:09] 提问 (93 字, nlm_timeout=120s)…
[17:56:11] 尝试 2 失败 [unknown]: RPC rLM1Ne returned null result data (possible server error or parameter mismatch)
[17:56:11] 重试 2/3，等待 30s…
[17:56:38] 提问 (93 字, nlm_timeout=120s)…
[17:56:41] 尝试 3 失败 [unknown]: RPC rLM1Ne returned null result data (possible server error or parameter mismatch)
[17:56:41] 重试 3/3，等待 60s…
[17:56:46] 提问 (93 字, nlm_timeout=120s)…
[17:56:46] 尝试 4 失败 [unknown]: RPC rLM1Ne returned null result data (possible server error or parameter mismatch)
[17:56:46] 失败 w56-bridge-w34 (104.0s) [unknown]: RPC rLM1Ne returned null result data (possible server error or parameter mismatch)
[17:56:46] --- batch 20/22: [L4] w56-project ---
[17:56:46] 清空会话上下文 (notebooklm clear)
[17:56:46] 提问 (156 字, nlm_timeout=120s)…
[17:56:49] 尝试 1 失败 [unknown]: RPC rLM1Ne returned null result data (possible server error or parameter mismatch)
[17:56:49] 重试 1/3，等待 15s…
[17:57:04] 提问 (156 字, nlm_timeout=120s)…
[17:57:06] 尝试 2 失败 [unknown]: RPC rLM1Ne returned null result data (possible server error or parameter mismatch)
[17:57:06] 重试 2/3，等待 30s…
[17:57:10] 完成 w56-project (66.3s)
[17:57:10] 等待 8.0s…
[17:57:15] --- batch 21/22: [L3] w56-mistakes ---
[17:57:15] 清空会话上下文 (notebooklm clear)
[17:57:16] 提问 (138 字, nlm_timeout=120s)…
[17:57:34] 提问 (156 字, nlm_timeout=120s)…
[17:57:35] 提问 (93 字, nlm_timeout=120s)…
[17:57:36] 尝试 3 失败 [unknown]: RPC rLM1Ne returned null result data (possible server error or parameter mismatch)
[17:57:36] 重试 3/3，等待 60s…
[17:57:38] 尝试 4 失败 [unknown]: RPC rLM1Ne returned null result data (possible server error or parameter mismatch)
[17:57:38] 失败 w56-bridge-w34 (105.9s) [unknown]: RPC rLM1Ne returned null result data (possible server error or parameter mismatch)
[17:57:38] --- batch 21/22: [L3] w56-mistakes ---
[17:57:38] 清空会话上下文 (notebooklm clear)
[17:57:38] 提问 (138 字, nlm_timeout=120s)…
[17:57:40] 尝试 1 失败 [unknown]: RPC rLM1Ne returned null result data (possible server error or parameter mismatch)
[17:57:40] 重试 1/3，等待 15s…
[17:57:52] 提问 (138 字, nlm_timeout=120s)…
[17:57:55] 尝试 2 失败 [unknown]: RPC rLM1Ne returned null result data (possible server error or parameter mismatch)
[17:57:55] 重试 2/3，等待 30s…
[17:58:08] 完成 w56-mistakes (52.1s)
[17:58:08] 等待 8.0s…
[17:58:13] --- batch 22/22: [L4] w56-study-order ---
[17:58:13] 清空会话上下文 (notebooklm clear)
[17:58:13] 提问 (84 字, nlm_timeout=120s)…
[17:58:22] 提问 (138 字, nlm_timeout=120s)…
[17:58:24] 尝试 3 失败 [unknown]: RPC rLM1Ne returned null result data (possible server error or parameter mismatch)
[17:58:24] 重试 3/3，等待 60s…
[17:58:30] 提问 (156 字, nlm_timeout=120s)…
[17:58:33] 尝试 4 失败 [unknown]: RPC rLM1Ne returned null result data (possible server error or parameter mismatch)
[17:58:33] 失败 w56-project (106.2s) [unknown]: RPC rLM1Ne returned null result data (possible server error or parameter mismatch)
[17:58:33] --- batch 22/22: [L4] w56-study-order ---
[17:58:33] 清空会话上下文 (notebooklm clear)
[17:58:33] 提问 (84 字, nlm_timeout=120s)…
[17:58:35] 尝试 1 失败 [unknown]: RPC rLM1Ne returned null result data (possible server error or parameter mismatch)
[17:58:35] 重试 1/3，等待 15s…
[17:58:47] 提问 (84 字, nlm_timeout=120s)…
[17:58:50] 尝试 2 失败 [unknown]: RPC rLM1Ne returned null result data (possible server error or parameter mismatch)
[17:58:50] 重试 2/3，等待 30s…
[17:59:12] 完成 w56-study-order (59.3s)
[17:59:12] 采集结束: status=completed | ok=22 skipped=0 failed=0/22 | 重试 1 次 | 耗时 1435.3s
[17:59:17] 提问 (84 字, nlm_timeout=120s)…
[17:59:18] 提问 (138 字, nlm_timeout=120s)…
[17:59:19] 尝试 3 失败 [unknown]: RPC rLM1Ne returned null result data (possible server error or parameter mismatch)
[17:59:19] 重试 3/3，等待 60s…
[17:59:21] 尝试 4 失败 [unknown]: RPC rLM1Ne returned null result data (possible server error or parameter mismatch)
[17:59:21] 失败 w56-mistakes (103.2s) [unknown]: RPC rLM1Ne returned null result data (possible server error or parameter mismatch)
[17:59:21] 采集结束: status=failed | ok=0 skipped=0 failed=22/22 | 重试 0 次 | 耗时 1902.61s | 待重跑: w6-word-embedding, w6-early-dl-limits, w56-project, w56-study-order, L0-positioning, w5-seq-challenges, w5-markov-hmm-intro, w5-hmm-five-tuple, w5-hmm-three-problems, w5-forward-algo, w5-backward-algo, w5-viterbi, w5-baum-welch, w5-forward-numeric, w6-hmm-generative, w6-crf-intro, w6-crf-features, w6-hmm-vs-crf, w6-window-network, w6-to-rnn, w56-bridge-w34, w56-mistakes
[18:00:14] 提问 (84 字, nlm_timeout=120s)…
[18:00:16] 尝试 4 失败 [unknown]: RPC rLM1Ne returned null result data (possible server error or parameter mismatch)
[18:00:16] 失败 w56-study-order (103.2s) [unknown]: RPC rLM1Ne returned null result data (possible server error or parameter mismatch)
[18:00:16] 采集结束: status=failed | ok=0 skipped=0 failed=22/22 | 重试 0 次 | 耗时 1692.51s | 待重跑: w5-viterbi, w6-hmm-generative, w6-hmm-vs-crf, w6-window-network, w6-to-rnn, w56-mistakes, L0-positioning, w5-seq-challenges, w5-markov-hmm-intro, w5-hmm-five-tuple, w5-hmm-three-problems, w5-forward-algo, w5-backward-algo, w5-baum-welch, w5-forward-numeric, w6-crf-intro, w6-crf-features, w6-word-embedding, w6-early-dl-limits, w56-bridge-w34, w56-project, w56-study-order
