[13:49:37] 模块: week15 | 批次数: 8 | 输出: /home/thesumst/.cursor/worktrees/ai__SSH__wsl_/zodi/notebooklm-raw/week15/runs/20260616-134937
[13:49:37] 同步认证…
[13:49:37] 认证 OK
[13:49:37] 选定 Notebook: 505bdb1c-0034-4e14-89df-0b14bf3fc723
[13:49:40] --- batch 1/8: [L0] L0-positioning ---
[13:49:40] 清空会话上下文 (notebooklm clear)
[13:49:40] 提问 (161 字, nlm_timeout=120s)…
[13:50:18] 完成 L0-positioning (37.8s)
[13:50:18] 等待 8.0s…
[13:50:26] --- batch 2/8: [L1+L2] w15-forward-vs-backward ---
[13:50:26] 清空会话上下文 (notebooklm clear)
[13:50:26] 提问 (151 字, nlm_timeout=120s)…
[13:51:18] 完成 w15-forward-vs-backward (51.3s)
[13:51:18] 等待 8.0s…
[13:51:26] --- batch 3/8: [L2] w15-production-system ---
[13:51:26] 清空会话上下文 (notebooklm clear)
[13:51:26] 提问 (124 字, nlm_timeout=120s)…
[13:52:09] 完成 w15-production-system (43.5s)
[13:52:09] 等待 8.0s…
[13:52:17] --- batch 4/8: [L2+L3] w15-clips-syntax ---
[13:52:17] 清空会话上下文 (notebooklm clear)
[13:52:17] 提问 (204 字, nlm_timeout=120s)…
[13:53:03] 完成 w15-clips-syntax (45.6s)
[13:53:03] 等待 8.0s…
[13:53:11] --- batch 5/8: [L3] w15-complex-pattern ---
[13:53:11] 清空会话上下文 (notebooklm clear)
[13:53:11] 提问 (150 字, nlm_timeout=120s)…
[13:53:54] 完成 w15-complex-pattern (43.4s)
[13:53:54] 等待 8.0s…
[13:54:02] --- batch 6/8: [L1+L2] w15-animal-game ---
[13:54:02] 清空会话上下文 (notebooklm clear)
[13:54:03] 提问 (105 字, nlm_timeout=120s)…
[13:54:57] 完成 w15-animal-game (54.9s)
[13:54:57] 等待 8.0s…
[13:55:05] --- batch 7/8: [L4] w15-bridge ---
[13:55:05] 清空会话上下文 (notebooklm clear)
[13:55:06] 提问 (106 字, nlm_timeout=120s)…
[13:55:46] 完成 w15-bridge (40.6s)
[13:55:46] 等待 8.0s…
[13:55:54] --- batch 8/8: [L3] w15-mistakes ---
[13:55:54] 清空会话上下文 (notebooklm clear)
[13:55:54] 提问 (90 字, nlm_timeout=120s)…
[13:55:55] 尝试 1 失败 [unknown]: Server disconnected without sending a response.
[13:55:55] 重试 1/3，等待 15s…
[13:56:10] 提问 (90 字, nlm_timeout=120s)…
[13:57:01] 完成 w15-mistakes (66.8s, 重试 1 次)
[13:57:01] 采集结束: status=completed | ok=8 skipped=0 failed=0/8 | 重试 1 次 | 耗时 444.33s
