[16:28:16] 模块: ppt05 | 批次数: 7 | 输出: /home/thesumst/development/ai/notebooklm-raw/ppt05/runs/20260619-162816
[16:28:16] 同步认证…
[16:28:18] 认证 OK
[16:28:18] 选定 Notebook: 505bdb1c-0034-4e14-89df-0b14bf3fc723
[16:28:21] --- batch 1/7: [L1] ppt05-partA-background ---
[16:28:21] 清空会话上下文 (notebooklm clear)
[16:28:21] 提问 (132 字, nlm_timeout=120s)…
[16:29:03] 完成 ppt05-partA-background (42.0s)
[16:29:03] 等待 8.0s…
[16:29:11] --- batch 2/7: [L2] ppt05-partB-bayes ---
[16:29:11] 清空会话上下文 (notebooklm clear)
[16:29:11] 提问 (226 字, nlm_timeout=120s)…
[16:29:57] 完成 ppt05-partB-bayes (45.7s)
[16:29:57] 等待 8.0s…
[16:30:05] --- batch 3/7: [L2] ppt05-partC-cf-theory ---
[16:30:05] 清空会话上下文 (notebooklm clear)
[16:30:05] 提问 (254 字, nlm_timeout=120s)…
[16:30:58] 完成 ppt05-partC-cf-theory (52.9s)
[16:30:58] 等待 8.0s…
[16:31:06] --- batch 4/7: [L3] ppt05-partC-cf-numeric ---
[16:31:06] 清空会话上下文 (notebooklm clear)
[16:31:06] 提问 (138 字, nlm_timeout=120s)…
[16:32:33] 完成 ppt05-partC-cf-numeric (86.6s)
[16:32:33] 等待 8.0s…
[16:32:41] --- batch 5/7: [L2] ppt05-partD-fuzzy ---
[16:32:41] 清空会话上下文 (notebooklm clear)
[16:32:41] 提问 (215 字, nlm_timeout=120s)…
[16:33:49] 完成 ppt05-partD-fuzzy (67.7s)
[16:33:49] 等待 8.0s…
[16:33:57] --- batch 6/7: [L2] ppt05-partE-markov ---
[16:33:57] 清空会话上下文 (notebooklm clear)
[16:33:57] 提问 (179 字, nlm_timeout=120s)…
[16:34:39] 完成 ppt05-partE-markov (42.8s)
[16:34:39] 等待 8.0s…
[16:34:47] --- batch 7/7: [L3] ppt05-mistakes ---
[16:34:47] 清空会话上下文 (notebooklm clear)
[16:34:49] 提问 (105 字, nlm_timeout=120s)…
[16:35:36] 完成 ppt05-mistakes (47.0s)
[16:35:36] 采集结束: status=completed | ok=7 skipped=0 failed=0/7 | 重试 0 次 | 耗时 439.88s
