=== collect-all-parts 2026-06-16T12:44:36+08:00 ===
--- START week1-2 2026-06-16T12:44:36+08:00 ---
[12:44:36] 模块: week1-2 | 批次数: 4 | 输出: /home/thesumst/.cursor/worktrees/ai__SSH__wsl_/zodi/notebooklm-raw/week1-2/runs/20260616-124436
[12:44:36] 同步认证…
[12:44:36] 认证 OK
[12:44:36] 选定 Notebook: 505bdb1c-0034-4e14-89df-0b14bf3fc723
[12:44:40] --- batch 1/4: [L0] L0-positioning ---
[12:44:40] 清空会话上下文 (notebooklm clear)
[12:44:41] 提问 (298 字, nlm_timeout=120s)…
[12:45:30] 完成 L0-positioning (49.0s)
[12:45:30] 等待 8.0s…
[12:45:38] --- batch 2/4: [L1+L2] L1L2-week1-overview ---
[12:45:38] 清空会话上下文 (notebooklm clear)
[12:45:38] 提问 (251 字, nlm_timeout=120s)…
[12:46:33] 完成 L1L2-week1-overview (55.0s)
[12:46:33] 等待 8.0s…
[12:46:41] --- batch 3/4: [L1+L2] L1L2-week2-perceptron-mlp ---
[12:46:41] 清空会话上下文 (notebooklm clear)
[12:46:41] 提问 (409 字, nlm_timeout=120s)…
[12:47:42] 完成 L1L2-week2-perceptron-mlp (61.0s)
[12:47:42] 等待 8.0s…
[12:47:50] --- batch 4/4: [L3+L4] L3L4-deep-dive ---
[12:47:50] 清空会话上下文 (notebooklm clear)
[12:47:50] 提问 (376 字, nlm_timeout=120s)…
[12:48:52] 完成 L3L4-deep-dive (62.1s)
[12:48:52] 采集结束: status=completed | ok=4 skipped=0 failed=0/4 | 重试 0 次 | 耗时 255.75s
--- OK week1-2 ---
--- START week8 2026-06-16T12:48:52+08:00 ---
[12:48:52] 模块: week8 | 批次数: 13 | 输出: /home/thesumst/.cursor/worktrees/ai__SSH__wsl_/zodi/notebooklm-raw/week8/runs/20260616-124852
[12:48:52] 同步认证…
[12:48:52] 认证 OK
[12:48:52] 选定 Notebook: 505bdb1c-0034-4e14-89df-0b14bf3fc723
[12:48:56] --- batch 1/13: [L0] L0-positioning ---
[12:48:56] 清空会话上下文 (notebooklm clear)
[12:48:56] 提问 (114 字, nlm_timeout=120s)…
[12:49:41] 完成 L0-positioning (45.7s)
[12:49:41] 等待 8.0s…
[12:49:49] --- batch 2/13: [L1+L2] w8-generative-goal ---
[12:49:49] 清空会话上下文 (notebooklm clear)
[12:49:49] 提问 (102 字, nlm_timeout=120s)…
[12:50:32] 完成 w8-generative-goal (42.3s)
[12:50:32] 等待 8.0s…
[12:50:40] --- batch 3/13: [L2] w8-vae-elbo ---
[12:50:40] 清空会话上下文 (notebooklm clear)
[12:50:40] 提问 (115 字, nlm_timeout=120s)…
[12:51:29] 完成 w8-vae-elbo (48.8s)
[12:51:29] 等待 8.0s…
[12:51:37] --- batch 4/13: [L2] w8-reparameterization ---
[12:51:37] 清空会话上下文 (notebooklm clear)
[12:51:37] 提问 (75 字, nlm_timeout=120s)…
[12:52:34] 完成 w8-reparameterization (57.2s)
[12:52:34] 等待 8.0s…
[12:52:42] --- batch 5/13: [L1+L2] w8-vae-compactness ---
[12:52:42] 清空会话上下文 (notebooklm clear)
[12:52:42] 提问 (90 字, nlm_timeout=120s)…
[12:53:28] 完成 w8-vae-compactness (45.8s)
[12:53:28] 等待 8.0s…
[12:53:36] --- batch 6/13: [L1+L2] w8-diffusion ---
[12:53:36] 清空会话上下文 (notebooklm clear)
[12:53:36] 提问 (84 字, nlm_timeout=120s)…
[12:54:16] 完成 w8-diffusion (40.2s)
[12:54:16] 等待 8.0s…
[12:54:24] --- batch 7/13: [L2] w8-flow-matching ---
[12:54:24] 清空会话上下文 (notebooklm clear)
[12:54:24] 提问 (97 字, nlm_timeout=120s)…
[12:55:23] 完成 w8-flow-matching (59.0s)
[12:55:23] 等待 8.0s…
[12:55:31] --- batch 8/13: [L1+L2] w8-gan ---
[12:55:31] 清空会话上下文 (notebooklm clear)
[12:55:32] 提问 (87 字, nlm_timeout=120s)…
[12:56:17] 完成 w8-gan (45.1s)
[12:56:17] 等待 8.0s…
[12:56:25] --- batch 9/13: [L3] w8-model-compare ---
[12:56:25] 清空会话上下文 (notebooklm clear)
[12:56:25] 提问 (80 字, nlm_timeout=120s)…
[12:57:12] 完成 w8-model-compare (46.9s)
[12:57:12] 等待 8.0s…
[12:57:20] --- batch 10/13: [L4] w8-bridge-w67 ---
[12:57:20] 清空会话上下文 (notebooklm clear)
[12:57:20] 提问 (69 字, nlm_timeout=120s)…
[12:58:49] 完成 w8-bridge-w67 (89.5s)
[12:58:49] 等待 8.0s…
[12:58:57] --- batch 11/13: [L4] w8-bridge-w10 ---
[12:58:57] 清空会话上下文 (notebooklm clear)
[12:58:57] 提问 (53 字, nlm_timeout=120s)…
[12:59:41] 完成 w8-bridge-w10 (43.2s)
[12:59:41] 等待 8.0s…
[12:59:49] --- batch 12/13: [L3] w8-mistakes ---
[12:59:49] 清空会话上下文 (notebooklm clear)
[12:59:49] 提问 (75 字, nlm_timeout=120s)…
[13:00:43] 完成 w8-mistakes (53.9s)
[13:00:43] 等待 8.0s…
[13:00:51] --- batch 13/13: [L4] w8-study-order ---
[13:00:51] 清空会话上下文 (notebooklm clear)
[13:00:51] 提问 (54 字, nlm_timeout=120s)…
[13:02:29] 完成 w8-study-order (98.1s)
[13:02:29] 采集结束: status=completed | ok=13 skipped=0 failed=0/13 | 重试 0 次 | 耗时 816.81s
--- OK week8 ---
--- START week10 2026-06-16T13:02:29+08:00 ---
[13:02:29] 模块: week10 | 批次数: 16 | 输出: /home/thesumst/.cursor/worktrees/ai__SSH__wsl_/zodi/notebooklm-raw/week10/runs/20260616-130229
[13:02:29] 同步认证…
[13:02:29] 认证 OK
[13:02:29] 选定 Notebook: 505bdb1c-0034-4e14-89df-0b14bf3fc723
[13:02:32] --- batch 1/16: [L0] L0-positioning ---
[13:02:32] 清空会话上下文 (notebooklm clear)
[13:02:32] 提问 (121 字, nlm_timeout=120s)…
[13:03:10] 完成 L0-positioning (38.3s)
[13:03:10] 等待 8.0s…
[13:03:18] --- batch 2/16: [L1+L2] w10-optimizer-evolution ---
[13:03:18] 清空会话上下文 (notebooklm clear)
[13:03:19] 提问 (124 字, nlm_timeout=120s)…
[13:04:07] 完成 w10-optimizer-evolution (48.8s)
[13:04:07] 等待 8.0s…
[13:04:15] --- batch 3/16: [L2] w10-sgd-momentum ---
[13:04:15] 清空会话上下文 (notebooklm clear)
[13:04:15] 提问 (80 字, nlm_timeout=120s)…
[13:05:08] 完成 w10-sgd-momentum (52.5s)
[13:05:08] 等待 8.0s…
[13:05:16] --- batch 4/16: [L2] w10-adaptive ---
[13:05:16] 清空会话上下文 (notebooklm clear)
[13:05:16] 提问 (93 字, nlm_timeout=120s)…
[13:06:02] 完成 w10-adaptive (45.7s)
[13:06:02] 等待 8.0s…
[13:06:10] --- batch 5/16: [L2] w10-adamw ---
[13:06:10] 清空会话上下文 (notebooklm clear)
[13:06:10] 提问 (81 字, nlm_timeout=120s)…
[13:06:45] 完成 w10-adamw (35.4s)
[13:06:45] 等待 8.0s…
[13:06:53] --- batch 6/16: [L2] w10-preprocessing ---
[13:06:53] 清空会话上下文 (notebooklm clear)
[13:06:53] 提问 (93 字, nlm_timeout=120s)…
[13:07:43] 完成 w10-preprocessing (49.2s)
[13:07:43] 等待 8.0s…
[13:07:51] --- batch 7/16: [L2] w10-hessian-geometry ---
[13:07:51] 清空会话上下文 (notebooklm clear)
[13:07:51] 提问 (86 字, nlm_timeout=120s)…
[13:08:40] 完成 w10-hessian-geometry (48.9s)
[13:08:40] 等待 8.0s…
[13:08:48] --- batch 8/16: [L2] w10-init-xavier-he ---
[13:08:48] 清空会话上下文 (notebooklm clear)
[13:08:48] 提问 (77 字, nlm_timeout=120s)…
[13:09:36] 完成 w10-init-xavier-he (47.7s)
[13:09:36] 等待 8.0s…
[13:09:44] --- batch 9/16: [L2] w10-batch-norm ---
[13:09:44] 清空会话上下文 (notebooklm clear)
[13:09:44] 提问 (87 字, nlm_timeout=120s)…
[13:10:27] 完成 w10-batch-norm (43.6s)
[13:10:27] 等待 8.0s…
[13:10:35] --- batch 10/16: [L2] w10-layer-norm ---
[13:10:35] 清空会话上下文 (notebooklm clear)
[13:10:35] 提问 (100 字, nlm_timeout=120s)…
[13:11:26] 完成 w10-layer-norm (50.1s)
[13:11:26] 等待 8.0s…
[13:11:34] --- batch 11/16: [L2] w10-regularization ---
[13:11:34] 清空会话上下文 (notebooklm clear)
[13:11:34] 提问 (74 字, nlm_timeout=120s)…
[13:12:21] 完成 w10-regularization (47.6s)
[13:12:21] 等待 8.0s…
[13:12:29] --- batch 12/16: [L2] w10-hyperparams ---
[13:12:29] 清空会话上下文 (notebooklm clear)
[13:12:29] 提问 (78 字, nlm_timeout=120s)…
[13:13:08] 完成 w10-hyperparams (38.1s)
[13:13:08] 等待 8.0s…
[13:13:16] --- batch 13/16: [L4] w10-bridge-w8 ---
[13:13:16] 清空会话上下文 (notebooklm clear)
[13:13:16] 提问 (54 字, nlm_timeout=120s)…
[13:14:05] 完成 w10-bridge-w8 (49.8s)
[13:14:05] 等待 8.0s…
[13:14:13] --- batch 14/16: [L4] w10-bridge-w12 ---
[13:14:13] 清空会话上下文 (notebooklm clear)
[13:14:14] 提问 (75 字, nlm_timeout=120s)…
[13:14:56] 完成 w10-bridge-w12 (42.5s)
[13:14:56] 等待 8.0s…
[13:15:04] --- batch 15/16: [L3] w10-mistakes ---
[13:15:04] 清空会话上下文 (notebooklm clear)
[13:15:04] 提问 (80 字, nlm_timeout=120s)…
[13:16:04] 完成 w10-mistakes (60.1s)
[13:16:04] 等待 8.0s…
[13:16:12] --- batch 16/16: [L4] w10-study-order ---
[13:16:12] 清空会话上下文 (notebooklm clear)
[13:16:12] 提问 (47 字, nlm_timeout=120s)…
[13:17:09] 完成 w10-study-order (56.9s)
[13:17:09] 采集结束: status=completed | ok=16 skipped=0 failed=0/16 | 重试 0 次 | 耗时 880.33s
--- OK week10 ---
--- START week12 2026-06-16T13:17:09+08:00 ---
[13:17:09] 模块: week12 | 批次数: 14 | 输出: /home/thesumst/.cursor/worktrees/ai__SSH__wsl_/zodi/notebooklm-raw/week12/runs/20260616-131709
[13:17:09] 同步认证…
[13:17:10] 认证 OK
[13:17:10] 选定 Notebook: 505bdb1c-0034-4e14-89df-0b14bf3fc723
[13:17:12] --- batch 1/14: [L0] L0-positioning ---
[13:17:12] 清空会话上下文 (notebooklm clear)
[13:17:12] 提问 (115 字, nlm_timeout=120s)…
[13:17:55] 完成 L0-positioning (42.0s)
[13:17:55] 等待 8.0s…
[13:18:03] --- batch 2/14: [L1] w12-attention-intuition ---
[13:18:03] 清空会话上下文 (notebooklm clear)
[13:18:03] 提问 (110 字, nlm_timeout=120s)…
[13:18:47] 完成 w12-attention-intuition (44.5s)
[13:18:47] 等待 8.0s…
[13:18:55] --- batch 3/14: [L2] w12-self-attention ---
[13:18:55] 清空会话上下文 (notebooklm clear)
[13:18:55] 提问 (105 字, nlm_timeout=120s)…
[13:19:51] 完成 w12-self-attention (56.0s)
[13:19:51] 等待 8.0s…
[13:19:59] --- batch 4/14: [L2] w12-transformer-encoder ---
[13:19:59] 清空会话上下文 (notebooklm clear)
[13:19:59] 提问 (118 字, nlm_timeout=120s)…
[13:20:54] 完成 w12-transformer-encoder (55.0s)
[13:20:54] 等待 8.0s…
[13:21:02] --- batch 5/14: [L2] w12-transformer-decoder ---
[13:21:02] 清空会话上下文 (notebooklm clear)
[13:21:03] 提问 (103 字, nlm_timeout=120s)…
[13:21:45] 完成 w12-transformer-decoder (42.7s)
[13:21:45] 等待 8.0s…
[13:21:53] --- batch 6/14: [L2] w12-pretrain-paradigms ---
[13:21:53] 清空会话上下文 (notebooklm clear)
[13:21:53] 提问 (93 字, nlm_timeout=120s)…
[13:22:37] 完成 w12-pretrain-paradigms (43.4s)
[13:22:37] 等待 8.0s…
[13:22:45] --- batch 7/14: [L1+L2] w12-gpt-wins ---
[13:22:45] 清空会话上下文 (notebooklm clear)
[13:22:45] 提问 (92 字, nlm_timeout=120s)…
[13:23:22] 完成 w12-gpt-wins (37.4s)
[13:23:22] 等待 8.0s…
[13:23:30] --- batch 8/14: [L2] w12-gen-unified ---
[13:23:30] 清空会话上下文 (notebooklm clear)
[13:23:31] 提问 (81 字, nlm_timeout=120s)…
[13:24:16] 完成 w12-gen-unified (45.4s)
[13:24:16] 等待 8.0s…
[13:24:24] --- batch 9/14: [L4] w12-bridge-symbolic ---
[13:24:24] 清空会话上下文 (notebooklm clear)
[13:24:24] 提问 (65 字, nlm_timeout=120s)…
[13:25:05] 完成 w12-bridge-symbolic (40.8s)
[13:25:05] 等待 8.0s…
[13:25:13] --- batch 10/14: [L4] w12-bridge-w56 ---
[13:25:13] 清空会话上下文 (notebooklm clear)
[13:25:13] 提问 (74 字, nlm_timeout=120s)…
[13:25:59] 完成 w12-bridge-w56 (45.6s)
[13:25:59] 等待 8.0s…
[13:26:07] --- batch 11/14: [L4] w12-bridge-w13 ---
[13:26:07] 清空会话上下文 (notebooklm clear)
[13:26:07] 提问 (63 字, nlm_timeout=120s)…
[13:26:50] 完成 w12-bridge-w13 (43.6s)
[13:26:50] 等待 8.0s…
[13:26:58] --- batch 12/14: [L4] w12-pj2 ---
[13:26:58] 清空会话上下文 (notebooklm clear)
[13:26:58] 提问 (92 字, nlm_timeout=120s)…
[13:27:42] 完成 w12-pj2 (43.7s)
[13:27:42] 等待 8.0s…
[13:27:50] --- batch 13/14: [L3] w12-mistakes ---
[13:27:50] 清空会话上下文 (notebooklm clear)
[13:27:50] 提问 (94 字, nlm_timeout=120s)…
[13:28:37] 完成 w12-mistakes (46.4s)
[13:28:37] 等待 8.0s…
[13:28:45] --- batch 14/14: [L4] w12-study-order ---
[13:28:45] 清空会话上下文 (notebooklm clear)
[13:28:45] 提问 (47 字, nlm_timeout=120s)…
[13:29:39] 完成 w12-study-order (54.0s)
[13:29:39] 采集结束: status=completed | ok=14 skipped=0 failed=0/14 | 重试 0 次 | 耗时 749.46s
--- OK week12 ---
--- START week13-14 2026-06-16T13:29:39+08:00 ---
[13:29:39] 模块: week13-14 | 批次数: 19 | 输出: /home/thesumst/.cursor/worktrees/ai__SSH__wsl_/zodi/notebooklm-raw/week13-14/runs/20260616-132939
[13:29:39] 同步认证…
[13:29:39] 认证 OK
[13:29:39] 选定 Notebook: 505bdb1c-0034-4e14-89df-0b14bf3fc723
[13:29:43] --- batch 1/19: [L0] L0-positioning ---
[13:29:43] 清空会话上下文 (notebooklm clear)
[13:29:43] 提问 (118 字, nlm_timeout=120s)…
[13:30:18] 完成 L0-positioning (35.0s)
[13:30:18] 等待 8.0s…
[13:30:26] --- batch 2/19: [L4] w13-exam-info ---
[13:30:26] 清空会话上下文 (notebooklm clear)
[13:30:26] 提问 (81 字, nlm_timeout=120s)…
[13:31:00] 完成 w13-exam-info (34.1s)
[13:31:00] 等待 8.0s…
[13:31:08] --- batch 3/19: [L2] w13-bayes-framework ---
[13:31:08] 清空会话上下文 (notebooklm clear)
[13:31:08] 提问 (92 字, nlm_timeout=120s)…
[13:32:00] 完成 w13-bayes-framework (52.5s)
[13:32:00] 等待 8.0s…
[13:32:08] --- batch 4/19: [L2] w13-gmm-conjugate ---
[13:32:08] 清空会话上下文 (notebooklm clear)
[13:32:09] 提问 (69 字, nlm_timeout=120s)…
[13:32:53] 完成 w13-gmm-conjugate (44.0s)
[13:32:53] 等待 8.0s…
[13:33:01] --- batch 5/19: [L2] w13-certainty-factor ---
[13:33:01] 清空会话上下文 (notebooklm clear)
[13:33:01] 提问 (106 字, nlm_timeout=120s)…
[13:33:39] 完成 w13-certainty-factor (38.1s)
[13:33:39] 等待 8.0s…
[13:33:47] --- batch 6/19: [L3] w13-cf-numeric ---
[13:33:47] 清空会话上下文 (notebooklm clear)
[13:33:47] 提问 (86 字, nlm_timeout=120s)…
[13:34:51] 完成 w13-cf-numeric (63.5s)
[13:34:51] 等待 8.0s…
[13:34:59] --- batch 7/19: [L2] w13-markov-pagerank ---
[13:34:59] 清空会话上下文 (notebooklm clear)
[13:34:59] 提问 (71 字, nlm_timeout=120s)…
[13:35:38] 完成 w13-markov-pagerank (39.4s)
[13:35:38] 等待 8.0s…
[13:35:46] --- batch 8/19: [L1+L2] w13-fuzzy-logic ---
[13:35:46] 清空会话上下文 (notebooklm clear)
[13:35:46] 提问 (75 字, nlm_timeout=120s)…
[13:37:12] 完成 w13-fuzzy-logic (85.7s)
[13:37:12] 等待 8.0s…
[13:37:20] --- batch 9/19: [L4] w13-symbolic-vs-dl ---
[13:37:20] 清空会话上下文 (notebooklm clear)
[13:37:20] 提问 (78 字, nlm_timeout=120s)…
[13:38:04] 完成 w13-symbolic-vs-dl (44.2s)
[13:38:04] 等待 8.0s…
[13:38:12] --- batch 10/19: [L2] w14-propositional ---
[13:38:12] 清空会话上下文 (notebooklm clear)
[13:38:12] 提问 (79 字, nlm_timeout=120s)…
[13:38:58] 完成 w14-propositional (45.5s)
[13:38:58] 等待 8.0s…
[13:39:06] --- batch 11/19: [L2] w14-fol ---
[13:39:06] 清空会话上下文 (notebooklm clear)
[13:39:06] 提问 (75 字, nlm_timeout=120s)…
[13:39:57] 完成 w14-fol (50.9s)
[13:39:57] 等待 8.0s…
[13:40:05] --- batch 12/19: [L2] w14-entailment ---
[13:40:05] 清空会话上下文 (notebooklm clear)
[13:40:05] 提问 (68 字, nlm_timeout=120s)…
[13:40:51] 完成 w14-entailment (45.5s)
[13:40:51] 等待 8.0s…
[13:40:59] --- batch 13/19: [L2] w14-resolution ---
[13:40:59] 清空会话上下文 (notebooklm clear)
[13:40:59] 提问 (96 字, nlm_timeout=120s)…
[13:42:04] 完成 w14-resolution (65.7s)
[13:42:04] 等待 8.0s…
[13:42:12] --- batch 14/19: [L3] w14-exam-pipeline ---
[13:42:12] 清空会话上下文 (notebooklm clear)
[13:42:13] 提问 (89 字, nlm_timeout=120s)…
[13:42:56] 完成 w14-exam-pipeline (43.9s)
[13:42:56] 等待 8.0s…
[13:43:04] --- batch 15/19: [L2] w14-prolog ---
[13:43:04] 清空会话上下文 (notebooklm clear)
[13:43:05] 提问 (95 字, nlm_timeout=120s)…
[13:44:59] 完成 w14-prolog (114.3s)
[13:44:59] 等待 8.0s…
[13:45:07] --- batch 16/19: [L4] w1314-bridge-w12 ---
[13:45:07] 清空会话上下文 (notebooklm clear)
[13:45:07] 提问 (58 字, nlm_timeout=120s)…
[13:45:53] 完成 w1314-bridge-w12 (45.7s)
[13:45:53] 等待 8.0s…
[13:46:01] --- batch 17/19: [L4] w1314-bridge-w15 ---
[13:46:01] 清空会话上下文 (notebooklm clear)
[13:46:01] 提问 (77 字, nlm_timeout=120s)…
[13:47:51] 完成 w1314-bridge-w15 (109.8s)
[13:47:51] 等待 8.0s…
[13:47:59] --- batch 18/19: [L3] w1314-mistakes ---
[13:47:59] 清空会话上下文 (notebooklm clear)
[13:47:59] 提问 (76 字, nlm_timeout=120s)…
[13:48:49] 完成 w1314-mistakes (50.2s)
[13:48:49] 等待 8.0s…
[13:48:57] --- batch 19/19: [L4] w1314-study-order ---
[13:48:57] 清空会话上下文 (notebooklm clear)
[13:48:57] 提问 (58 字, nlm_timeout=120s)…
[13:49:37] 完成 w1314-study-order (39.5s)
[13:49:37] 采集结束: status=completed | ok=19 skipped=0 failed=0/19 | 重试 0 次 | 耗时 1197.69s
--- OK week13-14 ---
--- START week15 2026-06-16T13:49:37+08:00 ---
[13:49:37] 模块: week15 | 批次数: 8 | 输出: /home/thesumst/.cursor/worktrees/ai__SSH__wsl_/zodi/notebooklm-raw/week15/runs/20260616-134937
[13:49:37] 同步认证…
[13:49:37] 认证 OK
[13:49:37] 选定 Notebook: 505bdb1c-0034-4e14-89df-0b14bf3fc723
[13:49:40] --- batch 1/8: [L0] L0-positioning ---
[13:49:40] 清空会话上下文 (notebooklm clear)
[13:49:40] 提问 (161 字, nlm_timeout=120s)…
[13:50:18] 完成 L0-positioning (37.8s)
[13:50:18] 等待 8.0s…
[13:50:26] --- batch 2/8: [L1+L2] w15-forward-vs-backward ---
[13:50:26] 清空会话上下文 (notebooklm clear)
[13:50:26] 提问 (151 字, nlm_timeout=120s)…
[13:51:18] 完成 w15-forward-vs-backward (51.3s)
[13:51:18] 等待 8.0s…
[13:51:26] --- batch 3/8: [L2] w15-production-system ---
[13:51:26] 清空会话上下文 (notebooklm clear)
[13:51:26] 提问 (124 字, nlm_timeout=120s)…
[13:52:09] 完成 w15-production-system (43.5s)
[13:52:09] 等待 8.0s…
[13:52:17] --- batch 4/8: [L2+L3] w15-clips-syntax ---
[13:52:17] 清空会话上下文 (notebooklm clear)
[13:52:17] 提问 (204 字, nlm_timeout=120s)…
[13:53:03] 完成 w15-clips-syntax (45.6s)
[13:53:03] 等待 8.0s…
[13:53:11] --- batch 5/8: [L3] w15-complex-pattern ---
[13:53:11] 清空会话上下文 (notebooklm clear)
[13:53:11] 提问 (150 字, nlm_timeout=120s)…
[13:53:54] 完成 w15-complex-pattern (43.4s)
[13:53:54] 等待 8.0s…
[13:54:02] --- batch 6/8: [L1+L2] w15-animal-game ---
[13:54:02] 清空会话上下文 (notebooklm clear)
[13:54:03] 提问 (105 字, nlm_timeout=120s)…
[13:54:57] 完成 w15-animal-game (54.9s)
[13:54:57] 等待 8.0s…
[13:55:05] --- batch 7/8: [L4] w15-bridge ---
[13:55:05] 清空会话上下文 (notebooklm clear)
[13:55:06] 提问 (106 字, nlm_timeout=120s)…
[13:55:46] 完成 w15-bridge (40.6s)
[13:55:46] 等待 8.0s…
[13:55:54] --- batch 8/8: [L3] w15-mistakes ---
[13:55:54] 清空会话上下文 (notebooklm clear)
[13:55:54] 提问 (90 字, nlm_timeout=120s)…
[13:55:55] 尝试 1 失败 [unknown]: Server disconnected without sending a response.
[13:55:55] 重试 1/3，等待 15s…
[13:56:10] 提问 (90 字, nlm_timeout=120s)…
[13:57:01] 完成 w15-mistakes (66.8s, 重试 1 次)
[13:57:01] 采集结束: status=completed | ok=8 skipped=0 failed=0/8 | 重试 1 次 | 耗时 444.33s
--- OK week15 ---
=== DONE 2026-06-16T13:57:01+08:00 ===
