[17:27:42] 模块: ppt10 | 批次数: 6 | 输出: /home/thesumst/development/ai/notebooklm-raw/ppt10/runs/20260619-172742
[17:27:42] 同步认证…
[17:27:44] 认证 OK
[17:27:44] 选定 Notebook: 505bdb1c-0034-4e14-89df-0b14bf3fc723
[17:27:46] --- batch 1/6: [L1+L2] ppt10-part1-encoding ---
[17:27:46] 清空会话上下文 (notebooklm clear)
[17:27:46] 提问 (116 字, nlm_timeout=120s)…
[17:28:27] 完成 ppt10-part1-encoding (40.9s)
[17:28:27] 等待 6.0s…
[17:28:33] --- batch 2/6: [L2] ppt10-part2-fitness ---
[17:28:33] 清空会话上下文 (notebooklm clear)
[17:28:33] 提问 (77 字, nlm_timeout=120s)…
[17:29:29] 完成 ppt10-part2-fitness (56.2s)
[17:29:29] 等待 6.0s…
[17:29:35] --- batch 3/6: [L2+L3] ppt10-part3-operators ---
[17:29:35] 清空会话上下文 (notebooklm clear)
[17:29:36] 提问 (146 字, nlm_timeout=120s)…
[17:30:20] 完成 ppt10-part3-operators (44.9s)
[17:30:20] 等待 6.0s…
[17:30:26] --- batch 4/6: [L2] ppt10-part4-applications ---
[17:30:26] 清空会话上下文 (notebooklm clear)
[17:30:27] 提问 (65 字, nlm_timeout=120s)…
[17:31:11] 完成 ppt10-part4-applications (44.5s)
[17:31:11] 等待 6.0s…
[17:31:17] --- batch 5/6: [L2+L3] ppt10-part5-schema ---
[17:31:17] 清空会话上下文 (notebooklm clear)
[17:31:17] 提问 (192 字, nlm_timeout=120s)…
[17:32:07] 完成 ppt10-part5-schema (49.9s)
[17:32:07] 等待 6.0s…
[17:32:13] --- batch 6/6: [L3] ppt10-mistakes ---
[17:32:13] 清空会话上下文 (notebooklm clear)
[17:32:13] 提问 (67 字, nlm_timeout=120s)…
[17:33:04] 完成 ppt10-mistakes (50.5s)
[17:33:04] 采集结束: status=completed | ok=6 skipped=0 failed=0/6 | 重试 0 次 | 耗时 321.47s
