[16:35:36] 模块: ppt07 | 批次数: 6 | 输出: /home/thesumst/development/ai/notebooklm-raw/ppt07/runs/20260619-163536
[16:35:36] 同步认证…
[16:35:38] 认证 OK
[16:35:38] 选定 Notebook: 505bdb1c-0034-4e14-89df-0b14bf3fc723
[16:35:41] --- batch 1/6: [L1+L2] ppt07-part1-logic ---
[16:35:41] 清空会话上下文 (notebooklm clear)
[16:35:41] 提问 (191 字, nlm_timeout=120s)…
[16:36:29] 完成 ppt07-part1-logic (47.2s)
[16:36:29] 等待 8.0s…
[16:36:37] --- batch 2/6: [L2] ppt07-part2-clause-form ---
[16:36:37] 清空会话上下文 (notebooklm clear)
[16:36:37] 提问 (227 字, nlm_timeout=120s)…
[16:37:34] 完成 ppt07-part2-clause-form (56.6s)
[16:37:34] 等待 8.0s…
[16:37:42] --- batch 3/6: [L2+L3] ppt07-part2-resolution ---
[16:37:42] 清空会话上下文 (notebooklm clear)
[16:37:42] 提问 (168 字, nlm_timeout=120s)…
[16:38:51] 完成 ppt07-part2-resolution (69.4s)
[16:38:51] 等待 8.0s…
[16:38:59] --- batch 4/6: [L3] ppt07-part2-nl-to-logic ---
[16:38:59] 清空会话上下文 (notebooklm clear)
[16:39:00] 提问 (151 字, nlm_timeout=120s)…
[16:39:49] 完成 ppt07-part2-nl-to-logic (49.3s)
[16:39:49] 等待 8.0s…
[16:39:57] --- batch 5/6: [L2] ppt07-part3-prolog ---
[16:39:57] 清空会话上下文 (notebooklm clear)
[16:39:57] 提问 (219 字, nlm_timeout=120s)…
[16:40:44] 完成 ppt07-part3-prolog (47.4s)
[16:40:44] 等待 8.0s…
[16:40:52] --- batch 6/6: [L3] ppt07-mistakes ---
[16:40:52] 清空会话上下文 (notebooklm clear)
[16:40:53] 提问 (106 字, nlm_timeout=120s)…
[16:41:41] 完成 ppt07-mistakes (48.2s)
[16:41:41] 采集结束: status=completed | ok=6 skipped=0 failed=0/6 | 重试 0 次 | 耗时 364.31s
