[16:21:41] 模块: ppt03 | 批次数: 7 | 输出: /home/thesumst/development/ai/notebooklm-raw/ppt03/runs/20260619-162141
[16:21:41] 同步认证…
[16:21:42] 认证 OK
[16:21:42] 选定 Notebook: 505bdb1c-0034-4e14-89df-0b14bf3fc723
[16:21:45] --- batch 1/7: [L1+L2] ppt03-partA-architecture ---
[16:21:45] 清空会话上下文 (notebooklm clear)
[16:21:45] 提问 (280 字, nlm_timeout=120s)…
[16:22:30] 完成 ppt03-partA-architecture (44.6s)
[16:22:30] 等待 8.0s…
[16:22:38] --- batch 2/7: [L2] ppt03-partB-deftemplate ---
[16:22:38] 清空会话上下文 (notebooklm clear)
[16:22:38] 提问 (309 字, nlm_timeout=120s)…
[16:22:39] 尝试 1 失败 [unknown]: Server disconnected without sending a response.
[16:22:39] 重试 1/3，等待 15s…
[16:22:54] 提问 (309 字, nlm_timeout=120s)…
[16:23:35] 完成 ppt03-partB-deftemplate (57.1s, 重试 1 次)
[16:23:35] 等待 8.0s…
[16:23:43] --- batch 3/7: [L2] ppt03-partC-pattern ---
[16:23:43] 清空会话上下文 (notebooklm clear)
[16:23:43] 提问 (267 字, nlm_timeout=120s)…
[16:24:41] 完成 ppt03-partC-pattern (57.3s)
[16:24:41] 等待 8.0s…
[16:24:49] --- batch 4/7: [L2+L3] ppt03-partD-animal ---
[16:24:49] 清空会话上下文 (notebooklm clear)
[16:24:49] 提问 (300 字, nlm_timeout=120s)…
[16:25:37] 完成 ppt03-partD-animal (48.4s)
[16:25:37] 等待 8.0s…
[16:25:45] --- batch 5/7: [L2] ppt03-partE-rete ---
[16:25:45] 清空会话上下文 (notebooklm clear)
[16:25:45] 提问 (241 字, nlm_timeout=120s)…
[16:26:29] 完成 ppt03-partE-rete (44.0s)
[16:26:29] 等待 8.0s…
[16:26:37] --- batch 6/7: [L3] ppt03-mistakes ---
[16:26:37] 清空会话上下文 (notebooklm clear)
[16:26:38] 提问 (194 字, nlm_timeout=120s)…
[16:27:19] 完成 ppt03-mistakes (40.6s)
[16:27:19] 等待 8.0s…
[16:27:27] --- batch 7/7: [L4] ppt03-study-order ---
[16:27:27] 清空会话上下文 (notebooklm clear)
[16:27:27] 提问 (140 字, nlm_timeout=120s)…
[16:28:15] 完成 ppt03-study-order (48.2s)
[16:28:15] 采集结束: status=completed | ok=7 skipped=0 failed=0/7 | 重试 1 次 | 耗时 394.47s
