[01:57:56] 模块: week7 | 批次数: 13 | 输出: /home/thesumst/development/ai/notebooklm-raw/week7/runs/20260612-015756
[01:57:56] 同步认证…
[01:57:56] 认证 OK
[01:57:56] 选定 Notebook: 505bdb1c-0034-4e14-89df-0b14bf3fc723
[01:57:59] --- batch 1/13: [L0] L0-positioning ---
[01:57:59] 清空会话上下文 (notebooklm clear)
[01:57:59] 提问 (124 字, nlm_timeout=120s)…
[01:58:46] 完成 L0-positioning (47.5s)
[01:58:46] 等待 8.0s…
[01:58:54] --- batch 2/13: [L1+L2] w7-lti-discrete-conv ---
[01:58:54] 清空会话上下文 (notebooklm clear)
[01:58:54] 提问 (128 字, nlm_timeout=120s)…
[02:01:14] 完成 w7-lti-discrete-conv (139.5s)
[02:01:14] 等待 8.0s…
[02:01:22] --- batch 3/13: [L2] w7-cross-correlation ---
[02:01:22] 清空会话上下文 (notebooklm clear)
[02:01:22] 提问 (111 字, nlm_timeout=120s)…
[02:02:12] 完成 w7-cross-correlation (50.0s)
[02:02:12] 等待 8.0s…
[02:02:19] --- batch 4/13: [L1+L2] w7-classic-kernels ---
[02:02:19] 清空会话上下文 (notebooklm clear)
[02:02:19] 提问 (94 字, nlm_timeout=120s)…
[02:02:20] 尝试 1 失败 [unknown]: Server disconnected without sending a response.
[02:02:20] 重试 1/3，等待 15s…
[02:02:35] 提问 (94 字, nlm_timeout=120s)…
[02:03:14] 完成 w7-classic-kernels (55.3s, 重试 1 次)
[02:03:14] 等待 8.0s…
[02:03:22] --- batch 5/13: [L2] w7-padding ---
[02:03:22] 清空会话上下文 (notebooklm clear)
[02:03:22] 提问 (130 字, nlm_timeout=120s)…
[02:04:16] 完成 w7-padding (53.6s)
[02:04:16] 等待 8.0s…
[02:04:22] --- batch 6/13: [L2] w7-multichannel ---
[02:04:22] 清空会话上下文 (notebooklm clear)
[02:04:23] 提问 (120 字, nlm_timeout=120s)…
[02:05:09] 完成 w7-multichannel (46.9s)
[02:05:09] 等待 8.0s…
[02:05:17] --- batch 7/13: [L1+L2] w7-relu-bn ---
[02:05:17] 清空会话上下文 (notebooklm clear)
[02:05:18] 提问 (135 字, nlm_timeout=120s)…
[02:06:01] 完成 w7-relu-bn (42.9s)
[02:06:01] 等待 8.0s…
[02:06:09] --- batch 8/13: [L2] w7-pooling-detail ---
[02:06:09] 清空会话上下文 (notebooklm clear)
[02:06:09] 提问 (104 字, nlm_timeout=120s)…
[02:06:51] 完成 w7-pooling-detail (42.7s)
[02:06:51] 等待 8.0s…
[02:06:59] --- batch 9/13: [L3] w7-lenet-numeric ---
[02:06:59] 清空会话上下文 (notebooklm clear)
[02:07:00] 提问 (126 字, nlm_timeout=120s)…
[02:07:41] 完成 w7-lenet-numeric (41.4s)
[02:07:41] 等待 8.0s…
[02:07:49] --- batch 10/13: [L3] w7-conv-numeric ---
[02:07:49] 清空会话上下文 (notebooklm clear)
[02:07:49] 提问 (120 字, nlm_timeout=120s)…
[02:08:27] 完成 w7-conv-numeric (37.6s)
[02:08:27] 等待 8.0s…
[02:08:35] --- batch 11/13: [L4] w7-w47-bridge ---
[02:08:35] 清空会话上下文 (notebooklm clear)
[02:08:35] 提问 (80 字, nlm_timeout=120s)…
[02:09:16] 完成 w7-w47-bridge (41.3s)
[02:09:16] 等待 8.0s…
[02:09:24] --- batch 12/13: [L3] w7-mistakes ---
[02:09:24] 清空会话上下文 (notebooklm clear)
[02:09:24] 提问 (87 字, nlm_timeout=120s)…
[02:10:12] 完成 w7-mistakes (47.8s)
[02:10:12] 等待 8.0s…
[02:10:20] --- batch 13/13: [L4] w7-study-order ---
[02:10:20] 清空会话上下文 (notebooklm clear)
[02:10:20] 提问 (77 字, nlm_timeout=120s)…
[02:11:05] 完成 w7-study-order (44.9s)
[02:11:05] 采集结束: status=completed | ok=13 skipped=0 failed=0/13 | 重试 1 次 | 耗时 789.82s
