[12:48:52] 模块: week8 | 批次数: 13 | 输出: /home/thesumst/.cursor/worktrees/ai__SSH__wsl_/zodi/notebooklm-raw/week8/runs/20260616-124852
[12:48:52] 同步认证…
[12:48:52] 认证 OK
[12:48:52] 选定 Notebook: 505bdb1c-0034-4e14-89df-0b14bf3fc723
[12:48:56] --- batch 1/13: [L0] L0-positioning ---
[12:48:56] 清空会话上下文 (notebooklm clear)
[12:48:56] 提问 (114 字, nlm_timeout=120s)…
[12:49:41] 完成 L0-positioning (45.7s)
[12:49:41] 等待 8.0s…
[12:49:49] --- batch 2/13: [L1+L2] w8-generative-goal ---
[12:49:49] 清空会话上下文 (notebooklm clear)
[12:49:49] 提问 (102 字, nlm_timeout=120s)…
[12:50:32] 完成 w8-generative-goal (42.3s)
[12:50:32] 等待 8.0s…
[12:50:40] --- batch 3/13: [L2] w8-vae-elbo ---
[12:50:40] 清空会话上下文 (notebooklm clear)
[12:50:40] 提问 (115 字, nlm_timeout=120s)…
[12:51:29] 完成 w8-vae-elbo (48.8s)
[12:51:29] 等待 8.0s…
[12:51:37] --- batch 4/13: [L2] w8-reparameterization ---
[12:51:37] 清空会话上下文 (notebooklm clear)
[12:51:37] 提问 (75 字, nlm_timeout=120s)…
[12:52:34] 完成 w8-reparameterization (57.2s)
[12:52:34] 等待 8.0s…
[12:52:42] --- batch 5/13: [L1+L2] w8-vae-compactness ---
[12:52:42] 清空会话上下文 (notebooklm clear)
[12:52:42] 提问 (90 字, nlm_timeout=120s)…
[12:53:28] 完成 w8-vae-compactness (45.8s)
[12:53:28] 等待 8.0s…
[12:53:36] --- batch 6/13: [L1+L2] w8-diffusion ---
[12:53:36] 清空会话上下文 (notebooklm clear)
[12:53:36] 提问 (84 字, nlm_timeout=120s)…
[12:54:16] 完成 w8-diffusion (40.2s)
[12:54:16] 等待 8.0s…
[12:54:24] --- batch 7/13: [L2] w8-flow-matching ---
[12:54:24] 清空会话上下文 (notebooklm clear)
[12:54:24] 提问 (97 字, nlm_timeout=120s)…
[12:55:23] 完成 w8-flow-matching (59.0s)
[12:55:23] 等待 8.0s…
[12:55:31] --- batch 8/13: [L1+L2] w8-gan ---
[12:55:31] 清空会话上下文 (notebooklm clear)
[12:55:32] 提问 (87 字, nlm_timeout=120s)…
[12:56:17] 完成 w8-gan (45.1s)
[12:56:17] 等待 8.0s…
[12:56:25] --- batch 9/13: [L3] w8-model-compare ---
[12:56:25] 清空会话上下文 (notebooklm clear)
[12:56:25] 提问 (80 字, nlm_timeout=120s)…
[12:57:12] 完成 w8-model-compare (46.9s)
[12:57:12] 等待 8.0s…
[12:57:20] --- batch 10/13: [L4] w8-bridge-w67 ---
[12:57:20] 清空会话上下文 (notebooklm clear)
[12:57:20] 提问 (69 字, nlm_timeout=120s)…
[12:58:49] 完成 w8-bridge-w67 (89.5s)
[12:58:49] 等待 8.0s…
[12:58:57] --- batch 11/13: [L4] w8-bridge-w10 ---
[12:58:57] 清空会话上下文 (notebooklm clear)
[12:58:57] 提问 (53 字, nlm_timeout=120s)…
[12:59:41] 完成 w8-bridge-w10 (43.2s)
[12:59:41] 等待 8.0s…
[12:59:49] --- batch 12/13: [L3] w8-mistakes ---
[12:59:49] 清空会话上下文 (notebooklm clear)
[12:59:49] 提问 (75 字, nlm_timeout=120s)…
[13:00:43] 完成 w8-mistakes (53.9s)
[13:00:43] 等待 8.0s…
[13:00:51] --- batch 13/13: [L4] w8-study-order ---
[13:00:51] 清空会话上下文 (notebooklm clear)
[13:00:51] 提问 (54 字, nlm_timeout=120s)…
[13:02:29] 完成 w8-study-order (98.1s)
[13:02:29] 采集结束: status=completed | ok=13 skipped=0 failed=0/13 | 重试 0 次 | 耗时 816.81s
