[14:57:35] 模块: week3-4 | 批次数: 1 | 输出: /home/thesumst/development/ai/notebooklm-raw/week3-4/runs/20260610-145735
[14:57:35] 同步认证…
[14:57:35] 认证 OK
[14:57:35] 选定 Notebook: 505bdb1c
[14:57:39] --- batch 1/1: [L0] L0-subtopic-map ---
[14:57:39] 清空会话上下文 (notebooklm clear)
[14:57:39] 提问 (318 字)…
[14:57:42] 失败 L0-subtopic-map (3.6s): notebooklm ask 失败 (exit 1):
stdout:
{
  "error": true,
  "code": "ERROR",
  "message": "Authentication expired or invalid. Redirected to: https://accounts.google.com/v3/signin/identifier?continue=https%3A%2F%2Fnotebooklm.google.com%2Flogin%3Fcontinue%3Dhttps%3A%2F%2Fnotebooklm.google.com%2F&dsh=S1376102996%3A1781074659985174&followup=https%3A%2F%2Fnotebooklm.google.com%2Flogin%3Fcontinue%3Dhttps%3A%2F%2Fnotebooklm.google.com%2F&osid=1&passive=1209600&flowName=WebLiteSignIn&flowEntry=ServiceLogin&ifkv=AcDsRvwOi2QHY2shJn9KP_k-wY_nizEMwpic1Zux8iz2fH1dUhujCdlXSe2NUGZF0Tt0Jg2f8TCP\nRun 'notebooklm login' to re-authenticate."
}

stderr:

[14:57:42] 运行中止: notebooklm ask 失败 (exit 1):
stdout:
{
  "error": true,
  "code": "ERROR",
  "message": "Authentication expired or invalid. Redirected to: https://accounts.google.com/v3/signin/identifier?continue=https%3A%2F%2Fnotebooklm.google.com%2Flogin%3Fcontinue%3Dhttps%3A%2F%2Fnotebooklm.google.com%2F&dsh=S1376102996%3A1781074659985174&followup=https%3A%2F%2Fnotebooklm.google.com%2Flogin%3Fcontinue%3Dhttps%3A%2F%2Fnotebooklm.google.com%2F&osid=1&passive=1209600&flowName=WebLiteSignIn&flowEntry=ServiceLogin&ifkv=AcDsRvwOi2QHY2shJn9KP_k-wY_nizEMwpic1Zux8iz2fH1dUhujCdlXSe2NUGZF0Tt0Jg2f8TCP\nRun 'notebooklm login' to re-authenticate."
}

stderr:

