[16:46:31] 模块: ppt01 | 批次数: 3 | 输出: /home/thesumst/development/ai/notebooklm-raw/ppt01/runs/20260619-164631
[16:46:31] 同步认证…
[16:46:33] 认证 OK
[16:46:33] 选定 Notebook: 505bdb1c-0034-4e14-89df-0b14bf3fc723
[16:46:36] --- batch 1/3: [L1+L2] ppt01-partA-logic ---
[16:46:36] 清空会话上下文 (notebooklm clear)
[16:46:36] 提问 (239 字, nlm_timeout=120s)…
[16:54:28] 模块: ppt01 | 批次数: 1 | 输出: /home/thesumst/development/ai/notebooklm-raw/ppt01/runs/20260619-164631
[16:54:28] 同步认证…
[16:54:29] 认证 OK
[16:54:29] 选定 Notebook: 505bdb1c-0034-4e14-89df-0b14bf3fc723
[16:54:31] --- batch 1/1: [L1+L2] ppt01-partA-logic ---
[16:54:31] 清空会话上下文 (notebooklm clear)
[16:54:32] 提问 (239 字, nlm_timeout=120s)…
[16:55:24] 完成 ppt01-partA-logic (52.9s)
[16:55:25] 采集结束: status=partial | ok=1 skipped=0 failed=0/3 | 重试 0 次 | 耗时 56.78s
[16:56:40] 模块: ppt01 | 批次数: 3 | 输出: /home/thesumst/development/ai/notebooklm-raw/ppt01/runs/20260619-164631
[16:56:40] 同步认证…
[16:56:41] 认证 OK
[16:56:41] 选定 Notebook: 505bdb1c-0034-4e14-89df-0b14bf3fc723
[16:56:44] --- batch 2/3: [L1+L2] ppt01-partB-production ---
[16:56:44] 清空会话上下文 (notebooklm clear)
[16:56:44] 提问 (214 字, nlm_timeout=120s)…
[16:57:32] 完成 ppt01-partB-production (47.8s)
[16:57:32] 等待 6.0s…
[16:57:38] --- batch 3/3: [L1] ppt01-supplement-overview ---
[16:57:38] 清空会话上下文 (notebooklm clear)
[16:57:38] 提问 (156 字, nlm_timeout=120s)…
[16:58:18] 完成 ppt01-supplement-overview (40.1s)
[16:58:18] 采集结束: status=completed | ok=3 skipped=0 failed=0/3 | 重试 0 次 | 耗时 97.75s
