[17:03:59] 模块: ppt04 | 批次数: 6 | 输出: /home/thesumst/development/ai/notebooklm-raw/ppt04/runs/20260619-170359
[17:03:59] 同步认证…
[17:04:00] 认证 OK
[17:04:00] 选定 Notebook: 505bdb1c-0034-4e14-89df-0b14bf3fc723
[17:04:03] --- batch 1/6: [L1+L2] ppt04-partA-representation ---
[17:04:03] 清空会话上下文 (notebooklm clear)
[17:04:03] 提问 (115 字, nlm_timeout=120s)…
[17:04:52] 完成 ppt04-partA-representation (49.4s)
[17:04:52] 等待 6.0s…
[17:04:58] --- batch 2/6: [L2] ppt04-partB-entropy ---
[17:04:58] 清空会话上下文 (notebooklm clear)
[17:04:59] 提问 (154 字, nlm_timeout=120s)…
[17:05:44] 完成 ppt04-partB-entropy (45.8s)
[17:05:44] 等待 6.0s…
[17:05:50] --- batch 3/6: [L2+L3] ppt04-partC-gain ---
[17:05:50] 清空会话上下文 (notebooklm clear)
[17:05:51] 提问 (179 字, nlm_timeout=120s)…
[17:06:33] 完成 ppt04-partC-gain (42.7s)
[17:06:33] 等待 6.0s…
[17:06:39] --- batch 4/6: [L2] ppt04-partD-induction ---
[17:06:39] 清空会话上下文 (notebooklm clear)
[17:06:39] 提问 (98 字, nlm_timeout=120s)…
[17:07:21] 完成 ppt04-partD-induction (41.8s)
[17:07:21] 等待 6.0s…
[17:07:27] --- batch 5/6: [L1] ppt04-partE-application ---
[17:07:27] 清空会话上下文 (notebooklm clear)
[17:07:27] 提问 (64 字, nlm_timeout=120s)…
[17:08:06] 完成 ppt04-partE-application (38.4s)
[17:08:06] 等待 6.0s…
[17:08:12] --- batch 6/6: [L3] ppt04-mistakes ---
[17:08:12] 清空会话上下文 (notebooklm clear)
[17:08:12] 提问 (72 字, nlm_timeout=120s)…
[17:09:05] 完成 ppt04-mistakes (52.7s)
[17:09:05] 采集结束: status=completed | ok=6 skipped=0 failed=0/6 | 重试 0 次 | 耗时 305.61s
