[16:58:25] 模块: ppt02 | 批次数: 6 | 输出: /home/thesumst/development/ai/notebooklm-raw/ppt02/runs/20260619-165825
[16:58:25] 同步认证…
[16:58:27] 认证 OK
[16:58:27] 选定 Notebook: 505bdb1c-0034-4e14-89df-0b14bf3fc723
[16:58:30] --- batch 1/6: [L1+L2] ppt02-partA-kr-basics ---
[16:58:30] 清空会话上下文 (notebooklm clear)
[16:58:30] 提问 (200 字, nlm_timeout=120s)…
[16:59:31] 完成 ppt02-partA-kr-basics (61.0s)
[16:59:31] 等待 6.0s…
[16:59:37] --- batch 2/6: [L1+L2] ppt02-partB-semantic ---
[16:59:37] 清空会话上下文 (notebooklm clear)
[16:59:37] 提问 (182 字, nlm_timeout=120s)…
[17:00:24] 完成 ppt02-partB-semantic (46.2s)
[17:00:24] 等待 6.0s…
[17:00:30] --- batch 3/6: [L2] ppt02-partC-frames ---
[17:00:30] 清空会话上下文 (notebooklm clear)
[17:00:30] 提问 (148 字, nlm_timeout=120s)…
[17:01:16] 完成 ppt02-partC-frames (46.2s)
[17:01:16] 等待 6.0s…
[17:01:22] --- batch 4/6: [L2+L3] ppt02-partD-conceptual-graph ---
[17:01:22] 清空会话上下文 (notebooklm clear)
[17:01:22] 提问 (196 字, nlm_timeout=120s)…
[17:02:09] 完成 ppt02-partD-conceptual-graph (46.6s)
[17:02:09] 等待 6.0s…
[17:02:15] --- batch 5/6: [L1] ppt02-partE-overview ---
[17:02:15] 清空会话上下文 (notebooklm clear)
[17:02:15] 提问 (92 字, nlm_timeout=120s)…
[17:02:57] 完成 ppt02-partE-overview (42.5s)
[17:02:57] 等待 6.0s…
[17:03:03] --- batch 6/6: [L3] ppt02-mistakes ---
[17:03:03] 清空会话上下文 (notebooklm clear)
[17:03:03] 提问 (87 字, nlm_timeout=120s)…
[17:03:59] 完成 ppt02-mistakes (55.5s)
[17:03:59] 采集结束: status=completed | ok=6 skipped=0 failed=0/6 | 重试 0 次 | 耗时 334.38s
